base,gx,gy,gz
1,-0.00+0.00im,0.00+-0.00im,0.00+0.00im
2,0.00+0.00im,0.00+0.00im,0.00+0.00im
3,0.00+0.00im,0.00+0.00im,0.00+0.00im
4,0.00+0.00im,0.00+0.00im,-0.00+0.00im
5,-0.00+0.00im,0.00+0.00im,0.00+0.00im
6,-0.00+0.00im,0.00+0.00im,0.00+0.00im
7,0.00+0.00im,0.00+0.00im,0.00+0.00im
8,0.00+0.00im,0.00+0.00im,0.00+0.00im
9,0.00+0.00im,0.00+0.00im,0.00+0.00im
10,0.00+0.00im,0.00+0.00im,0.00+0.00im
11,0.00+0.00im,0.00+0.00im,0.00+0.00im
12,-0.00+0.00im,0.00+0.00im,0.00+0.00im
13,-0.00+0.00im,0.00+0.00im,0.00+0.00im
14,0.00+0.00im,0.00+0.00im,0.00+0.00im
15,0.00+0.00im,0.00+0.00im,0.00+0.00im
16,0.00+0.00im,0.00+0.00im,0.00+0.00im
17,0.00+0.00im,0.00+0.00im,0.00+0.00im
18,0.00+0.00im,0.00+0.00im,0.00+0.00im
19,0.00+0.00im,0.00+0.00im,-0.00+0.00im
20,-0.00+0.00im,0.00+0.00im,0.00+0.00im
21,0.00+0.00im,0.00+0.00im,-0.00+0.00im
22,0.00+0.00im,0.00+0.00im,0.00+0.00im
23,0.00+0.00im,0.00+0.00im,0.00+0.00im
24,0.00+0.00im,0.00+0.00im,0.00+0.00im
25,0.00+0.00im,0.00+0.00im,0.00+0.00im
26,0.00+0.00im,0.00+0.00im,0.00+0.00im
27,0.00+0.00im,0.00+0.00im,0.00+0.00im
28,0.00+0.00im,0.00+0.00im,0.00+0.00im
29,0.00+0.00im,0.00+0.00im,0.00+0.00im
30,-0.00+0.00im,0.00+0.00im,0.00+0.00im
31,0.00+0.00im,0.00+0.00im,0.00+0.00im
32,0.00+0.00im,0.00+0.00im,0.00+0.00im
33,-0.00+0.00im,0.00+0.00im,0.00+0.00im
34,-0.00+0.00im,0.00+0.00im,-0.00+0.00im
35,0.00+0.00im,0.00+0.00im,0.00+0.00im
36,0.00+0.00im,0.00+0.00im,0.00+0.00im
37,-0.00+0.00im,0.00+0.00im,0.00+0.00im
38,0.00+0.00im,0.00+0.00im,-0.00+0.00im
39,0.00+0.00im,0.00+0.00im,0.00+0.00im
40,0.00+0.00im,0.00+0.00im,0.00+0.00im
41,0.00+0.00im,0.00+0.00im,0.00+0.00im
42,0.00+0.00im,0.00+0.00im,0.00+0.00im
43,0.00+0.00im,0.00+0.00im,-0.00+0.00im
44,0.00+0.00im,0.00+0.00im,0.00+0.00im
45,-0.00+0.00im,0.00+0.00im,0.00+0.00im
46,0.00+0.00im,0.00+0.00im,0.00+0.00im
47,0.00+0.00im,0.00+0.00im,0.00+0.00im
48,0.00+0.00im,0.00+0.00im,0.00+0.00im
49,0.00+0.00im,0.00+0.00im,0.00+0.00im
50,0.00+0.00im,0.00+0.00im,0.00+0.00im
51,0.00+0.00im,0.00+0.00im,0.00+0.00im
52,0.00+0.00im,0.00+0.00im,-0.00+0.00im
53,0.00+0.00im,0.00+0.00im,-0.00+0.00im
54,0.00+0.00im,0.00+0.00im,0.00+0.00im
55,0.00+0.00im,0.00+0.00im,0.00+0.00im
56,0.00+0.00im,0.00+0.00im,-0.00+0.00im
57,0.00+0.00im,0.00+0.00im,-0.00+0.00im
58,-0.00+0.00im,0.00+0.00im,0.00+0.00im
59,0.00+0.00im,0.00+0.00im,0.00+0.00im
60,0.00+0.00im,0.00+0.00im,0.00+0.00im
61,0.00+0.00im,0.00+0.00im,0.00+0.00im
62,0.00+0.00im,0.00+0.00im,-0.00+0.00im
63,0.00+0.00im,0.00+0.00im,0.00+0.00im
64,-0.00+0.00im,0.00+0.00im,0.00+0.00im
65,0.00+0.00im,0.00+0.00im,0.00+0.00im
66,0.00+0.00im,0.00+0.00im,0.00+0.00im
67,0.00+0.00im,0.00+0.00im,0.00+0.00im
68,0.00+0.00im,0.00+0.00im,0.00+0.00im
69,-0.00+0.00im,0.00+0.00im,0.00+0.00im
70,-0.00+0.00im,0.00+0.00im,0.00+0.00im
71,0.00+0.00im,0.00+0.00im,0.00+0.00im
72,0.00+0.00im,0.00+0.00im,0.00+0.00im
73,0.00+0.00im,0.00+0.00im,-0.00+0.00im
74,0.00+0.00im,0.00+0.00im,-0.00+0.00im
75,0.00+0.00im,0.00+0.00im,0.00+0.00im
76,0.00+0.00im,0.00+0.00im,0.00+0.00im
77,-0.00+0.00im,0.00+0.00im,-0.00+0.00im
78,-0.00+0.00im,0.00+0.00im,0.00+0.00im
79,0.00+0.00im,0.00+0.00im,-0.00+0.00im
80,0.00+0.00im,0.00+0.00im,0.00+0.00im
81,-0.00+0.00im,0.00+0.00im,0.00+0.00im
82,-0.00+0.00im,0.00+0.00im,0.00+0.00im
83,0.00+0.00im,0.00+0.00im,0.00+0.00im
84,0.00+0.00im,0.00+0.00im,0.00+0.00im
85,0.00+0.00im,0.00+0.00im,0.00+0.00im
86,0.00+0.00im,0.00+0.00im,0.00+0.00im
87,-0.00+0.00im,0.00+0.00im,-0.00+0.00im
88,-0.00+0.00im,0.00+0.00im,0.00+0.00im
89,0.00+0.00im,0.00+0.00im,0.00+0.00im
90,0.00+0.00im,0.00+0.00im,0.00+0.00im
91,0.00+0.00im,0.00+0.00im,0.00+0.00im
92,-0.00+0.00im,0.00+0.00im,-0.00+0.00im
93,0.00+0.00im,0.00+0.00im,0.00+0.00im
94,0.00+0.00im,0.00+0.00im,0.00+0.00im
95,-0.00+0.00im,0.00+0.00im,0.00+0.00im
96,0.00+0.00im,0.00+0.00im,-0.00+0.00im
97,-0.00+0.00im,0.00+0.00im,0.00+0.00im
98,0.00+0.00im,0.00+0.00im,0.00+0.00im
99,-0.00+0.00im,0.00+0.00im,0.00+0.00im
100,-0.00+0.00im,0.00+0.00im,-0.00+0.00im
101,0.00+0.00im,0.00+0.00im,-0.00+0.00im
102,-0.00+0.00im,0.00+0.00im,0.00+0.00im
103,0.00+0.00im,0.00+0.00im,0.00+0.00im
104,0.00+0.00im,0.00+0.00im,-0.00+0.00im
105,0.00+0.00im,0.00+0.00im,-0.00+0.00im
106,0.00+0.00im,0.00+0.00im,0.00+0.00im
107,-0.00+0.00im,0.00+0.00im,-0.00+0.00im
108,0.00+0.00im,0.00+0.00im,0.00+0.00im
109,-0.00+0.00im,0.00+0.00im,0.00+0.00im
110,0.00+0.00im,0.00+0.00im,0.00+0.00im
111,-0.00+0.00im,0.00+0.00im,0.00+0.00im
112,0.00+0.00im,0.00+0.00im,0.00+0.00im
113,0.00+0.00im,0.00+0.00im,0.00+0.00im
114,-0.00+0.00im,0.00+0.00im,-0.00+0.00im
115,-0.00+0.00im,0.00+0.00im,0.00+0.00im
116,0.00+0.00im,0.00+0.00im,-0.00+0.00im
117,-0.00+0.00im,0.00+0.00im,-0.00+0.00im
118,0.00+0.00im,0.00+0.00im,0.00+0.00im
119,-0.00+0.00im,0.00+0.00im,0.00+0.00im
120,0.00+0.00im,0.00+0.00im,-0.00+0.00im
121,-0.00+0.00im,0.00+0.00im,-0.00+0.00im
122,-0.00+0.00im,0.00+0.00im,-0.00+0.00im
123,0.00+0.00im,0.00+0.00im,-0.00+0.00im
124,-0.00+0.00im,0.00+0.00im,-0.00+0.00im
125,0.00+0.00im,0.00+0.00im,0.00+0.00im
126,0.00+0.00im,0.00+0.00im,-0.00+0.00im
127,-0.00+0.00im,0.00+0.00im,-0.00+0.00im
128,0.00+0.00im,0.00+0.00im,0.00+0.00im
129,0.00+0.00im,0.00+0.00im,0.00+0.00im
130,0.00+0.00im,0.00+0.00im,0.00+0.00im
131,-0.00+0.00im,0.00+0.00im,0.00+0.00im
132,-0.00+0.00im,0.00+0.00im,0.00+0.00im
133,0.00+0.00im,0.00+0.00im,-0.00+0.00im
134,0.00+0.00im,0.00+0.00im,-0.00+0.00im
135,0.00+0.00im,0.00+0.00im,-0.00+0.00im
136,0.00+0.00im,0.00+0.00im,-0.00+0.00im
137,0.00+0.00im,0.00+0.00im,-0.00+0.00im
138,0.00+0.00im,0.00+0.00im,-0.00+0.00im
139,-0.00+0.00im,0.00+0.00im,0.00+0.00im
140,-0.00+0.00im,0.00+0.00im,0.00+0.00im
141,0.00+0.00im,0.00+0.00im,0.00+0.00im
142,-0.00+0.00im,0.00+0.00im,-0.00+0.00im
143,0.00+0.00im,0.00+0.00im,0.00+0.00im
144,0.00+0.00im,0.00+0.00im,0.00+0.00im
145,-0.00+0.00im,0.00+0.00im,-0.00+0.00im
146,-0.00+0.00im,0.00+0.00im,-0.00+0.00im
147,0.00+0.00im,0.00+0.00im,0.00+0.00im
148,0.00+0.00im,0.00+0.00im,0.00+0.00im
149,0.00+0.00im,0.00+0.00im,0.00+0.00im
150,0.00+0.00im,0.00+0.00im,0.00+0.00im
151,-0.00+0.00im,0.00+0.00im,0.00+0.00im
152,0.00+0.00im,0.00+0.00im,-0.00+0.00im
153,0.00+0.00im,0.00+0.00im,0.00+0.00im
154,-0.00+0.00im,0.00+0.00im,0.00+0.00im
155,0.00+0.00im,0.00+0.00im,0.00+0.00im
156,-0.00+0.00im,0.00+0.00im,-0.00+0.00im
157,0.00+0.00im,0.00+0.00im,0.00+0.00im
158,-0.00+0.00im,0.00+0.00im,0.00+0.00im
159,0.00+0.00im,0.00+0.00im,0.00+0.00im
160,0.00+0.00im,0.00+0.00im,-0.00+0.00im
161,0.00+0.00im,0.00+0.00im,0.00+0.00im
162,0.00+0.00im,0.00+0.00im,0.00+0.00im
163,0.00+0.00im,0.00+0.00im,-0.00+0.00im
164,0.00+0.00im,0.00+0.00im,0.00+0.00im
165,0.00+0.00im,0.00+0.00im,-0.00+0.00im
166,0.00+0.00im,0.00+0.00im,0.00+0.00im
167,0.00+0.00im,0.00+0.00im,0.00+0.00im
168,0.00+0.00im,0.00+0.00im,-0.00+0.00im
169,0.00+0.00im,0.00+0.00im,-0.00+0.00im
170,0.00+0.00im,0.00+0.00im,0.00+0.00im
171,-0.00+0.00im,0.00+0.00im,0.00+0.00im
172,-0.00+0.00im,0.00+0.00im,0.00+0.00im
173,0.00+0.00im,0.00+0.00im,0.00+0.00im
174,-0.00+0.00im,0.00+0.00im,-0.00+0.00im
175,0.00+0.00im,0.00+0.00im,-0.00+0.00im
176,0.00+0.00im,0.00+0.00im,0.00+0.00im
177,0.00+0.00im,0.00+0.00im,-0.00+0.00im
178,-0.00+0.00im,0.00+0.00im,-0.00+0.00im
179,-0.00+0.00im,0.00+0.00im,0.00+0.00im
180,0.00+0.00im,0.00+0.00im,-0.00+0.00im
181,0.00+0.00im,0.00+0.00im,0.00+0.00im
182,0.00+0.00im,0.00+0.00im,0.00+0.00im
183,0.00+0.00im,0.00+0.00im,0.00+0.00im
184,0.00+0.00im,0.00+0.00im,-0.00+0.00im
185,0.00+0.00im,0.00+0.00im,0.00+0.00im
186,0.00+0.00im,0.00+0.00im,0.00+0.00im
187,-0.00+0.00im,0.00+0.00im,0.00+0.00im
188,0.00+0.00im,0.00+0.00im,0.00+0.00im
189,-0.00+0.00im,0.00+0.00im,0.00+0.00im
190,-0.00+0.00im,0.00+0.00im,-0.00+0.00im
191,0.00+0.00im,0.00+0.00im,-0.00+0.00im
192,-0.00+0.00im,0.00+0.00im,-0.00+0.00im
193,0.00+0.00im,0.00+0.00im,0.00+0.00im
194,-0.00+0.00im,0.00+0.00im,0.00+0.00im
195,0.00+0.00im,0.00+0.00im,0.00+0.00im
196,0.00+0.00im,0.00+0.00im,0.00+0.00im
197,0.00+0.00im,0.00+0.00im,0.00+0.00im
198,-0.00+0.00im,0.00+0.00im,-0.00+0.00im
199,-0.00+0.00im,0.00+0.00im,0.00+0.00im
200,0.00+0.00im,0.00+0.00im,0.00+0.00im
201,-0.00+0.00im,0.00+0.00im,-0.00+0.00im
202,-0.00+0.00im,0.00+0.00im,-0.00+0.00im
203,0.00+0.00im,0.00+0.00im,0.00+0.00im
204,0.00+0.00im,0.00+0.00im,0.00+0.00im
205,-0.00+0.00im,0.00+0.00im,0.00+0.00im
206,0.00+0.00im,0.00+0.00im,0.00+0.00im
207,0.00+0.00im,0.00+0.00im,0.00+0.00im
208,0.00+0.00im,0.00+0.00im,0.00+0.00im
209,-0.00+0.00im,0.00+0.00im,0.00+0.00im
210,0.00+0.00im,0.00+0.00im,0.00+0.00im
211,0.00+0.00im,0.00+0.00im,-0.00+0.00im
212,-0.00+0.00im,0.00+0.00im,0.00+0.00im
213,0.00+0.00im,0.00+0.00im,-0.00+0.00im
214,-0.00+0.00im,0.00+0.00im,-0.00+0.00im
215,0.00+0.00im,0.00+0.00im,0.00+0.00im
216,-0.00+0.00im,0.00+0.00im,0.00+0.00im
217,0.00+0.00im,0.00+0.00im,0.00+0.00im
218,0.00+0.00im,0.00+0.00im,-0.00+0.00im
219,0.00+0.00im,0.00+0.00im,0.00+0.00im
220,0.00+0.00im,0.00+0.00im,0.00+0.00im
221,0.00+0.00im,0.00+0.00im,0.00+0.00im
222,0.00+0.00im,0.00+0.00im,-0.00+0.00im
223,-0.00+0.00im,0.00+0.00im,0.00+0.00im
224,0.00+0.00im,0.00+0.00im,0.00+0.00im
225,0.00+0.00im,0.00+0.00im,-0.00+0.00im
226,0.00+0.00im,0.00+0.00im,-0.00+0.00im
227,-0.00+0.00im,0.00+0.00im,0.00+0.00im
228,-0.00+0.00im,0.00+0.00im,0.00+0.00im
229,-0.00+0.00im,0.00+0.00im,-0.00+0.00im
230,0.00+0.00im,0.00+0.00im,0.00+0.00im
231,0.00+0.00im,0.00+0.00im,0.00+0.00im
232,-0.00+0.00im,0.00+0.00im,0.00+0.00im
233,-0.00+0.00im,0.00+0.00im,0.00+0.00im
234,0.00+0.00im,0.00+0.00im,0.00+0.00im
235,0.00+0.00im,0.00+0.00im,0.00+0.00im
236,-0.00+0.00im,0.00+0.00im,0.00+0.00im
237,0.00+0.00im,0.00+0.00im,0.00+0.00im
238,0.00+0.00im,0.00+0.00im,0.00+0.00im
239,-0.00+0.00im,0.00+0.00im,0.00+0.00im
240,-0.00+0.00im,0.00+0.00im,0.00+0.00im
241,0.00+0.00im,0.00+0.00im,0.00+0.00im
242,-0.00+0.00im,0.00+0.00im,0.00+0.00im
243,0.00+0.00im,0.00+0.00im,0.00+0.00im
244,-0.00+0.00im,0.00+0.00im,0.00+0.00im
245,0.00+0.00im,0.00+0.00im,0.00+0.00im
246,0.00+0.00im,0.00+0.00im,-0.00+0.00im
247,0.00+0.00im,0.00+0.00im,-0.00+0.00im
248,0.00+0.00im,0.00+0.00im,-0.00+0.00im
249,-0.00+0.00im,0.00+0.00im,0.00+0.00im
250,0.00+0.00im,0.00+0.00im,0.00+0.00im
251,-0.00+0.00im,0.00+0.00im,0.00+0.00im
252,-0.00+0.00im,0.00+0.00im,0.00+0.00im
253,0.00+0.00im,0.00+0.00im,-0.00+0.00im
254,-0.00+0.00im,0.00+0.00im,0.00+0.00im
255,0.00+0.00im,0.00+0.00im,0.00+0.00im
256,0.00+0.00im,0.00+0.00im,-0.00+0.00im
257,0.00+0.00im,0.00+0.00im,0.00+0.00im
258,-0.00+0.00im,0.00+0.00im,-0.00+0.00im
259,-0.00+0.00im,0.00+0.00im,0.00+0.00im
260,-0.00+0.00im,0.00+0.00im,0.00+0.00im
261,-0.00+0.00im,0.00+0.00im,0.00+0.00im
262,-0.00+0.00im,0.00+0.00im,-0.00+0.00im
263,0.00+0.00im,0.00+0.00im,-0.00+0.00im
264,0.00+0.00im,0.00+0.00im,-0.00+0.00im
265,0.00+0.00im,0.00+0.00im,0.00+0.00im
266,-0.00+0.00im,0.00+0.00im,-0.00+0.00im
267,0.00+0.00im,0.00+0.00im,0.00+0.00im
268,0.00+0.00im,0.00+0.00im,-0.00+0.00im
269,0.00+0.00im,0.00+0.00im,-0.00+0.00im
270,0.00+0.00im,0.00+0.00im,-0.00+0.00im
271,0.00+0.00im,0.00+0.00im,-0.00+0.00im
272,0.00+0.00im,0.00+0.00im,0.00+0.00im
273,-0.00+0.00im,0.00+0.00im,-0.00+0.00im
274,0.00+0.00im,0.00+0.00im,-0.00+0.00im
275,0.00+0.00im,0.00+0.00im,0.00+0.00im
276,0.00+0.00im,0.00+0.00im,-0.00+0.00im
277,-0.00+0.00im,0.00+0.00im,0.00+0.00im
278,0.00+0.00im,0.00+0.00im,0.00+0.00im
279,-0.00+0.00im,0.00+0.00im,0.00+0.00im
280,-0.00+0.00im,0.00+0.00im,0.00+0.00im
281,0.00+0.00im,0.00+0.00im,-0.00+0.00im
282,0.00+0.00im,0.00+0.00im,0.00+0.00im
283,-0.00+0.00im,0.00+0.00im,0.00+0.00im
284,0.00+0.00im,0.00+0.00im,0.00+0.00im
285,0.00+0.00im,0.00+0.00im,-0.00+0.00im
286,0.00+0.00im,0.00+0.00im,0.00+0.00im
287,0.00+0.00im,0.00+0.00im,0.00+0.00im
288,0.00+0.00im,0.00+0.00im,0.00+0.00im
289,-0.00+0.00im,0.00+0.00im,0.00+0.00im
290,0.00+0.00im,0.00+0.00im,0.00+0.00im
291,0.00+0.00im,0.00+0.00im,0.00+0.00im
292,0.00+0.00im,0.00+0.00im,-0.00+0.00im
293,-0.00+0.00im,0.00+0.00im,-0.00+0.00im
294,0.00+0.00im,0.00+0.00im,0.00+0.00im
295,0.00+0.00im,0.00+0.00im,0.00+0.00im
296,-0.00+0.00im,0.00+0.00im,0.00+0.00im
297,0.00+0.00im,0.00+0.00im,0.00+0.00im
298,0.00+0.00im,0.00+0.00im,0.00+0.00im
299,-0.00+0.00im,0.00+0.00im,0.00+0.00im
300,0.00+0.00im,0.00+0.00im,0.00+0.00im
301,0.00+0.00im,0.00+0.00im,-0.00+0.00im
302,0.00+0.00im,0.00+0.00im,-0.00+0.00im
303,0.00+0.00im,0.00+0.00im,0.00+0.00im
304,0.00+0.00im,0.00+0.00im,0.00+0.00im
305,-0.00+0.00im,0.00+0.00im,-0.00+0.00im
306,-0.00+0.00im,0.00+0.00im,-0.00+0.00im
307,0.00+0.00im,0.00+0.00im,0.00+0.00im
308,0.00+0.00im,0.00+0.00im,-0.00+0.00im
309,-0.00+0.00im,0.00+0.00im,0.00+0.00im
310,0.00+0.00im,0.00+0.00im,-0.00+0.00im
311,-0.00+0.00im,0.00+0.00im,0.00+0.00im
312,0.00+0.00im,0.00+0.00im,0.00+0.00im
313,-0.00+0.00im,0.00+0.00im,0.00+0.00im
314,-0.00+0.00im,0.00+0.00im,0.00+0.00im
315,0.00+0.00im,0.00+0.00im,-0.00+0.00im
316,-0.00+0.00im,0.00+0.00im,0.00+0.00im
317,0.00+0.00im,0.00+0.00im,0.00+0.00im
318,-0.00+0.00im,0.00+0.00im,0.00+0.00im
319,0.00+0.00im,0.00+0.00im,0.00+0.00im
320,0.00+0.00im,0.00+0.00im,-0.00+0.00im
321,0.00+0.00im,0.00+0.00im,0.00+0.00im
322,0.00+0.00im,0.00+0.00im,0.00+0.00im
323,0.00+0.00im,0.00+0.00im,0.00+0.00im
324,-0.00+0.00im,0.00+0.00im,0.00+0.00im
325,0.00+0.00im,0.00+0.00im,0.00+0.00im
326,0.00+0.00im,0.00+0.00im,0.00+0.00im
327,0.00+0.00im,0.00+0.00im,-0.00+0.00im
328,0.00+0.00im,0.00+0.00im,0.00+0.00im
329,0.00+0.00im,0.00+0.00im,-0.00+0.00im
330,0.00+0.00im,0.00+0.00im,0.00+0.00im
331,-0.00+0.00im,0.00+0.00im,0.00+0.00im
332,0.00+0.00im,0.00+0.00im,0.00+0.00im
333,-0.00+0.00im,0.00+0.00im,-0.00+0.00im
334,0.00+0.00im,0.00+0.00im,-0.00+0.00im
335,-0.00+0.00im,0.00+0.00im,0.00+0.00im
336,-0.00+0.00im,0.00+0.00im,-0.00+0.00im
337,-0.00+0.00im,0.00+0.00im,0.00+0.00im
338,0.00+0.00im,0.00+0.00im,-0.00+0.00im
339,0.00+0.00im,0.00+0.00im,0.00+0.00im
340,0.00+0.00im,0.00+0.00im,0.00+0.00im
341,0.00+0.00im,0.00+0.00im,-0.00+0.00im
342,0.00+0.00im,0.00+0.00im,0.00+0.00im
343,-0.00+0.00im,0.00+0.00im,-0.00+0.00im
344,0.00+0.00im,0.00+0.00im,0.00+0.00im
345,-0.00+0.00im,0.00+0.00im,-0.00+0.00im
346,-0.00+0.00im,0.00+0.00im,-0.00+0.00im
347,-0.00+0.00im,0.00+0.00im,-0.00+0.00im
348,0.00+0.00im,0.00+0.00im,-0.00+0.00im
349,0.00+0.00im,0.00+0.00im,0.00+0.00im
350,0.00+0.00im,0.00+0.00im,0.00+0.00im
351,0.00+0.00im,0.00+0.00im,0.00+0.00im
352,0.00+0.00im,0.00+0.00im,0.00+0.00im
353,0.00+0.00im,0.00+0.00im,0.00+0.00im
354,-0.00+0.00im,0.00+0.00im,-0.00+0.00im
355,-0.00+0.00im,0.00+0.00im,0.00+0.00im
356,-0.00+0.00im,0.00+0.00im,0.00+0.00im
357,0.00+0.00im,0.00+0.00im,0.00+0.00im
358,0.00+0.00im,0.00+0.00im,-0.00+0.00im
359,-0.00+0.00im,0.00+0.00im,-0.00+0.00im
360,0.00+0.00im,0.00+0.00im,0.00+0.00im
361,-0.00+0.00im,0.00+0.00im,0.00+0.00im
362,-0.00+0.00im,0.00+0.00im,0.00+0.00im
363,0.00+0.00im,0.00+0.00im,-0.00+0.00im
364,-0.00+0.00im,0.00+0.00im,0.00+0.00im
365,-0.00+0.00im,0.00+0.00im,0.00+0.00im
366,0.00+0.00im,0.00+0.00im,-0.00+0.00im
367,-0.00+0.00im,0.00+0.00im,0.00+0.00im
368,0.00+0.00im,0.00+0.00im,0.00+0.00im
369,0.00+0.00im,0.00+0.00im,-0.00+0.00im
370,0.00+0.00im,0.00+0.00im,0.00+0.00im
371,0.00+0.00im,0.00+0.00im,0.00+0.00im
372,0.00+0.00im,0.00+0.00im,0.00+0.00im
373,0.00+0.00im,0.00+0.00im,-0.00+0.00im
374,0.00+0.00im,0.00+0.00im,0.00+0.00im
375,0.00+0.00im,0.00+0.00im,0.00+0.00im
376,-0.00+0.00im,0.00+0.00im,0.00+0.00im
377,-0.00+0.00im,0.00+0.00im,-0.00+0.00im
378,0.00+0.00im,0.00+0.00im,0.00+0.00im
379,0.00+0.00im,0.00+0.00im,0.00+0.00im
380,0.00+0.00im,0.00+0.00im,0.00+0.00im
381,-0.00+0.00im,0.00+0.00im,-0.00+0.00im
382,0.00+0.00im,0.00+0.00im,-0.00+0.00im
383,0.00+0.00im,0.00+0.00im,0.00+0.00im
384,-0.00+0.00im,0.00+0.00im,-0.00+0.00im
385,-0.00+0.00im,0.00+0.00im,0.00+0.00im
386,0.00+0.00im,0.00+0.00im,-0.00+0.00im
387,0.00+0.00im,0.00+0.00im,-0.00+0.00im
388,0.00+0.00im,0.00+0.00im,0.00+0.00im
389,0.00+0.00im,0.00+0.00im,0.00+0.00im
390,-0.00+0.00im,0.00+0.00im,0.00+0.00im
391,-0.00+0.00im,0.00+0.00im,-0.00+0.00im
392,-0.00+0.00im,0.00+0.00im,0.00+0.00im
393,0.00+0.00im,0.00+0.00im,0.00+0.00im
394,-0.00+0.00im,0.00+0.00im,-0.00+0.00im
395,0.00+0.00im,0.00+0.00im,0.00+0.00im
396,-0.00+0.00im,0.00+0.00im,0.00+0.00im
397,0.00+0.00im,0.00+0.00im,0.00+0.00im
398,0.00+0.00im,0.00+0.00im,-0.00+0.00im
399,-0.00+0.00im,0.00+0.00im,-0.00+0.00im
400,0.00+0.00im,0.00+0.00im,-0.00+0.00im
401,0.00+0.00im,0.00+0.00im,0.00+0.00im
402,0.00+0.00im,0.00+0.00im,0.00+0.00im
403,0.00+0.00im,0.00+0.00im,0.00+0.00im
404,0.00+0.00im,0.00+0.00im,0.00+0.00im
405,-0.00+0.00im,0.00+0.00im,-0.00+0.00im
406,0.00+0.00im,0.00+0.00im,0.00+0.00im
407,-0.00+0.00im,0.00+0.00im,-0.00+0.00im
408,0.00+0.00im,0.00+0.00im,-0.00+0.00im
409,0.00+0.00im,0.00+0.00im,0.00+0.00im
410,0.00+0.00im,0.00+0.00im,0.00+0.00im
411,0.00+0.00im,0.00+0.00im,0.00+0.00im
412,0.00+0.00im,0.00+0.00im,0.00+0.00im
413,-0.00+0.00im,0.00+0.00im,-0.00+0.00im
414,-0.00+0.00im,0.00+0.00im,-0.00+0.00im
415,0.00+0.00im,0.00+0.00im,0.00+0.00im
416,-0.00+0.00im,0.00+0.00im,0.00+0.00im
417,-0.00+0.00im,0.00+0.00im,-0.00+0.00im
418,0.00+0.00im,0.00+0.00im,0.00+0.00im
419,0.00+0.00im,0.00+0.00im,0.00+0.00im
420,-0.00+0.00im,0.00+0.00im,0.00+0.00im
421,-0.00+0.00im,0.00+0.00im,-0.00+0.00im
422,-0.00+0.00im,0.00+0.00im,0.00+0.00im
423,0.00+0.00im,0.00+0.00im,-0.00+0.00im
424,0.00+0.00im,0.00+0.00im,-0.00+0.00im
425,0.00+0.00im,0.00+0.00im,0.00+0.00im
426,0.00+0.00im,0.00+0.00im,0.00+0.00im
427,-0.00+0.00im,0.00+0.00im,-0.00+0.00im
428,-0.00+0.00im,0.00+0.00im,0.00+0.00im
429,0.00+0.00im,0.00+0.00im,-0.00+0.00im
430,-0.00+0.00im,0.00+0.00im,0.00+0.00im
431,0.00+0.00im,0.00+0.00im,-0.00+0.00im
432,0.00+0.00im,0.00+0.00im,0.00+0.00im
433,-0.00+0.00im,0.00+0.00im,0.00+0.00im
434,0.00+0.00im,0.00+0.00im,-0.00+0.00im
435,0.00+0.00im,0.00+0.00im,0.00+0.00im
436,-0.00+0.00im,0.00+0.00im,-0.00+0.00im
437,0.00+0.00im,0.00+0.00im,0.00+0.00im
438,0.00+0.00im,0.00+0.00im,0.00+0.00im
439,0.00+0.00im,0.00+0.00im,0.00+0.00im
440,-0.00+0.00im,0.00+0.00im,0.00+0.00im
441,0.00+0.00im,0.00+0.00im,0.00+0.00im
442,-0.00+0.00im,0.00+0.00im,0.00+0.00im
443,0.00+0.00im,0.00+0.00im,-0.00+0.00im
444,-0.00+0.00im,0.00+0.00im,-0.00+0.00im
445,0.00+0.00im,0.00+0.00im,-0.00+0.00im
446,0.00+0.00im,0.00+0.00im,0.00+0.00im
447,0.00+0.00im,0.00+0.00im,0.00+0.00im
448,-0.00+0.00im,0.00+0.00im,0.00+0.00im
449,-0.00+0.00im,0.00+0.00im,-0.00+0.00im
450,-0.00+0.00im,0.00+0.00im,-0.00+0.00im
451,-0.00+0.00im,0.00+0.00im,-0.00+0.00im
452,0.00+0.00im,0.00+0.00im,0.00+0.00im
453,0.00+0.00im,0.00+0.00im,0.00+0.00im
454,0.00+0.00im,0.00+0.00im,0.00+0.00im
455,-0.00+0.00im,0.00+0.00im,0.00+0.00im
456,0.00+0.00im,0.00+0.00im,-0.00+0.00im
457,0.00+0.00im,0.00+0.00im,0.00+0.00im
458,0.00+0.00im,0.00+0.00im,0.00+0.00im
459,-0.00+0.00im,0.00+0.00im,-0.00+0.00im
460,-0.00+0.00im,0.00+0.00im,0.00+0.00im
461,0.00+0.00im,0.00+0.00im,0.00+0.00im
462,0.00+0.00im,0.00+0.00im,0.00+0.00im
463,-0.00+0.00im,0.00+0.00im,0.00+0.00im
464,-0.00+0.00im,0.00+0.00im,0.00+0.00im
465,0.00+0.00im,0.00+0.00im,0.00+0.00im
466,-0.00+0.00im,0.00+0.00im,-0.00+0.00im
