base ,judge ,R    ,Y/X  ,θ     ,E                     ,ol1  ,ol2   ,ol3   ,ol4   ,ol5   ,ol6   ,ol7   ,ol8
   1 ,F     , 0.0 ,0.00 , 0.00 ,-80.18                ,0.54 ,-0.41 ,0.45  ,0.00  ,-0.34 ,-0.35 ,-0.21 ,0.12
   2 ,T     , 1.0 ,1.00 ,90.00 ,-75.63                ,0.72 ,-0.22 ,0.07  ,-0.00 ,0.05  ,0.19  ,0.21  ,-0.14
   3 ,T     , 2.0 ,0.00 , 0.00 ,-28.64                ,0.01 ,0.05  ,0.05  ,0.00  ,0.07  ,-0.11 ,0.11  ,-0.08
   4 ,T     , 2.0 ,1.00 , 0.00 ,-28.64                ,0.01 ,0.05  ,0.05  ,0.00  ,0.07  ,-0.11 ,0.11  ,-0.08
   5 ,T     , 2.0 ,1.00 ,63.64 ,-78.21                ,0.76 ,-0.21 ,0.05  ,-0.00 ,0.07  ,0.21  ,0.22  ,-0.14
   6 ,T     , 2.0 ,1.00 ,90.00 ,-78.21                ,0.75 ,-0.21 ,0.05  ,-0.00 ,0.07  ,0.21  ,0.22  ,-0.14
   7 ,T     , 3.0 ,0.00 , 0.00 ,-35.19                ,0.01 ,0.06  ,0.06  ,0.00  ,0.09  ,-0.13 ,0.13  ,-0.10
   8 ,T     , 3.0 ,0.58 , 0.00 ,-34375590787319732.00 ,0.00 ,-0.00 ,-0.00 ,0.00  ,0.00  ,0.00  ,-0.00 ,-0.00
   9 ,T     , 3.0 ,0.58 ,60.00 ,-81.47                ,0.81 ,-0.17 ,-0.00 ,-0.00 ,0.11  ,0.22  ,0.24  ,-0.13
  10 ,T     , 3.0 ,0.58 ,90.00 ,-81.44                ,0.81 ,-0.17 ,-0.00 ,-0.00 ,0.11  ,0.22  ,0.24  ,-0.13
  11 ,T     , 3.0 ,1.73 , 0.00 ,-35.19                ,0.01 ,0.06  ,0.06  ,0.00  ,0.09  ,-0.13 ,0.13  ,-0.10
  12 ,T     , 3.0 ,1.73 ,34.64 ,-71.01                ,0.69 ,-0.07 ,-0.02 ,-0.00 ,0.15  ,0.08  ,0.26  ,-0.04
  13 ,T     , 3.0 ,1.73 ,69.28 ,-81.43                ,0.81 ,-0.17 ,-0.00 ,-0.00 ,0.11  ,0.22  ,0.24  ,-0.13
  14 ,T     , 3.0 ,1.73 ,90.00 ,-81.57                ,0.81 ,-0.18 ,0.00  ,-0.00 ,0.11  ,0.23  ,0.23  ,-0.14
  15 ,T     , 4.0 ,0.00 , 0.00 ,-43.18                ,0.01 ,0.07  ,0.09  ,0.00  ,0.11  ,-0.17 ,0.16  ,-0.14
  16 ,T     , 4.0 ,0.41 , 0.00 ,-43.19                ,0.01 ,0.07  ,0.09  ,0.00  ,0.11  ,-0.17 ,0.16  ,-0.14
  17 ,T     , 4.0 ,0.41 ,58.80 ,-80.31                ,0.81 ,-0.04 ,-0.08 ,-0.00 ,0.19  ,0.14  ,0.26  ,-0.05
  18 ,T     , 4.0 ,0.41 ,90.00 ,-81.06                ,0.82 ,-0.05 ,-0.08 ,-0.00 ,0.18  ,0.16  ,0.26  ,-0.06
  19 ,T     , 4.0 ,1.00 , 0.00 ,-43.19                ,0.01 ,0.07  ,0.09  ,0.00  ,0.11  ,-0.17 ,0.16  ,-0.14
  20 ,T     , 4.0 ,1.00 ,31.82 ,-77.68                ,0.77 ,-0.02 ,-0.08 ,-0.00 ,0.19  ,0.10  ,0.26  ,-0.03
  21 ,T     , 4.0 ,1.00 ,63.64 ,-84.46                ,0.86 ,-0.11 ,-0.07 ,-0.00 ,0.16  ,0.24  ,0.23  ,-0.12
  22 ,T     , 4.0 ,1.00 ,90.00 ,-84.46                ,0.86 ,-0.12 ,-0.07 ,-0.00 ,0.15  ,0.26  ,0.22  ,-0.13
  23 ,T     , 4.0 ,2.41 , 0.00 ,-43.19                ,0.01 ,0.07  ,0.09  ,0.00  ,0.11  ,-0.17 ,0.16  ,-0.14
  24 ,T     , 4.0 ,2.41 ,24.35 ,-51.36                ,0.21 ,0.12  ,0.02  ,0.00  ,0.18  ,-0.21 ,0.23  ,-0.01
  25 ,T     , 4.0 ,2.41 ,48.71 ,-76.34                ,0.75 ,-0.01 ,-0.07 ,-0.00 ,0.20  ,0.08  ,0.27  ,-0.02
  26 ,T     , 4.0 ,2.41 ,73.06 ,-84.08                ,0.86 ,-0.09 ,-0.08 ,-0.00 ,0.17  ,0.22  ,0.24  ,-0.10
  27 ,T     , 4.0 ,2.41 ,90.00 ,-84.51                ,0.86 ,-0.10 ,-0.07 ,-0.00 ,0.16  ,0.24  ,0.23  ,-0.11
  28 ,T     , 5.0 ,0.00 , 0.00 ,-51.57                ,0.01 ,0.10  ,0.12  ,0.00  ,0.15  ,-0.22 ,0.20  ,-0.19
  29 ,T     , 5.0 ,0.32 , 0.00 ,-51.60                ,0.01 ,0.10  ,0.13  ,0.00  ,0.15  ,-0.22 ,0.20  ,-0.19
  30 ,T     , 5.0 ,0.32 ,58.25 ,-69.53                ,0.53 ,0.17  ,-0.08 ,-0.00 ,0.25  ,-0.14 ,0.28  ,0.06
  31 ,T     , 5.0 ,0.32 ,90.00 ,-72.15                ,0.60 ,0.16  ,-0.10 ,-0.00 ,0.25  ,-0.10 ,0.27  ,0.06
  32 ,T     , 5.0 ,0.73 , 0.00 ,-51.60                ,0.01 ,0.10  ,0.13  ,0.00  ,0.15  ,-0.22 ,0.20  ,-0.19
  33 ,T     , 5.0 ,0.73 ,30.62 ,-84.26                ,0.87 ,0.05  ,-0.17 ,-0.00 ,0.23  ,0.17  ,0.21  ,-0.03
  34 ,T     , 5.0 ,0.73 ,61.25 ,-86.14                ,0.89 ,0.01  ,-0.17 ,-0.00 ,0.21  ,0.24  ,0.19  ,-0.08
  35 ,T     , 5.0 ,0.73 ,90.00 ,-85.96                ,0.89 ,-0.00 ,-0.17 ,-0.00 ,0.21  ,0.24  ,0.19  ,-0.09
  36 ,T     , 5.0 ,1.38 , 0.00 ,-51.58                ,0.01 ,0.10  ,0.12  ,0.00  ,0.15  ,-0.22 ,0.20  ,-0.19
  37 ,T     , 5.0 ,1.38 ,22.25 ,-58.24                ,0.20 ,0.19  ,0.04  ,0.00  ,0.22  ,-0.29 ,0.27  ,-0.02
  38 ,T     , 5.0 ,1.38 ,44.50 ,-77.97                ,0.74 ,0.12  ,-0.14 ,-0.00 ,0.25  ,0.01  ,0.26  ,0.03
  39 ,T     , 5.0 ,1.38 ,66.75 ,-85.63                ,0.88 ,0.02  ,-0.17 ,-0.00 ,0.22  ,0.21  ,0.20  ,-0.06
  40 ,T     , 5.0 ,1.38 ,90.00 ,-86.02                ,0.89 ,-0.01 ,-0.17 ,-0.00 ,0.21  ,0.25  ,0.19  ,-0.09
  41 ,T     , 5.0 ,3.08 , 0.00 ,-51.59                ,0.01 ,0.10  ,0.12  ,0.00  ,0.15  ,-0.22 ,0.20  ,-0.19
  42 ,T     , 5.0 ,3.08 ,18.93 ,-53.46                ,0.06 ,0.15  ,0.10  ,0.00  ,0.19  ,-0.27 ,0.24  ,-0.11
  43 ,T     , 5.0 ,3.08 ,37.85 ,-63.93                ,0.37 ,0.19  ,-0.02 ,0.00  ,0.24  ,-0.23 ,0.28  ,0.04
  44 ,T     , 5.0 ,3.08 ,56.78 ,-78.76                ,0.76 ,0.12  ,-0.15 ,-0.00 ,0.25  ,0.02  ,0.25  ,0.03
  45 ,T     , 5.0 ,3.08 ,75.71 ,-84.90                ,0.88 ,0.04  ,-0.18 ,-0.00 ,0.22  ,0.18  ,0.21  ,-0.04
  46 ,T     , 5.0 ,3.08 ,90.00 ,-85.48                ,0.89 ,0.02  ,-0.18 ,-0.00 ,0.22  ,0.21  ,0.19  ,-0.06
  47 ,T     , 6.0 ,0.00 , 0.00 ,-59.27                ,0.01 ,0.13  ,0.18  ,0.00  ,0.21  ,-0.27 ,0.25  ,-0.26
  48 ,T     , 6.0 ,0.27 , 0.00 ,-59.34                ,0.01 ,0.13  ,0.18  ,0.00  ,0.21  ,-0.27 ,0.25  ,-0.26
  49 ,T     , 6.0 ,0.27 ,57.96 ,-66.28                ,0.25 ,0.29  ,0.05  ,0.00  ,0.28  ,-0.38 ,0.31  ,0.01
  50 ,T     , 6.0 ,0.27 ,90.00 ,-67.89                ,0.31 ,0.30  ,0.01  ,0.00  ,0.28  ,-0.36 ,0.30  ,0.04
  51 ,T     , 6.0 ,0.58 , 0.00 ,-3639450930659233.50  ,0.00 ,-0.00 ,0.00  ,-0.00 ,-0.00 ,-0.00 ,0.00  ,-0.00
  52 ,T     , 6.0 ,0.58 ,30.00 ,-81.54                ,0.81 ,0.22  ,-0.27 ,-0.00 ,0.24  ,0.09  ,0.11  ,0.05
  53 ,T     , 6.0 ,0.58 ,60.00 ,-85.03                ,0.85 ,0.21  ,-0.28 ,-0.00 ,0.26  ,0.11  ,0.12  ,0.03
  54 ,T     , 6.0 ,0.58 ,90.00 ,-85.16                ,0.85 ,0.20  ,-0.27 ,-0.00 ,0.26  ,0.11  ,0.13  ,0.02
  55 ,T     , 6.0 ,1.00 , 0.00 ,-59.34                ,0.01 ,0.13  ,0.18  ,0.00  ,0.21  ,-0.27 ,0.25  ,-0.26
  56 ,T     , 6.0 ,1.00 ,21.21 ,-66.83                ,0.27 ,0.29  ,0.04  ,0.00  ,0.28  ,-0.37 ,0.31  ,0.02
  57 ,T     , 6.0 ,1.00 ,42.43 ,-81.70                ,0.76 ,0.26  ,-0.23 ,-0.00 ,0.28  ,-0.03 ,0.18  ,0.08
  58 ,T     , 6.0 ,1.00 ,63.64 ,-85.81                ,0.86 ,0.17  ,-0.28 ,-0.00 ,0.25  ,0.16  ,0.10  ,-0.01
  59 ,T     , 6.0 ,1.00 ,84.85 ,-85.15                ,0.86 ,0.14  ,-0.28 ,-0.00 ,0.23  ,0.21  ,0.08  ,-0.05
  60 ,T     , 6.0 ,1.00 ,90.00 ,-85.09                ,0.86 ,0.14  ,-0.28 ,-0.00 ,0.23  ,0.21  ,0.08  ,-0.05
  61 ,T     , 6.0 ,1.73 , 0.00 ,-59.27                ,0.01 ,0.13  ,0.18  ,0.00  ,0.21  ,-0.27 ,0.25  ,-0.26
  62 ,T     , 6.0 ,1.73 ,17.32 ,-60.88                ,0.06 ,0.19  ,0.16  ,0.00  ,0.24  ,-0.34 ,0.29  ,-0.17
  63 ,T     , 6.0 ,1.73 ,34.64 ,-67.70                ,0.31 ,0.30  ,0.02  ,0.00  ,0.28  ,-0.36 ,0.30  ,0.04
  64 ,T     , 6.0 ,1.73 ,51.96 ,-78.41                ,0.67 ,0.29  ,-0.18 ,-0.00 ,0.29  ,-0.13 ,0.22  ,0.10
  65 ,T     , 6.0 ,1.73 ,69.28 ,-85.08                ,0.85 ,0.21  ,-0.27 ,-0.00 ,0.26  ,0.10  ,0.13  ,0.03
  66 ,T     , 6.0 ,1.73 ,86.60 ,-85.96                ,0.87 ,0.17  ,-0.29 ,-0.00 ,0.24  ,0.18  ,0.10  ,-0.01
  67 ,T     , 6.0 ,1.73 ,90.00 ,-85.97                ,0.87 ,0.17  ,-0.29 ,-0.00 ,0.24  ,0.18  ,0.10  ,-0.01
  68 ,T     , 6.0 ,3.73 , 0.00 ,-59.34                ,0.01 ,0.13  ,0.18  ,0.00  ,0.21  ,-0.27 ,0.25  ,-0.26
  69 ,T     , 6.0 ,3.73 ,15.53 ,-60.13                ,0.04 ,0.17  ,0.17  ,0.00  ,0.23  ,-0.31 ,0.27  ,-0.22
  70 ,T     , 6.0 ,3.73 ,31.06 ,-63.72                ,0.15 ,0.26  ,0.11  ,0.00  ,0.27  ,-0.39 ,0.31  ,-0.07
  71 ,T     , 6.0 ,3.73 ,46.59 ,-70.66                ,0.42 ,0.31  ,-0.05 ,0.00  ,0.29  ,-0.31 ,0.29  ,0.09
  72 ,T     , 6.0 ,3.73 ,62.12 ,-78.75                ,0.71 ,0.29  ,-0.21 ,-0.00 ,0.28  ,-0.09 ,0.20  ,0.11
  73 ,T     , 6.0 ,3.73 ,77.65 ,-82.12                ,0.81 ,0.22  ,-0.27 ,-0.00 ,0.25  ,0.08  ,0.12  ,0.06
  74 ,T     , 6.0 ,3.73 ,90.00 ,-82.42                ,0.83 ,0.21  ,-0.28 ,-0.00 ,0.24  ,0.11  ,0.11  ,0.04
  75 ,T     , 7.0 ,0.00 , 0.00 ,-65.36                ,0.02 ,0.18  ,0.26  ,0.00  ,0.28  ,-0.32 ,0.29  ,-0.34
  76 ,T     , 7.0 ,0.23 , 0.00 ,-65.51                ,0.02 ,0.18  ,0.26  ,0.00  ,0.28  ,-0.32 ,0.29  ,-0.34
  77 ,T     , 7.0 ,0.23 ,57.78 ,-68.87                ,0.12 ,0.32  ,0.20  ,0.00  ,0.32  ,-0.47 ,0.35  ,-0.14
  78 ,T     , 7.0 ,0.23 ,90.00 ,-69.56                ,0.16 ,0.35  ,0.17  ,0.00  ,0.32  ,-0.48 ,0.35  ,-0.08
  79 ,T     , 7.0 ,0.48 , 0.00 ,-64.64                ,0.02 ,0.18  ,0.26  ,0.00  ,0.28  ,-0.31 ,0.29  ,-0.34
  80 ,T     , 7.0 ,0.48 ,29.63 ,-74.74                ,0.54 ,0.47  ,-0.18 ,-0.00 ,0.24  ,-0.28 ,0.15  ,0.19
  81 ,T     , 7.0 ,0.48 ,59.27 ,-80.52                ,0.65 ,0.46  ,-0.25 ,-0.00 ,0.26  ,-0.20 ,0.10  ,0.17
  82 ,T     , 7.0 ,0.48 ,90.00 ,-81.01                ,0.67 ,0.45  ,-0.26 ,-0.00 ,0.27  ,-0.19 ,0.09  ,0.15
  83 ,T     , 7.0 ,0.80 , 0.00 ,-64.97                ,0.02 ,0.18  ,0.26  ,0.00  ,0.28  ,-0.31 ,0.29  ,-0.34
  84 ,T     , 7.0 ,0.80 ,20.62 ,-72.69                ,0.39 ,0.46  ,-0.03 ,0.00  ,0.29  ,-0.41 ,0.25  ,0.14
  85 ,T     , 7.0 ,0.80 ,41.24 ,-80.67                ,0.70 ,0.43  ,-0.32 ,-0.00 ,0.22  ,-0.08 ,0.02  ,0.15
  86 ,T     , 7.0 ,0.80 ,61.86 ,-84.23                ,0.77 ,0.37  ,-0.37 ,-0.00 ,0.21  ,0.05  ,-0.05 ,0.07
  87 ,T     , 7.0 ,0.80 ,82.49 ,-83.36                ,0.77 ,0.33  ,-0.37 ,-0.00 ,0.21  ,0.09  ,-0.06 ,0.02
  88 ,T     , 7.0 ,0.80 ,90.00 ,-83.15                ,0.77 ,0.33  ,-0.37 ,-0.00 ,0.21  ,0.10  ,-0.07 ,0.02
  89 ,T     , 7.0 ,1.25 , 0.00 ,-65.51                ,0.02 ,0.18  ,0.26  ,0.00  ,0.28  ,-0.32 ,0.29  ,-0.34
  90 ,T     , 7.0 ,1.25 ,16.44 ,-67.50                ,0.07 ,0.27  ,0.24  ,0.00  ,0.31  ,-0.42 ,0.34  ,-0.23
  91 ,T     , 7.0 ,1.25 ,32.89 ,-72.50                ,0.30 ,0.42  ,0.05  ,0.00  ,0.31  ,-0.46 ,0.30  ,0.06
  92 ,T     , 7.0 ,1.25 ,49.33 ,-79.68                ,0.62 ,0.46  ,-0.22 ,-0.00 ,0.28  ,-0.24 ,0.13  ,0.16
  93 ,T     , 7.0 ,1.25 ,65.78 ,-83.92                ,0.76 ,0.39  ,-0.35 ,-0.00 ,0.24  ,-0.01 ,-0.01 ,0.09
  94 ,T     , 7.0 ,1.25 ,82.22 ,-83.37                ,0.77 ,0.33  ,-0.37 ,-0.00 ,0.21  ,0.09  ,-0.06 ,0.03
  95 ,T     , 7.0 ,1.25 ,90.00 ,-83.15                ,0.77 ,0.32  ,-0.37 ,-0.00 ,0.21  ,0.10  ,-0.07 ,0.02
  96 ,T     , 7.0 ,2.08 , 0.00 ,-65.41                ,0.02 ,0.18  ,0.26  ,0.00  ,0.28  ,-0.32 ,0.29  ,-0.34
  97 ,T     , 7.0 ,2.08 ,14.27 ,-66.27                ,0.03 ,0.22  ,0.26  ,0.00  ,0.30  ,-0.37 ,0.31  ,-0.30
  98 ,T     , 7.0 ,2.08 ,28.54 ,-68.85                ,0.12 ,0.32  ,0.20  ,0.00  ,0.32  ,-0.47 ,0.35  ,-0.14
  99 ,T     , 7.0 ,2.08 ,42.81 ,-72.87                ,0.32 ,0.43  ,0.03  ,0.00  ,0.31  ,-0.46 ,0.30  ,0.08
 100 ,T     , 7.0 ,2.08 ,57.08 ,-78.67                ,0.58 ,0.47  ,-0.18 ,-0.00 ,0.28  ,-0.29 ,0.16  ,0.17
 101 ,T     , 7.0 ,2.08 ,71.35 ,-82.79                ,0.73 ,0.43  ,-0.32 ,-0.00 ,0.23  ,-0.08 ,0.02  ,0.14
 102 ,T     , 7.0 ,2.08 ,85.62 ,-83.32                ,0.76 ,0.38  ,-0.36 ,-0.00 ,0.21  ,0.02  ,-0.04 ,0.09
 103 ,T     , 7.0 ,2.08 ,90.00 ,-83.31                ,0.76 ,0.38  ,-0.36 ,-0.00 ,0.21  ,0.03  ,-0.04 ,0.09
 104 ,T     , 7.0 ,4.38 , 0.00 ,-65.32                ,0.02 ,0.18  ,0.26  ,0.00  ,0.28  ,-0.32 ,0.29  ,-0.34
 105 ,T     , 7.0 ,4.38 ,13.19 ,-65.84                ,0.03 ,0.20  ,0.26  ,0.00  ,0.29  ,-0.35 ,0.30  ,-0.32
 106 ,T     , 7.0 ,4.38 ,26.38 ,-67.46                ,0.08 ,0.28  ,0.24  ,0.00  ,0.31  ,-0.43 ,0.34  ,-0.21
 107 ,T     , 7.0 ,4.38 ,39.56 ,-69.86                ,0.20 ,0.38  ,0.14  ,0.00  ,0.32  ,-0.48 ,0.34  ,-0.02
 108 ,T     , 7.0 ,4.38 ,52.75 ,-72.76                ,0.40 ,0.46  ,-0.04 ,0.00  ,0.28  ,-0.41 ,0.25  ,0.14
 109 ,T     , 7.0 ,4.38 ,65.94 ,-75.07                ,0.58 ,0.46  ,-0.21 ,-0.00 ,0.23  ,-0.23 ,0.11  ,0.19
 110 ,T     , 7.0 ,4.38 ,79.13 ,-75.00                ,0.64 ,0.41  ,-0.29 ,-0.00 ,0.18  ,-0.08 ,0.01  ,0.16
 111 ,T     , 7.0 ,4.38 ,90.00 ,-74.69                ,0.65 ,0.39  ,-0.31 ,-0.00 ,0.17  ,-0.04 ,-0.01 ,0.15
 112 ,T     , 8.0 ,0.00 , 0.00 ,-69.29                ,0.02 ,0.22  ,0.36  ,0.00  ,0.35  ,-0.32 ,0.29  ,-0.42
 113 ,T     , 8.0 ,0.20 , 0.00 ,-69.63                ,0.02 ,0.22  ,0.36  ,0.00  ,0.36  ,-0.32 ,0.28  ,-0.42
 114 ,T     , 8.0 ,0.20 ,57.67 ,-72.03                ,0.07 ,0.35  ,0.35  ,0.00  ,0.38  ,-0.46 ,0.35  ,-0.27
 115 ,T     , 8.0 ,0.20 ,90.00 ,-72.27                ,0.09 ,0.38  ,0.34  ,0.00  ,0.37  ,-0.49 ,0.36  ,-0.22
 116 ,T     , 8.0 ,0.41 , 0.00 ,-67.04                ,0.02 ,0.22  ,0.36  ,0.00  ,0.35  ,-0.31 ,0.27  ,-0.41
 117 ,T     , 8.0 ,0.41 ,29.40 ,-71.62                ,0.24 ,0.54  ,0.16  ,0.00  ,0.28  ,-0.51 ,0.29  ,0.09
 118 ,T     , 8.0 ,0.41 ,58.80 ,-76.85                ,0.38 ,0.61  ,-0.02 ,0.00  ,0.23  ,-0.48 ,0.17  ,0.19
 119 ,T     , 8.0 ,0.41 ,90.00 ,-76.81                ,0.41 ,0.61  ,-0.06 ,0.00  ,0.23  ,-0.46 ,0.14  ,0.18
 120 ,T     , 8.0 ,0.67 , 0.00 ,-66.13                ,0.02 ,0.22  ,0.36  ,0.00  ,0.35  ,-0.31 ,0.27  ,-0.41
 121 ,T     , 8.0 ,0.67 ,20.25 ,-67.22                ,0.39 ,0.52  ,-0.16 ,-0.00 ,0.06  ,-0.25 ,0.01  ,0.24
 122 ,T     , 8.0 ,0.67 ,40.50 ,-73.18                ,0.50 ,0.53  ,-0.29 ,-0.00 ,0.04  ,-0.15 ,-0.12 ,0.20
 123 ,T     , 8.0 ,0.67 ,60.75 ,-80.85                ,0.60 ,0.57  ,-0.36 ,-0.00 ,0.09  ,-0.13 ,-0.18 ,0.15
 124 ,T     , 8.0 ,0.67 ,81.00 ,-81.77                ,0.62 ,0.55  ,-0.38 ,-0.00 ,0.12  ,-0.12 ,-0.20 ,0.10
 125 ,T     , 8.0 ,0.67 ,90.00 ,-81.48                ,0.62 ,0.55  ,-0.38 ,-0.00 ,0.12  ,-0.12 ,-0.20 ,0.10
 126 ,T     , 8.0 ,1.00 , 0.00 ,-69.15                ,0.02 ,0.22  ,0.36  ,0.00  ,0.36  ,-0.32 ,0.28  ,-0.42
 127 ,T     , 8.0 ,1.00 ,15.91 ,-71.93                ,0.08 ,0.37  ,0.35  ,0.00  ,0.37  ,-0.47 ,0.35  ,-0.23
 128 ,T     , 8.0 ,1.00 ,31.82 ,-75.43                ,0.31 ,0.58  ,0.07  ,0.00  ,0.26  ,-0.51 ,0.24  ,0.15
 129 ,T     , 8.0 ,1.00 ,47.73 ,-80.29                ,0.54 ,0.63  ,-0.24 ,-0.00 ,0.15  ,-0.31 ,-0.03 ,0.21
 130 ,T     , 8.0 ,1.00 ,63.64 ,-82.03                ,0.63 ,0.56  ,-0.38 ,-0.00 ,0.11  ,-0.12 ,-0.20 ,0.11
 131 ,T     , 8.0 ,1.00 ,79.55 ,-79.49                ,0.61 ,0.48  ,-0.40 ,-0.00 ,0.10  ,-0.03 ,-0.25 ,0.03
 132 ,T     , 8.0 ,1.00 ,90.00 ,-78.56                ,0.61 ,0.46  ,-0.40 ,-0.00 ,0.10  ,-0.01 ,-0.26 ,0.02
 133 ,T     , 8.0 ,1.50 , 0.00 ,-69.41                ,0.02 ,0.22  ,0.36  ,0.00  ,0.35  ,-0.32 ,0.29  ,-0.42
 134 ,T     , 8.0 ,1.50 ,13.53 ,-70.59                ,0.04 ,0.27  ,0.37  ,0.00  ,0.37  ,-0.39 ,0.32  ,-0.37
 135 ,T     , 8.0 ,1.50 ,27.06 ,-72.75                ,0.11 ,0.41  ,0.31  ,0.00  ,0.37  ,-0.51 ,0.36  ,-0.17
 136 ,T     , 8.0 ,1.50 ,40.59 ,-74.68                ,0.27 ,0.55  ,0.12  ,0.00  ,0.30  ,-0.53 ,0.27  ,0.08
 137 ,T     , 8.0 ,1.50 ,54.12 ,-78.14                ,0.47 ,0.62  ,-0.14 ,0.00  ,0.21  ,-0.41 ,0.07  ,0.19
 138 ,T     , 8.0 ,1.50 ,67.65 ,-81.69                ,0.60 ,0.60  ,-0.33 ,-0.00 ,0.14  ,-0.21 ,-0.13 ,0.16
 139 ,T     , 8.0 ,1.50 ,81.18 ,-81.77                ,0.63 ,0.54  ,-0.39 ,-0.00 ,0.10  ,-0.09 ,-0.22 ,0.09
 140 ,T     , 8.0 ,1.50 ,90.00 ,-81.47                ,0.63 ,0.52  ,-0.40 ,-0.00 ,0.10  ,-0.06 ,-0.24 ,0.08
 141 ,T     , 8.0 ,2.41 , 0.00 ,-69.63                ,0.02 ,0.22  ,0.36  ,0.00  ,0.36  ,-0.32 ,0.29  ,-0.42
 142 ,T     , 8.0 ,2.41 ,12.18 ,-70.29                ,0.03 ,0.25  ,0.37  ,0.00  ,0.37  ,-0.36 ,0.30  ,-0.39
 143 ,T     , 8.0 ,2.41 ,24.35 ,-71.93                ,0.06 ,0.34  ,0.36  ,0.00  ,0.38  ,-0.45 ,0.35  ,-0.29
 144 ,T     , 8.0 ,2.41 ,36.53 ,-73.63                ,0.15 ,0.46  ,0.28  ,0.00  ,0.35  ,-0.53 ,0.35  ,-0.09
 145 ,T     , 8.0 ,2.41 ,48.71 ,-75.35                ,0.29 ,0.57  ,0.10  ,0.00  ,0.28  ,-0.53 ,0.26  ,0.12
 146 ,T     , 8.0 ,2.41 ,60.88 ,-77.52                ,0.45 ,0.63  ,-0.12 ,0.00  ,0.18  ,-0.41 ,0.09  ,0.23
 147 ,T     , 8.0 ,2.41 ,73.06 ,-78.08                ,0.54 ,0.60  ,-0.27 ,-0.00 ,0.10  ,-0.24 ,-0.07 ,0.22
 148 ,T     , 8.0 ,2.41 ,85.24 ,-77.25                ,0.55 ,0.55  ,-0.33 ,-0.00 ,0.06  ,-0.15 ,-0.15 ,0.18
 149 ,T     , 8.0 ,2.41 ,90.00 ,-77.14                ,0.55 ,0.55  ,-0.33 ,-0.00 ,0.06  ,-0.14 ,-0.15 ,0.18
 150 ,T     , 8.0 ,5.03 , 0.00 ,-68.19                ,0.02 ,0.22  ,0.36  ,0.00  ,0.36  ,-0.32 ,0.28  ,-0.42
 151 ,T     , 8.0 ,5.03 ,11.47 ,-68.59                ,0.02 ,0.24  ,0.37  ,0.00  ,0.36  ,-0.34 ,0.29  ,-0.40
 152 ,T     , 8.0 ,5.03 ,22.94 ,-69.60                ,0.05 ,0.31  ,0.37  ,0.00  ,0.37  ,-0.41 ,0.33  ,-0.32
 153 ,T     , 8.0 ,5.03 ,34.41 ,-70.37                ,0.10 ,0.40  ,0.33  ,0.00  ,0.36  ,-0.49 ,0.35  ,-0.17
 154 ,T     , 8.0 ,5.03 ,45.88 ,-70.26                ,0.20 ,0.50  ,0.21  ,0.00  ,0.30  ,-0.51 ,0.31  ,0.04
 155 ,T     , 8.0 ,5.03 ,57.35 ,-69.90                ,0.31 ,0.56  ,0.03  ,0.00  ,0.19  ,-0.44 ,0.19  ,0.20
 156 ,T     , 8.0 ,5.03 ,68.82 ,-68.77                ,0.39 ,0.55  ,-0.13 ,0.00  ,0.09  ,-0.30 ,0.04  ,0.25
 157 ,T     , 8.0 ,5.03 ,80.29 ,-67.18                ,0.41 ,0.49  ,-0.21 ,-0.00 ,0.03  ,-0.18 ,-0.05 ,0.23
 158 ,T     , 8.0 ,5.03 ,90.00 ,-66.66                ,0.41 ,0.48  ,-0.23 ,-0.00 ,0.02  ,-0.15 ,-0.07 ,0.21
 159 ,T     , 9.0 ,0.00 , 0.00 ,-71.03                ,0.02 ,0.26  ,0.46  ,0.00  ,0.42  ,-0.27 ,0.21  ,-0.46
 160 ,T     , 9.0 ,0.18 , 0.00 ,-71.74                ,0.02 ,0.26  ,0.47  ,0.00  ,0.42  ,-0.26 ,0.21  ,-0.46
 161 ,T     , 9.0 ,0.18 ,57.59 ,-73.88                ,0.04 ,0.36  ,0.49  ,0.00  ,0.43  ,-0.37 ,0.28  ,-0.35
 162 ,T     , 9.0 ,0.18 ,90.00 ,-73.90                ,0.05 ,0.39  ,0.48  ,0.00  ,0.42  ,-0.40 ,0.29  ,-0.31
 163 ,T     , 9.0 ,0.36 , 0.00 ,-66.98                ,0.02 ,0.25  ,0.45  ,0.00  ,0.40  ,-0.23 ,0.18  ,-0.43
 164 ,T     , 9.0 ,0.36 ,29.24 ,-71.65                ,0.10 ,0.50  ,0.43  ,0.00  ,0.34  ,-0.43 ,0.30  ,-0.09
 165 ,T     , 9.0 ,0.36 ,58.48 ,-75.94                ,0.20 ,0.64  ,0.28  ,0.00  ,0.23  ,-0.51 ,0.25  ,0.09
 166 ,T     , 9.0 ,0.36 ,90.00 ,-75.09                ,0.22 ,0.64  ,0.22  ,0.00  ,0.21  ,-0.51 ,0.20  ,0.10
 167 ,T     , 9.0 ,0.58 , 0.00 ,-53065060670273608.00 ,0.00 ,-0.00 ,-0.00 ,-0.00 ,-0.00 ,-0.00 ,0.00  ,-0.00
 168 ,T     , 9.0 ,0.58 ,20.00 ,-61.47                ,0.22 ,0.45  ,-0.09 ,0.00  ,-0.14 ,-0.14 ,-0.01 ,0.23
 169 ,T     , 9.0 ,0.58 ,40.00 ,-68.86                ,0.30 ,0.57  ,-0.13 ,0.00  ,-0.13 ,-0.21 ,-0.06 ,0.24
 170 ,T     , 9.0 ,0.58 ,60.00 ,-77.66                ,0.40 ,0.71  ,-0.20 ,0.00  ,-0.09 ,-0.29 ,-0.15 ,0.20
 171 ,T     , 9.0 ,0.58 ,80.00 ,-79.30                ,0.43 ,0.73  ,-0.22 ,0.00  ,-0.04 ,-0.32 ,-0.21 ,0.14
 172 ,T     , 9.0 ,0.58 ,90.00 ,-78.76                ,0.43 ,0.72  ,-0.22 ,0.00  ,-0.03 ,-0.32 ,-0.21 ,0.13
 173 ,T     , 9.0 ,0.84 , 0.00 ,-66.98                ,0.02 ,0.25  ,0.45  ,0.00  ,0.40  ,-0.23 ,0.18  ,-0.43
 174 ,T     , 9.0 ,0.84 ,15.56 ,-69.67                ,0.10 ,0.48  ,0.43  ,0.00  ,0.33  ,-0.41 ,0.29  ,-0.09
 175 ,T     , 9.0 ,0.84 ,31.11 ,-71.95                ,0.26 ,0.66  ,0.07  ,0.00  ,0.02  ,-0.38 ,0.11  ,0.25
 176 ,T     , 9.0 ,0.84 ,46.67 ,-76.03                ,0.38 ,0.69  ,-0.18 ,0.00  ,-0.10 ,-0.27 ,-0.14 ,0.21
 177 ,T     , 9.0 ,0.84 ,62.23 ,-79.06                ,0.45 ,0.67  ,-0.32 ,-0.00 ,-0.12 ,-0.20 ,-0.31 ,0.09
 178 ,T     , 9.0 ,0.84 ,77.79 ,-77.29                ,0.44 ,0.59  ,-0.35 ,-0.00 ,-0.09 ,-0.15 ,-0.38 ,-0.01
 179 ,T     , 9.0 ,0.84 ,90.00 ,-75.80                ,0.43 ,0.56  ,-0.34 ,-0.00 ,-0.08 ,-0.13 ,-0.39 ,-0.03
 180 ,T     , 9.0 ,1.19 , 0.00 ,-71.74                ,0.02 ,0.26  ,0.47  ,0.00  ,0.42  ,-0.26 ,0.21  ,-0.46
 181 ,T     , 9.0 ,1.19 ,13.05 ,-73.51                ,0.04 ,0.34  ,0.49  ,0.00  ,0.43  ,-0.34 ,0.26  ,-0.39
 182 ,T     , 9.0 ,1.19 ,26.11 ,-75.44                ,0.11 ,0.51  ,0.44  ,0.00  ,0.37  ,-0.47 ,0.31  ,-0.13
 183 ,T     , 9.0 ,1.19 ,39.16 ,-76.13                ,0.23 ,0.66  ,0.21  ,0.00  ,0.19  ,-0.51 ,0.20  ,0.13
 184 ,T     , 9.0 ,1.19 ,52.22 ,-77.75                ,0.37 ,0.74  ,-0.07 ,0.00  ,0.03  ,-0.42 ,-0.05 ,0.19
 185 ,T     , 9.0 ,1.19 ,65.27 ,-79.12                ,0.45 ,0.70  ,-0.27 ,-0.00 ,-0.06 ,-0.27 ,-0.27 ,0.09
 186 ,T     , 9.0 ,1.19 ,78.32 ,-77.21                ,0.44 ,0.60  ,-0.34 ,-0.00 ,-0.08 ,-0.16 ,-0.37 ,-0.00
 187 ,T     , 9.0 ,1.19 ,90.00 ,-75.79                ,0.43 ,0.56  ,-0.35 ,-0.00 ,-0.08 ,-0.13 ,-0.39 ,-0.03
 188 ,T     , 9.0 ,1.73 , 0.00 ,-71.03                ,0.02 ,0.26  ,0.46  ,0.00  ,0.42  ,-0.27 ,0.21  ,-0.46
 189 ,T     , 9.0 ,1.73 ,11.55 ,-72.03                ,0.03 ,0.29  ,0.47  ,0.00  ,0.43  ,-0.30 ,0.24  ,-0.43
 190 ,T     , 9.0 ,1.73 ,23.09 ,-73.90                ,0.05 ,0.39  ,0.48  ,0.00  ,0.42  ,-0.40 ,0.29  ,-0.32
 191 ,T     , 9.0 ,1.73 ,34.64 ,-74.82                ,0.12 ,0.52  ,0.41  ,0.00  ,0.36  ,-0.49 ,0.30  ,-0.11
 192 ,T     , 9.0 ,1.73 ,46.19 ,-75.46                ,0.22 ,0.64  ,0.23  ,0.00  ,0.22  ,-0.51 ,0.22  ,0.10
 193 ,T     , 9.0 ,1.73 ,57.74 ,-77.36                ,0.34 ,0.73  ,0.00  ,0.00  ,0.07  ,-0.45 ,0.03  ,0.20
 194 ,T     , 9.0 ,1.73 ,69.28 ,-79.57                ,0.42 ,0.74  ,-0.20 ,0.00  ,-0.05 ,-0.33 ,-0.17 ,0.17
 195 ,T     , 9.0 ,1.73 ,80.83 ,-79.26                ,0.45 ,0.68  ,-0.30 ,-0.00 ,-0.11 ,-0.22 ,-0.29 ,0.11
 196 ,T     , 9.0 ,1.73 ,90.00 ,-78.73                ,0.45 ,0.66  ,-0.32 ,-0.00 ,-0.12 ,-0.19 ,-0.31 ,0.09
 197 ,T     , 9.0 ,2.75 , 0.00 ,-71.74                ,0.02 ,0.26  ,0.47  ,0.00  ,0.42  ,-0.26 ,0.21  ,-0.46
 198 ,T     , 9.0 ,2.75 ,10.64 ,-72.30                ,0.02 ,0.28  ,0.48  ,0.00  ,0.43  ,-0.28 ,0.22  ,-0.44
 199 ,T     , 9.0 ,2.75 ,21.28 ,-73.61                ,0.04 ,0.35  ,0.49  ,0.00  ,0.43  ,-0.35 ,0.26  ,-0.37
 200 ,T     , 9.0 ,2.75 ,31.93 ,-74.66                ,0.08 ,0.45  ,0.48  ,0.00  ,0.40  ,-0.43 ,0.30  ,-0.22
 201 ,T     , 9.0 ,2.75 ,42.57 ,-74.74                ,0.14 ,0.56  ,0.39  ,0.00  ,0.31  ,-0.48 ,0.30  ,-0.02
 202 ,T     , 9.0 ,2.75 ,53.21 ,-74.47                ,0.22 ,0.66  ,0.21  ,0.00  ,0.16  ,-0.47 ,0.21  ,0.17
 203 ,T     , 9.0 ,2.75 ,63.85 ,-73.98                ,0.30 ,0.69  ,0.02  ,0.00  ,0.00  ,-0.38 ,0.07  ,0.26
 204 ,T     , 9.0 ,2.75 ,74.49 ,-72.43                ,0.33 ,0.64  ,-0.13 ,0.00  ,-0.11 ,-0.26 ,-0.06 ,0.24
 205 ,T     , 9.0 ,2.75 ,85.13 ,-70.99                ,0.33 ,0.59  ,-0.18 ,0.00  ,-0.15 ,-0.19 ,-0.13 ,0.21
 206 ,T     , 9.0 ,2.75 ,90.00 ,-70.80                ,0.33 ,0.58  ,-0.19 ,0.00  ,-0.15 ,-0.19 ,-0.13 ,0.21
 207 ,T     , 9.0 ,5.67 , 0.00 ,-66.98                ,0.02 ,0.25  ,0.45  ,0.00  ,0.40  ,-0.23 ,0.18  ,-0.43
 208 ,T     , 9.0 ,5.67 ,10.15 ,-67.30                ,0.02 ,0.27  ,0.46  ,0.00  ,0.41  ,-0.25 ,0.19  ,-0.41
 209 ,T     , 9.0 ,5.67 ,20.31 ,-68.05                ,0.03 ,0.32  ,0.47  ,0.00  ,0.41  ,-0.29 ,0.23  ,-0.36
 210 ,T     , 9.0 ,5.67 ,30.46 ,-68.45                ,0.06 ,0.39  ,0.47  ,0.00  ,0.39  ,-0.35 ,0.26  ,-0.24
 211 ,T     , 9.0 ,5.67 ,40.62 ,-67.60                ,0.10 ,0.48  ,0.41  ,0.00  ,0.31  ,-0.39 ,0.28  ,-0.06
 212 ,T     , 9.0 ,5.67 ,50.77 ,-66.22                ,0.15 ,0.54  ,0.28  ,0.00  ,0.18  ,-0.39 ,0.24  ,0.12
 213 ,T     , 9.0 ,5.67 ,60.93 ,-65.18                ,0.20 ,0.57  ,0.12  ,0.00  ,0.03  ,-0.32 ,0.16  ,0.24
 214 ,T     , 9.0 ,5.67 ,71.08 ,-63.85                ,0.23 ,0.53  ,-0.01 ,0.00  ,-0.08 ,-0.23 ,0.06  ,0.26
 215 ,T     , 9.0 ,5.67 ,81.23 ,-62.60                ,0.23 ,0.47  ,-0.08 ,0.00  ,-0.14 ,-0.16 ,-0.00 ,0.24
 216 ,T     , 9.0 ,5.67 ,90.00 ,-62.21                ,0.23 ,0.46  ,-0.10 ,0.00  ,-0.15 ,-0.14 ,-0.02 ,0.23
 217 ,T     ,10.0 ,0.00 , 0.00 ,-70.98                ,0.02 ,0.27  ,0.53  ,0.00  ,0.45  ,-0.13 ,0.06  ,-0.42
 218 ,T     ,10.0 ,0.16 , 0.00 ,-72.31                ,0.02 ,0.28  ,0.55  ,0.00  ,0.46  ,-0.12 ,0.05  ,-0.42
 219 ,T     ,10.0 ,0.16 ,57.53 ,-74.24                ,0.03 ,0.36  ,0.59  ,0.00  ,0.46  ,-0.19 ,0.11  ,-0.35
 220 ,T     ,10.0 ,0.16 ,90.00 ,-74.06                ,0.04 ,0.38  ,0.59  ,0.00  ,0.45  ,-0.21 ,0.13  ,-0.32
 221 ,T     ,10.0 ,0.32 , 0.00 ,-66.23                ,0.01 ,0.26  ,0.51  ,0.00  ,0.42  ,-0.08 ,0.02  ,-0.36
 222 ,T     ,10.0 ,0.32 ,29.12 ,-71.72                ,0.05 ,0.45  ,0.59  ,0.00  ,0.38  ,-0.19 ,0.15  ,-0.16
 223 ,T     ,10.0 ,0.32 ,58.25 ,-75.89                ,0.10 ,0.60  ,0.52  ,0.00  ,0.26  ,-0.32 ,0.22  ,0.02
 224 ,T     ,10.0 ,0.32 ,90.00 ,-74.25                ,0.12 ,0.61  ,0.46  ,0.00  ,0.22  ,-0.35 ,0.19  ,0.03
 225 ,T     ,10.0 ,0.51 , 0.00 ,-59.28                ,0.01 ,0.23  ,0.45  ,0.00  ,0.37  ,-0.06 ,0.00  ,-0.31
 226 ,T     ,10.0 ,0.51 ,19.82 ,-62.16                ,0.11 ,0.48  ,0.18  ,0.00  ,-0.15 ,-0.10 ,0.18  ,0.28
 227 ,T     ,10.0 ,0.51 ,39.65 ,-68.70                ,0.16 ,0.58  ,0.11  ,0.00  ,-0.22 ,-0.15 ,0.12  ,0.27
 228 ,T     ,10.0 ,0.51 ,59.47 ,-75.94                ,0.23 ,0.75  ,0.09  ,0.00  ,-0.23 ,-0.27 ,0.02  ,0.21
 229 ,T     ,10.0 ,0.51 ,79.30 ,-75.91                ,0.25 ,0.76  ,0.06  ,0.00  ,-0.17 ,-0.33 ,-0.07 ,0.12
 230 ,T     ,10.0 ,0.51 ,90.00 ,-74.87                ,0.25 ,0.75  ,0.06  ,0.00  ,-0.16 ,-0.33 ,-0.08 ,0.10
 231 ,T     ,10.0 ,0.73 , 0.00 ,-60.84                ,0.01 ,0.23  ,0.46  ,0.00  ,0.38  ,-0.06 ,0.00  ,-0.32
 232 ,T     ,10.0 ,0.73 ,15.31 ,-62.88                ,0.09 ,0.49  ,0.35  ,0.00  ,0.05  ,-0.15 ,0.20  ,0.19
 233 ,T     ,10.0 ,0.73 ,30.62 ,-66.59                ,0.15 ,0.52  ,0.07  ,0.00  ,-0.26 ,-0.11 ,0.11  ,0.26
 234 ,T     ,10.0 ,0.73 ,45.94 ,-70.74                ,0.21 ,0.59  ,-0.06 ,0.00  ,-0.34 ,-0.13 ,-0.04 ,0.17
 235 ,T     ,10.0 ,0.73 ,61.25 ,-75.27                ,0.27 ,0.68  ,-0.16 ,0.00  ,-0.36 ,-0.18 ,-0.23 ,0.04
 236 ,T     ,10.0 ,0.73 ,76.56 ,-76.74                ,0.30 ,0.67  ,-0.21 ,0.00  ,-0.32 ,-0.20 ,-0.37 ,-0.09
 237 ,T     ,10.0 ,0.73 ,90.00 ,-75.32                ,0.29 ,0.64  ,-0.21 ,0.00  ,-0.29 ,-0.20 ,-0.39 ,-0.13
 238 ,T     ,10.0 ,1.00 , 0.00 ,-69.20                ,0.02 ,0.27  ,0.53  ,0.00  ,0.44  ,-0.10 ,0.03  ,-0.39
 239 ,T     ,10.0 ,1.00 ,12.73 ,-71.89                ,0.03 ,0.37  ,0.59  ,0.00  ,0.44  ,-0.16 ,0.10  ,-0.28
 240 ,T     ,10.0 ,1.00 ,25.46 ,-73.68                ,0.10 ,0.57  ,0.52  ,0.00  ,0.24  ,-0.27 ,0.22  ,0.04
 241 ,T     ,10.0 ,1.00 ,38.18 ,-75.50                ,0.18 ,0.72  ,0.28  ,0.00  ,-0.05 ,-0.31 ,0.15  ,0.22
 242 ,T     ,10.0 ,1.00 ,50.91 ,-77.43                ,0.26 ,0.77  ,0.01  ,0.00  ,-0.26 ,-0.29 ,-0.09 ,0.14
 243 ,T     ,10.0 ,1.00 ,63.64 ,-77.54                ,0.30 ,0.72  ,-0.17 ,0.00  ,-0.32 ,-0.23 ,-0.32 ,-0.04
 244 ,T     ,10.0 ,1.00 ,76.37 ,-73.97                ,0.28 ,0.59  ,-0.23 ,0.00  ,-0.29 ,-0.17 ,-0.41 ,-0.16
 245 ,T     ,10.0 ,1.00 ,90.00 ,-71.05                ,0.26 ,0.53  ,-0.24 ,0.00  ,-0.26 ,-0.14 ,-0.42 ,-0.20
 246 ,T     ,10.0 ,1.38 , 0.00 ,-72.02                ,0.02 ,0.28  ,0.54  ,0.00  ,0.46  ,-0.13 ,0.05  ,-0.42
 247 ,T     ,10.0 ,1.38 ,11.12 ,-73.41                ,0.02 ,0.32  ,0.57  ,0.00  ,0.46  ,-0.16 ,0.08  ,-0.39
 248 ,T     ,10.0 ,1.38 ,22.25 ,-75.31                ,0.05 ,0.44  ,0.61  ,0.00  ,0.44  ,-0.24 ,0.16  ,-0.26
 249 ,T     ,10.0 ,1.38 ,33.37 ,-75.07                ,0.10 ,0.57  ,0.53  ,0.00  ,0.30  ,-0.33 ,0.21  ,-0.04
 250 ,T     ,10.0 ,1.38 ,44.50 ,-74.22                ,0.16 ,0.67  ,0.34  ,0.00  ,0.08  ,-0.36 ,0.14  ,0.11
 251 ,T     ,10.0 ,1.38 ,55.62 ,-74.51                ,0.23 ,0.74  ,0.11  ,0.00  ,-0.12 ,-0.35 ,-0.03 ,0.12
 252 ,T     ,10.0 ,1.38 ,66.75 ,-76.45                ,0.29 ,0.74  ,-0.09 ,0.00  ,-0.26 ,-0.28 ,-0.24 ,0.01
 253 ,T     ,10.0 ,1.38 ,77.87 ,-76.57                ,0.30 ,0.67  ,-0.20 ,0.00  ,-0.31 ,-0.21 ,-0.37 ,-0.10
 254 ,T     ,10.0 ,1.38 ,90.00 ,-75.34                ,0.29 ,0.63  ,-0.23 ,0.00  ,-0.31 ,-0.17 ,-0.40 ,-0.14
 255 ,T     ,10.0 ,1.96 , 0.00 ,-71.32                ,0.02 ,0.28  ,0.54  ,0.00  ,0.45  ,-0.13 ,0.06  ,-0.42
 256 ,T     ,10.0 ,1.96 ,10.10 ,-72.26                ,0.02 ,0.30  ,0.55  ,0.00  ,0.46  ,-0.15 ,0.07  ,-0.41
 257 ,T     ,10.0 ,1.96 ,20.20 ,-74.21                ,0.03 ,0.37  ,0.59  ,0.00  ,0.46  ,-0.20 ,0.12  ,-0.34
 258 ,T     ,10.0 ,1.96 ,30.30 ,-75.43                ,0.06 ,0.48  ,0.60  ,0.00  ,0.41  ,-0.27 ,0.18  ,-0.20
 259 ,T     ,10.0 ,1.96 ,40.40 ,-75.58                ,0.10 ,0.59  ,0.52  ,0.00  ,0.28  ,-0.33 ,0.21  ,-0.01
 260 ,T     ,10.0 ,1.96 ,50.50 ,-75.78                ,0.16 ,0.69  ,0.37  ,0.00  ,0.08  ,-0.35 ,0.17  ,0.14
 261 ,T     ,10.0 ,1.96 ,60.61 ,-76.62                ,0.22 ,0.76  ,0.17  ,0.00  ,-0.13 ,-0.33 ,0.05  ,0.19
 262 ,T     ,10.0 ,1.96 ,70.71 ,-76.89                ,0.26 ,0.76  ,-0.01 ,0.00  ,-0.29 ,-0.26 ,-0.08 ,0.15
 263 ,T     ,10.0 ,1.96 ,80.81 ,-75.30                ,0.27 ,0.69  ,-0.11 ,0.00  ,-0.35 ,-0.19 ,-0.17 ,0.09
 264 ,T     ,10.0 ,1.96 ,90.00 ,-74.37                ,0.26 ,0.67  ,-0.14 ,0.00  ,-0.36 ,-0.17 ,-0.20 ,0.07
 265 ,T     ,10.0 ,3.08 , 0.00 ,-71.41                ,0.02 ,0.28  ,0.54  ,0.00  ,0.45  ,-0.11 ,0.04  ,-0.41
 266 ,T     ,10.0 ,3.08 , 9.46 ,-71.85                ,0.02 ,0.29  ,0.56  ,0.00  ,0.46  ,-0.12 ,0.05  ,-0.40
 267 ,T     ,10.0 ,3.08 ,18.93 ,-72.88                ,0.03 ,0.34  ,0.59  ,0.00  ,0.46  ,-0.15 ,0.08  ,-0.34
 268 ,T     ,10.0 ,3.08 ,28.39 ,-73.64                ,0.04 ,0.42  ,0.61  ,0.00  ,0.43  ,-0.19 ,0.14  ,-0.24
 269 ,T     ,10.0 ,3.08 ,37.85 ,-73.26                ,0.07 ,0.51  ,0.57  ,0.00  ,0.33  ,-0.24 ,0.19  ,-0.07
 270 ,T     ,10.0 ,3.08 ,47.32 ,-72.08                ,0.11 ,0.59  ,0.47  ,0.00  ,0.17  ,-0.25 ,0.22  ,0.11
 271 ,T     ,10.0 ,3.08 ,56.78 ,-71.12                ,0.14 ,0.63  ,0.32  ,0.00  ,-0.03 ,-0.24 ,0.20  ,0.24
 272 ,T     ,10.0 ,3.08 ,66.24 ,-70.23                ,0.17 ,0.62  ,0.15  ,0.00  ,-0.20 ,-0.18 ,0.13  ,0.27
 273 ,T     ,10.0 ,3.08 ,75.71 ,-68.87                ,0.17 ,0.56  ,0.03  ,0.00  ,-0.29 ,-0.13 ,0.07  ,0.24
 274 ,T     ,10.0 ,3.08 ,85.17 ,-67.77                ,0.17 ,0.52  ,-0.02 ,0.00  ,-0.31 ,-0.09 ,0.03  ,0.21
 275 ,T     ,10.0 ,3.08 ,90.00 ,-67.61                ,0.17 ,0.51  ,-0.03 ,0.00  ,-0.32 ,-0.09 ,0.02  ,0.21
 276 ,T     ,10.0 ,6.31 , 0.00 ,-63.26                ,0.01 ,0.24  ,0.48  ,0.00  ,0.40  ,-0.07 ,0.01  ,-0.34
 277 ,T     ,10.0 ,6.31 , 9.11 ,-63.51                ,0.02 ,0.26  ,0.49  ,0.00  ,0.40  ,-0.08 ,0.02  ,-0.33
 278 ,T     ,10.0 ,6.31 ,18.22 ,-64.13                ,0.02 ,0.29  ,0.51  ,0.00  ,0.40  ,-0.09 ,0.04  ,-0.29
 279 ,T     ,10.0 ,6.31 ,27.34 ,-64.64                ,0.03 ,0.35  ,0.53  ,0.00  ,0.37  ,-0.12 ,0.09  ,-0.20
 280 ,T     ,10.0 ,6.31 ,36.45 ,-64.31                ,0.05 ,0.41  ,0.51  ,0.00  ,0.30  ,-0.14 ,0.14  ,-0.07
 281 ,T     ,10.0 ,6.31 ,45.56 ,-63.29                ,0.07 ,0.46  ,0.44  ,0.00  ,0.17  ,-0.15 ,0.19  ,0.09
 282 ,T     ,10.0 ,6.31 ,54.67 ,-62.64                ,0.09 ,0.49  ,0.32  ,0.00  ,0.01  ,-0.14 ,0.20  ,0.21
 283 ,T     ,10.0 ,6.31 ,63.79 ,-62.35                ,0.11 ,0.48  ,0.20  ,0.00  ,-0.13 ,-0.11 ,0.19  ,0.27
 284 ,T     ,10.0 ,6.31 ,72.90 ,-61.64                ,0.12 ,0.44  ,0.09  ,0.00  ,-0.22 ,-0.07 ,0.15  ,0.27
 285 ,T     ,10.0 ,6.31 ,82.01 ,-60.84                ,0.11 ,0.40  ,0.03  ,0.00  ,-0.26 ,-0.04 ,0.12  ,0.24
 286 ,T     ,10.0 ,6.31 ,90.00 ,-60.57                ,0.11 ,0.38  ,0.02  ,0.00  ,-0.26 ,-0.04 ,0.11  ,0.23
 287 ,T     ,11.0 ,0.00 , 0.00 ,-69.76                ,0.01 ,0.26  ,0.56  ,0.00  ,0.44  ,0.05  ,-0.14 ,-0.31
 288 ,T     ,11.0 ,0.14 , 0.00 ,-71.89                ,0.01 ,0.27  ,0.58  ,0.00  ,0.45  ,0.07  ,-0.17 ,-0.31
 289 ,T     ,11.0 ,0.14 ,57.49 ,-73.50                ,0.02 ,0.34  ,0.63  ,0.00  ,0.45  ,0.04  ,-0.11 ,-0.26
 290 ,T     ,11.0 ,0.14 ,90.00 ,-73.11                ,0.02 ,0.35  ,0.64  ,0.00  ,0.44  ,0.02  ,-0.09 ,-0.24
 291 ,T     ,11.0 ,0.29 , 0.00 ,-66.04                ,0.01 ,0.24  ,0.52  ,0.00  ,0.40  ,0.10  ,-0.18 ,-0.24
 292 ,T     ,11.0 ,0.29 ,29.04 ,-71.59                ,0.03 ,0.38  ,0.64  ,0.00  ,0.39  ,0.08  ,-0.08 ,-0.10
 293 ,T     ,11.0 ,0.29 ,58.08 ,-75.68                ,0.06 ,0.53  ,0.67  ,0.00  ,0.28  ,-0.01 ,0.06  ,0.03
 294 ,T     ,11.0 ,0.29 ,90.00 ,-73.26                ,0.06 ,0.53  ,0.61  ,0.00  ,0.23  ,-0.07 ,0.07  ,0.02
 295 ,T     ,11.0 ,0.46 , 0.00 ,-58.18                ,0.01 ,0.19  ,0.42  ,0.00  ,0.32  ,0.10  ,-0.17 ,-0.17
 296 ,T     ,11.0 ,0.46 ,19.70 ,-62.38                ,0.05 ,0.40  ,0.42  ,0.00  ,0.01  ,0.10  ,0.15  ,0.24
 297 ,T     ,11.0 ,0.46 ,39.39 ,-69.02                ,0.08 ,0.53  ,0.35  ,0.00  ,-0.20 ,0.06  ,0.24  ,0.31
 298 ,T     ,11.0 ,0.46 ,59.09 ,-74.70                ,0.12 ,0.68  ,0.36  ,0.00  ,-0.26 ,-0.04 ,0.18  ,0.23
 299 ,T     ,11.0 ,0.46 ,78.78 ,-73.37                ,0.13 ,0.68  ,0.32  ,0.00  ,-0.22 ,-0.12 ,0.07  ,0.10
 300 ,T     ,11.0 ,0.46 ,90.00 ,-71.98                ,0.13 ,0.66  ,0.31  ,0.00  ,-0.20 ,-0.14 ,0.04  ,0.08
 301 ,T     ,11.0 ,0.64 , 0.00 ,-56.86                ,0.01 ,0.19  ,0.41  ,0.00  ,0.31  ,0.10  ,-0.16 ,-0.16
 302 ,T     ,11.0 ,0.64 ,15.13 ,-60.48                ,0.05 ,0.34  ,0.17  ,0.00  ,-0.27 ,0.10  ,0.26  ,0.29
 303 ,T     ,11.0 ,0.64 ,30.27 ,-64.62                ,0.07 ,0.36  ,0.09  ,0.00  ,-0.37 ,0.08  ,0.24  ,0.24
 304 ,T     ,11.0 ,0.64 ,45.40 ,-69.34                ,0.10 ,0.47  ,0.07  ,0.00  ,-0.46 ,0.05  ,0.17  ,0.17
 305 ,T     ,11.0 ,0.64 ,60.53 ,-73.54                ,0.15 ,0.63  ,0.04  ,0.00  ,-0.54 ,-0.03 ,0.01  ,0.01
 306 ,T     ,11.0 ,0.64 ,75.67 ,-75.92                ,0.18 ,0.68  ,0.00  ,0.00  ,-0.52 ,-0.11 ,-0.18 ,-0.17
 307 ,T     ,11.0 ,0.64 ,90.00 ,-74.02                ,0.18 ,0.65  ,-0.01 ,0.00  ,-0.47 ,-0.13 ,-0.23 ,-0.23
 308 ,T     ,11.0 ,0.87 , 0.00 ,-62.97                ,0.01 ,0.22  ,0.48  ,0.00  ,0.37  ,0.10  ,-0.18 ,-0.21
 309 ,T     ,11.0 ,0.87 ,12.49 ,-66.17                ,0.03 ,0.35  ,0.57  ,0.00  ,0.31  ,0.10  ,-0.06 ,-0.04
 310 ,T     ,11.0 ,0.87 ,24.99 ,-68.45                ,0.07 ,0.51  ,0.47  ,0.00  ,-0.03 ,0.06  ,0.19  ,0.26
 311 ,T     ,11.0 ,0.87 ,37.48 ,-72.12                ,0.11 ,0.60  ,0.27  ,0.00  ,-0.34 ,0.02  ,0.22  ,0.27
 312 ,T     ,11.0 ,0.87 ,49.98 ,-74.09                ,0.15 ,0.65  ,0.10  ,0.00  ,-0.51 ,-0.03 ,0.07  ,0.08
 313 ,T     ,11.0 ,0.87 ,62.47 ,-74.72                ,0.17 ,0.64  ,-0.04 ,0.00  ,-0.56 ,-0.07 ,-0.16 ,-0.17
 314 ,T     ,11.0 ,0.87 ,74.96 ,-73.23                ,0.17 ,0.56  ,-0.10 ,0.00  ,-0.49 ,-0.09 ,-0.32 ,-0.34
 315 ,T     ,11.0 ,0.87 ,87.46 ,-70.16                ,0.15 ,0.49  ,-0.12 ,0.00  ,-0.42 ,-0.09 ,-0.35 ,-0.38
 316 ,T     ,11.0 ,0.87 ,90.00 ,-70.03                ,0.15 ,0.48  ,-0.12 ,0.00  ,-0.42 ,-0.09 ,-0.35 ,-0.38
 317 ,T     ,11.0 ,1.15 , 0.00 ,-71.19                ,0.01 ,0.27  ,0.58  ,0.00  ,0.45  ,0.08  ,-0.17 ,-0.29
 318 ,T     ,11.0 ,1.15 ,10.83 ,-73.19                ,0.02 ,0.32  ,0.63  ,0.00  ,0.45  ,0.07  ,-0.14 ,-0.25
 319 ,T     ,11.0 ,1.15 ,21.65 ,-75.46                ,0.04 ,0.46  ,0.69  ,0.00  ,0.38  ,0.03  ,-0.02 ,-0.07
 320 ,T     ,11.0 ,1.15 ,32.48 ,-75.32                ,0.07 ,0.59  ,0.61  ,0.00  ,0.14  ,-0.04 ,0.12  ,0.12
 321 ,T     ,11.0 ,1.15 ,43.30 ,-74.69                ,0.12 ,0.68  ,0.41  ,0.00  ,-0.14 ,-0.10 ,0.12  ,0.16
 322 ,T     ,11.0 ,1.15 ,54.13 ,-74.18                ,0.16 ,0.71  ,0.19  ,0.00  ,-0.37 ,-0.13 ,-0.01 ,0.02
 323 ,T     ,11.0 ,1.15 ,64.96 ,-74.38                ,0.18 ,0.67  ,0.01  ,0.00  ,-0.48 ,-0.13 ,-0.21 ,-0.20
 324 ,T     ,11.0 ,1.15 ,75.78 ,-72.93                ,0.17 ,0.56  ,-0.09 ,0.00  ,-0.47 ,-0.11 ,-0.32 ,-0.34
 325 ,T     ,11.0 ,1.15 ,86.61 ,-70.26                ,0.15 ,0.49  ,-0.12 ,0.00  ,-0.43 ,-0.09 ,-0.35 ,-0.38
 326 ,T     ,11.0 ,1.15 ,90.00 ,-70.03                ,0.15 ,0.48  ,-0.12 ,0.00  ,-0.42 ,-0.09 ,-0.35 ,-0.38
 327 ,T     ,11.0 ,1.56 , 0.00 ,-70.23                ,0.01 ,0.27  ,0.56  ,0.00  ,0.44  ,0.05  ,-0.15 ,-0.31
 328 ,T     ,11.0 ,1.56 , 9.73 ,-71.49                ,0.02 ,0.29  ,0.59  ,0.00  ,0.45  ,0.04  ,-0.13 ,-0.30
 329 ,T     ,11.0 ,1.56 ,19.45 ,-73.63                ,0.03 ,0.37  ,0.65  ,0.00  ,0.44  ,0.02  ,-0.08 ,-0.22
 330 ,T     ,11.0 ,1.56 ,29.18 ,-73.96                ,0.04 ,0.46  ,0.66  ,0.00  ,0.35  ,-0.03 ,0.01  ,-0.09
 331 ,T     ,11.0 ,1.56 ,38.90 ,-73.02                ,0.07 ,0.55  ,0.58  ,0.00  ,0.18  ,-0.08 ,0.09  ,0.05
 332 ,T     ,11.0 ,1.56 ,48.63 ,-72.43                ,0.10 ,0.62  ,0.43  ,0.00  ,-0.05 ,-0.12 ,0.10  ,0.11
 333 ,T     ,11.0 ,1.56 ,58.35 ,-73.08                ,0.14 ,0.69  ,0.26  ,0.00  ,-0.28 ,-0.13 ,0.03  ,0.06
 334 ,T     ,11.0 ,1.56 ,68.08 ,-75.24                ,0.17 ,0.71  ,0.09  ,0.00  ,-0.46 ,-0.12 ,-0.09 ,-0.07
 335 ,T     ,11.0 ,1.56 ,77.81 ,-75.79                ,0.18 ,0.67  ,-0.02 ,0.00  ,-0.54 ,-0.10 ,-0.19 ,-0.20
 336 ,T     ,11.0 ,1.56 ,87.53 ,-74.44                ,0.18 ,0.62  ,-0.07 ,0.00  ,-0.54 ,-0.08 ,-0.23 ,-0.25
 337 ,T     ,11.0 ,1.56 ,90.00 ,-74.35                ,0.17 ,0.62  ,-0.07 ,0.00  ,-0.54 ,-0.08 ,-0.23 ,-0.25
 338 ,T     ,11.0 ,2.19 , 0.00 ,-71.26                ,0.01 ,0.27  ,0.57  ,0.00  ,0.45  ,0.06  ,-0.15 ,-0.31
 339 ,T     ,11.0 ,2.19 , 9.00 ,-72.12                ,0.01 ,0.29  ,0.59  ,0.00  ,0.45  ,0.05  ,-0.15 ,-0.30
 340 ,T     ,11.0 ,2.19 ,18.00 ,-74.05                ,0.02 ,0.34  ,0.64  ,0.00  ,0.46  ,0.04  ,-0.11 ,-0.26
 341 ,T     ,11.0 ,2.19 ,27.00 ,-75.54                ,0.03 ,0.42  ,0.69  ,0.00  ,0.42  ,0.02  ,-0.05 ,-0.16
 342 ,T     ,11.0 ,2.19 ,36.00 ,-75.74                ,0.05 ,0.51  ,0.68  ,0.00  ,0.31  ,-0.01 ,0.04  ,-0.01
 343 ,T     ,11.0 ,2.19 ,45.00 ,-75.29                ,0.08 ,0.59  ,0.60  ,0.00  ,0.13  ,-0.04 ,0.12  ,0.13
 344 ,T     ,11.0 ,2.19 ,54.00 ,-74.90                ,0.10 ,0.66  ,0.47  ,0.00  ,-0.10 ,-0.05 ,0.17  ,0.22
 345 ,T     ,11.0 ,2.19 ,63.00 ,-74.82                ,0.13 ,0.69  ,0.31  ,0.00  ,-0.33 ,-0.04 ,0.17  ,0.22
 346 ,T     ,11.0 ,2.19 ,72.00 ,-74.09                ,0.14 ,0.65  ,0.15  ,0.00  ,-0.47 ,-0.02 ,0.12  ,0.15
 347 ,T     ,11.0 ,2.19 ,81.00 ,-72.29                ,0.14 ,0.58  ,0.06  ,0.00  ,-0.51 ,-0.00 ,0.08  ,0.08
 348 ,T     ,11.0 ,2.19 ,90.00 ,-71.33                ,0.13 ,0.55  ,0.03  ,0.00  ,-0.52 ,0.00  ,0.06  ,0.06
 349 ,T     ,11.0 ,3.41 , 0.00 ,-69.03                ,0.01 ,0.26  ,0.55  ,0.00  ,0.43  ,0.09  ,-0.18 ,-0.27
 350 ,T     ,11.0 ,3.41 , 9.00 ,-69.40                ,0.01 ,0.27  ,0.57  ,0.00  ,0.43  ,0.09  ,-0.17 ,-0.25
 351 ,T     ,11.0 ,3.41 ,18.00 ,-70.26                ,0.02 ,0.31  ,0.60  ,0.00  ,0.42  ,0.09  ,-0.14 ,-0.21
 352 ,T     ,11.0 ,3.41 ,27.00 ,-70.90                ,0.03 ,0.37  ,0.63  ,0.00  ,0.39  ,0.08  ,-0.09 ,-0.11
 353 ,T     ,11.0 ,3.41 ,36.00 ,-70.53                ,0.04 ,0.43  ,0.63  ,0.00  ,0.29  ,0.07  ,0.01  ,0.02
 354 ,T     ,11.0 ,3.41 ,45.00 ,-69.45                ,0.05 ,0.49  ,0.56  ,0.00  ,0.13  ,0.06  ,0.11  ,0.17
 355 ,T     ,11.0 ,3.41 ,54.00 ,-68.74                ,0.07 ,0.52  ,0.44  ,0.00  ,-0.07 ,0.06  ,0.20  ,0.28
 356 ,T     ,11.0 ,3.41 ,63.00 ,-68.59                ,0.08 ,0.51  ,0.30  ,0.00  ,-0.25 ,0.06  ,0.25  ,0.31
 357 ,T     ,11.0 ,3.41 ,72.00 ,-68.07                ,0.09 ,0.47  ,0.18  ,0.00  ,-0.36 ,0.07  ,0.25  ,0.28
 358 ,T     ,11.0 ,3.41 ,81.00 ,-67.12                ,0.08 ,0.42  ,0.10  ,0.00  ,-0.39 ,0.07  ,0.23  ,0.23
 359 ,T     ,11.0 ,3.41 ,90.00 ,-66.66                ,0.08 ,0.40  ,0.08  ,0.00  ,-0.40 ,0.07  ,0.22  ,0.22
 360 ,T     ,11.0 ,6.96 , 0.00 ,-60.27                ,0.01 ,0.21  ,0.45  ,0.00  ,0.34  ,0.10  ,-0.17 ,-0.19
 361 ,T     ,11.0 ,6.96 , 9.00 ,-60.50                ,0.01 ,0.22  ,0.46  ,0.00  ,0.34  ,0.10  ,-0.16 ,-0.18
 362 ,T     ,11.0 ,6.96 ,18.00 ,-61.12                ,0.01 ,0.24  ,0.48  ,0.00  ,0.33  ,0.11  ,-0.14 ,-0.14
 363 ,T     ,11.0 ,6.96 ,27.00 ,-61.77                ,0.02 ,0.28  ,0.51  ,0.00  ,0.30  ,0.11  ,-0.09 ,-0.06
 364 ,T     ,11.0 ,6.96 ,36.00 ,-61.81                ,0.03 ,0.33  ,0.50  ,0.00  ,0.23  ,0.11  ,-0.01 ,0.05
 365 ,T     ,11.0 ,6.96 ,45.00 ,-61.31                ,0.04 ,0.37  ,0.45  ,0.00  ,0.10  ,0.11  ,0.09  ,0.18
 366 ,T     ,11.0 ,6.96 ,54.00 ,-61.18                ,0.05 ,0.39  ,0.36  ,0.00  ,-0.06 ,0.11  ,0.19  ,0.27
 367 ,T     ,11.0 ,6.96 ,63.00 ,-61.42                ,0.06 ,0.38  ,0.26  ,0.00  ,-0.20 ,0.11  ,0.25  ,0.31
 368 ,T     ,11.0 ,6.96 ,72.00 ,-61.10                ,0.06 ,0.34  ,0.16  ,0.00  ,-0.28 ,0.10  ,0.26  ,0.29
 369 ,T     ,11.0 ,6.96 ,81.00 ,-60.44                ,0.05 ,0.31  ,0.11  ,0.00  ,-0.31 ,0.10  ,0.25  ,0.26
 370 ,T     ,11.0 ,6.96 ,90.00 ,-60.14                ,0.05 ,0.30  ,0.09  ,0.00  ,-0.31 ,0.09  ,0.25  ,0.24
 371 ,T     ,12.0 ,0.00 , 0.00 ,-68.01                ,0.01 ,0.23  ,0.52  ,0.00  ,0.39  ,0.21  ,-0.32 ,-0.17
 372 ,T     ,12.0 ,0.13 , 0.00 ,-70.92                ,0.01 ,0.24  ,0.55  ,0.00  ,0.40  ,0.24  ,-0.36 ,-0.16
 373 ,T     ,12.0 ,0.13 ,57.46 ,-72.17                ,0.01 ,0.28  ,0.60  ,0.00  ,0.41  ,0.24  ,-0.32 ,-0.12
 374 ,T     ,12.0 ,0.13 ,90.00 ,-71.59                ,0.01 ,0.29  ,0.61  ,0.00  ,0.39  ,0.23  ,-0.30 ,-0.11
 375 ,T     ,12.0 ,0.27 , 0.00 ,-66.49                ,0.01 ,0.21  ,0.48  ,-0.00 ,0.34  ,0.25  ,-0.35 ,-0.09
 376 ,T     ,12.0 ,0.27 ,28.98 ,-71.56                ,0.02 ,0.31  ,0.61  ,0.00  ,0.35  ,0.30  ,-0.30 ,0.01
 377 ,T     ,12.0 ,0.27 ,57.96 ,-75.14                ,0.03 ,0.43  ,0.70  ,0.00  ,0.28  ,0.28  ,-0.16 ,0.11
 378 ,T     ,12.0 ,0.27 ,86.93 ,-72.08                ,0.03 ,0.43  ,0.64  ,0.00  ,0.22  ,0.22  ,-0.11 ,0.09
 379 ,T     ,12.0 ,0.27 ,90.00 ,-72.02                ,0.03 ,0.43  ,0.64  ,0.00  ,0.22  ,0.22  ,-0.11 ,0.09
 380 ,T     ,12.0 ,0.41 , 0.00 ,-59.04                ,0.01 ,0.16  ,0.37  ,-0.00 ,0.26  ,0.22  ,-0.28 ,-0.04
 381 ,T     ,12.0 ,0.41 ,19.60 ,-63.70                ,0.02 ,0.29  ,0.46  ,-0.00 ,0.11  ,0.29  ,-0.06 ,0.22
 382 ,T     ,12.0 ,0.41 ,39.20 ,-69.27                ,0.04 ,0.42  ,0.47  ,0.00  ,-0.11 ,0.30  ,0.18  ,0.35
 383 ,T     ,12.0 ,0.41 ,58.80 ,-73.62                ,0.06 ,0.56  ,0.52  ,0.00  ,-0.20 ,0.26  ,0.19  ,0.29
 384 ,T     ,12.0 ,0.41 ,78.39 ,-71.84                ,0.07 ,0.54  ,0.46  ,0.00  ,-0.19 ,0.15  ,0.09  ,0.14
 385 ,T     ,12.0 ,0.41 ,90.00 ,-70.25                ,0.06 ,0.52  ,0.44  ,0.00  ,-0.17 ,0.13  ,0.07  ,0.11
 386 ,T     ,12.0 ,0.58 , 0.00 ,15.89                 ,0.00 ,-0.00 ,-0.00 ,0.00  ,0.00  ,0.00  ,0.00  ,0.00
 387 ,T     ,12.0 ,0.58 ,15.00 ,-59.43                ,0.02 ,0.21  ,0.11  ,0.00  ,-0.30 ,0.19  ,0.33  ,0.25
 388 ,T     ,12.0 ,0.58 ,30.00 ,-65.08                ,0.03 ,0.27  ,0.14  ,0.00  ,-0.37 ,0.21  ,0.37  ,0.26
 389 ,T     ,12.0 ,0.58 ,45.00 ,-70.28                ,0.05 ,0.39  ,0.18  ,0.00  ,-0.48 ,0.22  ,0.37  ,0.22
 390 ,T     ,12.0 ,0.58 ,60.00 ,-73.54                ,0.08 ,0.55  ,0.21  ,0.00  ,-0.59 ,0.19  ,0.26  ,0.06
 391 ,T     ,12.0 ,0.58 ,75.00 ,-74.08                ,0.10 ,0.60  ,0.20  ,0.00  ,-0.59 ,0.10  ,0.07  ,-0.16
 392 ,T     ,12.0 ,0.58 ,90.00 ,-70.84                ,0.09 ,0.55  ,0.17  ,0.00  ,-0.52 ,0.06  ,-0.02 ,-0.24
 393 ,T     ,12.0 ,0.77 , 0.00 ,-59.04                ,0.01 ,0.16  ,0.37  ,-0.00 ,0.26  ,0.22  ,-0.28 ,-0.04
 394 ,T     ,12.0 ,0.77 ,12.32 ,-62.43                ,0.02 ,0.27  ,0.44  ,-0.00 ,0.11  ,0.29  ,-0.06 ,0.21
 395 ,T     ,12.0 ,0.77 ,24.64 ,-66.58                ,0.04 ,0.36  ,0.32  ,0.00  ,-0.25 ,0.28  ,0.30  ,0.36
 396 ,T     ,12.0 ,0.77 ,36.96 ,-70.27                ,0.05 ,0.40  ,0.21  ,0.00  ,-0.45 ,0.23  ,0.37  ,0.26
 397 ,T     ,12.0 ,0.77 ,49.28 ,-71.20                ,0.07 ,0.45  ,0.14  ,0.00  ,-0.57 ,0.18  ,0.29  ,0.07
 398 ,T     ,12.0 ,0.77 ,61.60 ,-71.43                ,0.09 ,0.51  ,0.08  ,0.00  ,-0.64 ,0.12  ,0.10  ,-0.21
 399 ,T     ,12.0 ,0.77 ,73.92 ,-73.19                ,0.10 ,0.50  ,0.03  ,0.00  ,-0.62 ,0.05  ,-0.11 ,-0.46
 400 ,T     ,12.0 ,0.77 ,86.24 ,-71.62                ,0.09 ,0.44  ,0.00  ,0.00  ,-0.54 ,0.01  ,-0.20 ,-0.52
 401 ,T     ,12.0 ,0.77 ,90.00 ,-71.37                ,0.09 ,0.44  ,-0.00 ,0.00  ,-0.54 ,0.01  ,-0.20 ,-0.53
 402 ,T     ,12.0 ,1.00 , 0.00 ,-66.49                ,0.01 ,0.21  ,0.48  ,-0.00 ,0.34  ,0.25  ,-0.35 ,-0.09
 403 ,T     ,12.0 ,1.00 ,10.61 ,-68.95                ,0.01 ,0.26  ,0.56  ,-0.00 ,0.34  ,0.28  ,-0.31 ,-0.02
 404 ,T     ,12.0 ,1.00 ,21.21 ,-71.36                ,0.03 ,0.39  ,0.62  ,0.00  ,0.20  ,0.32  ,-0.11 ,0.19
 405 ,T     ,12.0 ,1.00 ,31.82 ,-72.54                ,0.05 ,0.50  ,0.55  ,0.00  ,-0.09 ,0.29  ,0.14  ,0.32
 406 ,T     ,12.0 ,1.00 ,42.43 ,-73.93                ,0.07 ,0.59  ,0.41  ,0.00  ,-0.39 ,0.23  ,0.25  ,0.23
 407 ,T     ,12.0 ,1.00 ,53.03 ,-74.65                ,0.09 ,0.61  ,0.24  ,0.00  ,-0.59 ,0.14  ,0.15  ,-0.05
 408 ,T     ,12.0 ,1.00 ,63.64 ,-74.38                ,0.10 ,0.56  ,0.09  ,0.00  ,-0.64 ,0.06  ,-0.05 ,-0.37
 409 ,T     ,12.0 ,1.00 ,74.25 ,-71.89                ,0.09 ,0.45  ,-0.00 ,0.00  ,-0.55 ,0.01  ,-0.19 ,-0.52
 410 ,T     ,12.0 ,1.00 ,84.85 ,-67.86                ,0.08 ,0.36  ,-0.03 ,0.00  ,-0.46 ,-0.00 ,-0.23 ,-0.54
 411 ,T     ,12.0 ,1.00 ,90.00 ,-67.18                ,0.08 ,0.35  ,-0.04 ,0.00  ,-0.45 ,-0.00 ,-0.23 ,-0.53
 412 ,T     ,12.0 ,1.30 , 0.00 ,-70.92                ,0.01 ,0.24  ,0.55  ,0.00  ,0.40  ,0.24  ,-0.36 ,-0.16
 413 ,T     ,12.0 ,1.30 , 9.45 ,-72.55                ,0.01 ,0.27  ,0.59  ,0.00  ,0.41  ,0.26  ,-0.35 ,-0.13
 414 ,T     ,12.0 ,1.30 ,18.91 ,-74.85                ,0.02 ,0.35  ,0.67  ,0.00  ,0.39  ,0.28  ,-0.29 ,-0.03
 415 ,T     ,12.0 ,1.30 ,28.36 ,-74.47                ,0.03 ,0.44  ,0.68  ,0.00  ,0.25  ,0.26  ,-0.14 ,0.10
 416 ,T     ,12.0 ,1.30 ,37.81 ,-72.80                ,0.05 ,0.50  ,0.59  ,0.00  ,0.03  ,0.20  ,0.02  ,0.18
 417 ,T     ,12.0 ,1.30 ,47.27 ,-71.10                ,0.07 ,0.54  ,0.44  ,0.00  ,-0.20 ,0.14  ,0.08  ,0.11
 418 ,T     ,12.0 ,1.30 ,56.72 ,-70.18                ,0.08 ,0.56  ,0.28  ,0.00  ,-0.41 ,0.09  ,0.05  ,-0.07
 419 ,T     ,12.0 ,1.30 ,66.17 ,-71.39                ,0.10 ,0.55  ,0.14  ,0.00  ,-0.55 ,0.05  ,-0.05 ,-0.30
 420 ,T     ,12.0 ,1.30 ,75.63 ,-73.01                ,0.10 ,0.50  ,0.04  ,0.00  ,-0.59 ,0.03  ,-0.15 ,-0.47
 421 ,T     ,12.0 ,1.30 ,85.08 ,-71.84                ,0.09 ,0.44  ,-0.01 ,0.00  ,-0.56 ,0.02  ,-0.19 ,-0.52
 422 ,T     ,12.0 ,1.30 ,90.00 ,-71.45                ,0.09 ,0.43  ,-0.01 ,0.00  ,-0.55 ,0.02  ,-0.19 ,-0.53
 423 ,T     ,12.0 ,1.73 , 0.00 ,-68.01                ,0.01 ,0.23  ,0.52  ,0.00  ,0.39  ,0.21  ,-0.32 ,-0.17
 424 ,T     ,12.0 ,1.73 , 9.00 ,-69.30                ,0.01 ,0.25  ,0.55  ,0.00  ,0.39  ,0.22  ,-0.32 ,-0.15
 425 ,T     ,12.0 ,1.73 ,18.00 ,-71.77                ,0.01 ,0.30  ,0.61  ,0.00  ,0.39  ,0.23  ,-0.30 ,-0.10
 426 ,T     ,12.0 ,1.73 ,27.00 ,-72.83                ,0.02 ,0.37  ,0.66  ,0.00  ,0.34  ,0.24  ,-0.22 ,-0.01
 427 ,T     ,12.0 ,1.73 ,36.00 ,-72.43                ,0.04 ,0.44  ,0.64  ,0.00  ,0.20  ,0.22  ,-0.10 ,0.10
 428 ,T     ,12.0 ,1.73 ,45.00 ,-72.15                ,0.05 ,0.50  ,0.56  ,0.00  ,0.00  ,0.19  ,0.03  ,0.17
 429 ,T     ,12.0 ,1.73 ,54.00 ,-72.46                ,0.07 ,0.56  ,0.45  ,0.00  ,-0.23 ,0.16  ,0.11  ,0.14
 430 ,T     ,12.0 ,1.73 ,63.00 ,-73.63                ,0.09 ,0.61  ,0.32  ,0.00  ,-0.47 ,0.14  ,0.14  ,0.03
 431 ,T     ,12.0 ,1.73 ,72.00 ,-74.69                ,0.10 ,0.60  ,0.19  ,0.00  ,-0.63 ,0.13  ,0.12  ,-0.13
 432 ,T     ,12.0 ,1.73 ,81.00 ,-73.13                ,0.10 ,0.54  ,0.10  ,0.00  ,-0.66 ,0.11  ,0.08  ,-0.23
 433 ,T     ,12.0 ,1.73 ,90.00 ,-71.70                ,0.09 ,0.51  ,0.07  ,0.00  ,-0.65 ,0.10  ,0.06  ,-0.26
 434 ,T     ,12.0 ,2.41 , 0.00 ,-70.92                ,0.01 ,0.24  ,0.55  ,0.00  ,0.40  ,0.24  ,-0.36 ,-0.16
 435 ,T     ,12.0 ,2.41 , 9.00 ,-71.81                ,0.01 ,0.25  ,0.58  ,0.00  ,0.41  ,0.25  ,-0.36 ,-0.14
 436 ,T     ,12.0 ,2.41 ,18.00 ,-73.75                ,0.01 ,0.30  ,0.63  ,0.00  ,0.41  ,0.27  ,-0.34 ,-0.09
 437 ,T     ,12.0 ,2.41 ,27.00 ,-75.05                ,0.02 ,0.37  ,0.69  ,0.00  ,0.37  ,0.29  ,-0.27 ,0.01
 438 ,T     ,12.0 ,2.41 ,36.00 ,-74.81                ,0.03 ,0.44  ,0.69  ,0.00  ,0.25  ,0.30  ,-0.14 ,0.14
 439 ,T     ,12.0 ,2.41 ,45.00 ,-73.82                ,0.04 ,0.49  ,0.63  ,0.00  ,0.06  ,0.29  ,0.03  ,0.26
 440 ,T     ,12.0 ,2.41 ,54.00 ,-73.04                ,0.06 ,0.53  ,0.52  ,0.00  ,-0.18 ,0.28  ,0.19  ,0.32
 441 ,T     ,12.0 ,2.41 ,63.00 ,-72.97                ,0.07 ,0.54  ,0.38  ,0.00  ,-0.39 ,0.26  ,0.30  ,0.29
 442 ,T     ,12.0 ,2.41 ,72.00 ,-72.67                ,0.07 ,0.50  ,0.25  ,0.00  ,-0.52 ,0.23  ,0.34  ,0.20
 443 ,T     ,12.0 ,2.41 ,81.00 ,-71.20                ,0.06 ,0.44  ,0.16  ,0.00  ,-0.54 ,0.20  ,0.32  ,0.13
 444 ,T     ,12.0 ,2.41 ,90.00 ,-70.32                ,0.06 ,0.41  ,0.13  ,0.00  ,-0.54 ,0.19  ,0.31  ,0.10
 445 ,T     ,12.0 ,3.73 , 0.00 ,-66.49                ,0.01 ,0.21  ,0.48  ,-0.00 ,0.34  ,0.25  ,-0.35 ,-0.09
 446 ,T     ,12.0 ,3.73 , 9.00 ,-66.86                ,0.01 ,0.22  ,0.49  ,-0.00 ,0.34  ,0.26  ,-0.34 ,-0.08
 447 ,T     ,12.0 ,3.73 ,18.00 ,-67.74                ,0.01 ,0.24  ,0.53  ,-0.00 ,0.34  ,0.27  ,-0.32 ,-0.03
 448 ,T     ,12.0 ,3.73 ,27.00 ,-68.44                ,0.02 ,0.29  ,0.56  ,-0.00 ,0.30  ,0.30  ,-0.26 ,0.06
 449 ,T     ,12.0 ,3.73 ,36.00 ,-68.32                ,0.02 ,0.33  ,0.56  ,-0.00 ,0.20  ,0.31  ,-0.14 ,0.17
 450 ,T     ,12.0 ,3.73 ,45.00 ,-67.69                ,0.03 ,0.37  ,0.51  ,0.00  ,0.05  ,0.31  ,0.02  ,0.29
 451 ,T     ,12.0 ,3.73 ,54.00 ,-67.52                ,0.04 ,0.39  ,0.43  ,0.00  ,-0.12 ,0.30  ,0.19  ,0.36
 452 ,T     ,12.0 ,3.73 ,63.00 ,-67.89                ,0.04 ,0.38  ,0.32  ,0.00  ,-0.28 ,0.28  ,0.32  ,0.36
 453 ,T     ,12.0 ,3.73 ,72.00 ,-67.74                ,0.04 ,0.34  ,0.22  ,0.00  ,-0.37 ,0.24  ,0.37  ,0.31
 454 ,T     ,12.0 ,3.73 ,81.00 ,-66.95                ,0.04 ,0.31  ,0.15  ,0.00  ,-0.40 ,0.21  ,0.37  ,0.26
 455 ,T     ,12.0 ,3.73 ,90.00 ,-66.53                ,0.04 ,0.29  ,0.13  ,0.00  ,-0.40 ,0.20  ,0.37  ,0.24
 456 ,T     ,12.0 ,7.60 , 0.00 ,-59.04                ,0.01 ,0.16  ,0.37  ,-0.00 ,0.26  ,0.22  ,-0.28 ,-0.04
 457 ,T     ,12.0 ,7.60 , 9.00 ,-59.27                ,0.01 ,0.16  ,0.38  ,-0.00 ,0.26  ,0.22  ,-0.28 ,-0.03
 458 ,T     ,12.0 ,7.60 ,18.00 ,-59.90                ,0.01 ,0.18  ,0.40  ,-0.00 ,0.25  ,0.24  ,-0.26 ,0.01
 459 ,T     ,12.0 ,7.60 ,27.00 ,-60.61                ,0.01 ,0.21  ,0.43  ,-0.00 ,0.22  ,0.26  ,-0.21 ,0.08
 460 ,T     ,12.0 ,7.60 ,36.00 ,-60.85                ,0.01 ,0.25  ,0.43  ,-0.00 ,0.15  ,0.28  ,-0.12 ,0.17
 461 ,T     ,12.0 ,7.60 ,45.00 ,-60.63                ,0.02 ,0.27  ,0.40  ,-0.00 ,0.04  ,0.28  ,0.02  ,0.26
 462 ,T     ,12.0 ,7.60 ,54.00 ,-60.75                ,0.02 ,0.28  ,0.33  ,-0.00 ,-0.10 ,0.27  ,0.17  ,0.32
 463 ,T     ,12.0 ,7.60 ,63.00 ,-61.18                ,0.03 ,0.28  ,0.25  ,0.00  ,-0.21 ,0.25  ,0.28  ,0.34
 464 ,T     ,12.0 ,7.60 ,72.00 ,-61.00                ,0.03 ,0.25  ,0.18  ,0.00  ,-0.28 ,0.22  ,0.33  ,0.30
 465 ,T     ,12.0 ,7.60 ,81.00 ,-60.41                ,0.03 ,0.22  ,0.13  ,0.00  ,-0.30 ,0.20  ,0.34  ,0.26
 466 ,T     ,12.0 ,7.60 ,90.00 ,-60.12                ,0.03 ,0.21  ,0.11  ,0.00  ,-0.30 ,0.19  ,0.34  ,0.25
