base judge R  Y/X  θ  ,E      ,ol1   ,ol2   ,ol3   ,ol4   ,ol5   ,ol6   ,ol7   ,ol8
1 F 0.0 0.00 0.00     ,-21.88 ,0.70  ,-0.29 ,-0.33 ,0.14  ,0.14  ,-0.28 ,0.21  ,0.08
2 F 1.0 0.00 0.00     ,-15.33 ,0.71  ,-0.22 ,-0.15 ,0.08  ,0.01  ,-0.02 ,0.03  ,-0.08
3 F 1.0 0.00 0.00     ,-24.19 ,0.80  ,-0.30 ,-0.30 ,0.13  ,0.10  ,-0.21 ,0.15  ,0.03
4 F 2.0 0.00 0.00     ,-16.70 ,0.74  ,-0.16 ,-0.05 ,0.10  ,-0.06 ,0.03  ,0.05  ,-0.15
5 F 2.0 0.00 0.00     ,-25.99 ,0.85  ,-0.29 ,-0.27 ,0.12  ,0.08  ,-0.18 ,0.14  ,0.02
6 F 3.0 0.00 0.00     ,-15.16 ,0.66  ,-0.03 ,0.12  ,0.12  ,-0.16 ,0.10  ,0.09  ,-0.23
7 F 3.0 0.00 0.00     ,-26.04 ,0.90  ,-0.24 ,-0.18 ,0.09  ,0.03  ,-0.10 ,0.09  ,0.00
8 F 4.0 0.00 0.00     ,-14.70 ,0.53  ,0.14  ,0.30  ,0.15  ,-0.24 ,0.14  ,0.15  ,-0.26
9 F 4.0 0.00 0.00     ,-21.39 ,0.84  ,-0.10 ,-0.00 ,0.01  ,-0.05 ,0.02  ,0.01  ,0.03
10 F 5.0 0.00 0.00    ,-14.37 ,0.40  ,0.32  ,0.41  ,0.19  ,-0.26 ,0.11  ,0.23  ,-0.17
11 F 5.0 0.00 0.00    ,-14.85 ,0.61  ,0.12  ,0.18  ,-0.11 ,-0.12 ,0.08  ,-0.05 ,0.16
12 F 6.0 0.00 0.00    ,-13.45 ,0.27  ,0.46  ,0.37  ,0.22  ,-0.19 ,0.02  ,0.27  ,0.04
13 F 6.0 0.00 0.00    ,-12.10 ,0.36  ,0.30  ,0.20  ,-0.22 ,-0.13 ,0.03  ,-0.03 ,0.33
14 F 7.0 0.00 0.00    ,-12.97 ,0.17  ,0.54  ,0.17  ,0.24  ,-0.09 ,-0.05 ,0.24  ,0.26
15 F 7.0 0.00 0.00    ,-11.69 ,0.20  ,0.39  ,0.08  ,-0.29 ,-0.13 ,-0.07 ,0.05  ,0.44
16 F 8.0 0.00 0.00    ,-12.88 ,0.10  ,0.55  ,-0.10 ,0.25  ,-0.03 ,-0.01 ,0.13  ,0.36
17 F 8.0 0.00 0.00    ,-11.76 ,0.11  ,0.42  ,-0.12 ,-0.33 ,-0.16 ,-0.12 ,0.15  ,0.39
18 F 9.0 0.00 0.00    ,-12.90 ,0.06  ,0.51  ,-0.35 ,0.23  ,-0.04 ,0.11  ,-0.01 ,0.29
19 F 9.0 0.00 0.00    ,-11.86 ,0.06  ,0.39  ,-0.31 ,-0.33 ,-0.24 ,-0.10 ,0.22  ,0.18
20 F 10.0 0.00 0.00   ,-12.93 ,0.03  ,0.43  ,-0.50 ,0.20  ,-0.10 ,0.28  ,-0.13 ,0.10
21 F 10.0 0.00 0.00   ,-11.94 ,0.03  ,0.33  ,-0.42 ,-0.29 ,-0.32 ,-0.01 ,0.25  ,-0.09
22 F 11.0 0.00 0.00   ,-12.95 ,0.02  ,0.32  ,-0.52 ,0.16  ,-0.16 ,0.39  ,-0.20 ,-0.10
23 F 11.0 0.00 0.00   ,-12.00 ,0.02  ,0.25  ,-0.43 ,-0.23 ,-0.35 ,0.08  ,0.24  ,-0.32
24 F 12.0 0.00 0.00   ,-12.96 ,0.01  ,0.21  ,-0.43 ,0.12  ,-0.18 ,0.41  ,-0.20 ,-0.22
25 F 12.0 0.00 0.00   ,-12.04 ,0.01  ,0.17  ,-0.35 ,-0.16 ,-0.33 ,0.13  ,0.19  ,-0.41
26 T 1.0 1.00 90.00   ,-14.81 ,-0.70 ,0.22  ,0.17  ,-0.08 ,-0.02 ,0.03  ,-0.02 ,0.06
27 T 2.0 0.00 0.00    ,9.73   ,-0.07 ,-0.09 ,-0.16 ,-0.11 ,0.14  ,-0.03 ,-0.15 ,0.19
28 T 2.0 1.00 0.00    ,9.69   ,-0.08 ,-0.09 ,-0.17 ,-0.11 ,0.14  ,-0.03 ,-0.15 ,0.19
29 T 2.0 1.00 63.64   ,-17.58 ,-0.74 ,0.22  ,0.15  ,-0.07 ,-0.01 ,0.01  ,-0.01 ,0.07
30 T 2.0 1.00 90.00   ,-17.56 ,-0.74 ,0.22  ,0.15  ,-0.07 ,-0.01 ,0.01  ,-0.01 ,0.07
31 T 3.0 0.00 0.00    ,3.73   ,-0.09 ,-0.11 ,-0.20 ,-0.13 ,0.16  ,-0.03 ,-0.18 ,0.22
32 T 3.0 0.58 0.00    ,3.23   ,-0.09 ,-0.11 ,-0.20 ,-0.14 ,0.16  ,-0.03 ,-0.19 ,0.22
33 T 3.0 0.58 60.00   ,-21.00 ,-0.80 ,0.19  ,0.08  ,-0.07 ,0.04  ,-0.05 ,0.01  ,0.12
34 T 3.0 0.58 90.00   ,-20.95 ,-0.80 ,0.19  ,0.09  ,-0.07 ,0.04  ,-0.05 ,0.01  ,0.12
35 T 3.0 1.73 0.00    ,5.10   ,-0.09 ,-0.11 ,-0.20 ,-0.14 ,0.16  ,-0.04 ,-0.19 ,0.21
36 T 3.0 1.73 34.64   ,-15.78 ,-0.75 ,0.15  ,0.03  ,-0.10 ,0.06  ,-0.05 ,-0.04 ,0.16
37 T 3.0 1.73 69.28   ,-19.04 ,-0.78 ,0.20  ,0.11  ,-0.06 ,0.01  ,-0.04 ,0.02  ,0.09
38 T 3.0 1.73 90.00   ,-19.04 ,-0.78 ,0.21  ,0.12  ,-0.05 ,0.01  ,-0.04 ,0.03  ,0.09
39 T 4.0 0.00 0.00    ,-2.41  ,-0.10 ,-0.14 ,-0.24 ,-0.17 ,0.19  ,-0.02 ,-0.23 ,0.26
40 T 4.0 0.41 0.00    ,-3.56  ,-0.10 ,-0.15 ,-0.25 ,-0.18 ,0.19  ,-0.02 ,-0.24 ,0.26
41 T 4.0 0.41 58.80   ,-16.79 ,-0.73 ,0.05  ,-0.12 ,-0.11 ,0.16  ,-0.11 ,-0.05 ,0.23
42 T 4.0 0.41 90.00   ,-17.83 ,-0.76 ,0.07  ,-0.09 ,-0.10 ,0.14  ,-0.11 ,-0.03 ,0.22
43 T 4.0 1.00 0.00    ,-2.32  ,-0.10 ,-0.15 ,-0.25 ,-0.18 ,0.19  ,-0.03 ,-0.25 ,0.25
44 T 4.0 1.00 31.82   ,-22.40 ,-0.84 ,0.13  ,-0.02 ,-0.05 ,0.09  ,-0.13 ,0.03  ,0.15
45 T 4.0 1.00 63.64   ,-23.46 ,-0.85 ,0.17  ,0.03  ,-0.02 ,0.05  ,-0.12 ,0.08  ,0.12
46 T 4.0 1.00 90.00   ,-23.14 ,-0.84 ,0.17  ,0.04  ,-0.02 ,0.05  ,-0.12 ,0.08  ,0.11
47 T 4.0 2.41 0.00    ,3.11   ,-0.09 ,-0.14 ,-0.23 ,-0.16 ,0.17  ,-0.04 ,-0.23 ,0.23
48 T 4.0 2.41 24.35   ,-0.34  ,-0.39 ,-0.06 ,-0.19 ,-0.15 ,0.16  ,-0.08 ,-0.18 ,0.24
49 T 4.0 2.41 48.71   ,-13.99 ,-0.74 ,0.10  ,-0.04 ,-0.07 ,0.08  ,-0.11 ,-0.01 ,0.17
50 T 4.0 2.41 73.06   ,-16.48 ,-0.77 ,0.15  ,0.03  ,-0.03 ,0.03  ,-0.11 ,0.05  ,0.12
51 T 4.0 2.41 90.00   ,-16.54 ,-0.76 ,0.16  ,0.04  ,-0.02 ,0.03  ,-0.11 ,0.06  ,0.11
52 T 5.0 0.00 0.00    ,-7.11  ,-0.11 ,-0.19 ,-0.29 ,-0.23 ,0.22  ,0.01  ,-0.28 ,0.30
53 T 5.0 0.32 0.00    ,-8.96  ,-0.12 ,-0.21 ,-0.31 ,-0.24 ,0.23  ,0.00  ,-0.30 ,0.30
54 T 5.0 0.32 58.25   ,-12.00 ,-0.46 ,-0.14 ,-0.30 ,-0.18 ,0.24  ,-0.08 ,-0.17 ,0.30
55 T 5.0 0.32 90.00   ,-12.59 ,-0.52 ,-0.12 ,-0.29 ,-0.16 ,0.24  ,-0.10 ,-0.13 ,0.29
56 T 5.0 0.73 0.00    ,-8.61  ,-0.12 ,-0.22 ,-0.32 ,-0.26 ,0.22  ,-0.01 ,-0.32 ,0.29
57 T 5.0 0.73 30.62   ,-23.04 ,-0.85 ,0.02  ,-0.15 ,0.04  ,0.14  ,-0.21 ,0.13  ,0.10
58 T 5.0 0.73 61.25   ,-24.40 ,-0.86 ,0.05  ,-0.13 ,0.02  ,0.13  ,-0.21 ,0.13  ,0.14
59 T 5.0 0.73 90.00   ,-23.46 ,-0.85 ,0.06  ,-0.12 ,0.02  ,0.12  ,-0.20 ,0.13  ,0.15
60 T 5.0 1.38 0.00    ,-4.07  ,-0.11 ,-0.20 ,-0.29 ,-0.23 ,0.19  ,-0.03 ,-0.30 ,0.26
61 T 5.0 1.38 22.25   ,-7.45  ,-0.43 ,-0.15 ,-0.29 ,-0.18 ,0.19  ,-0.11 ,-0.20 ,0.26
62 T 5.0 1.38 44.50   ,-18.50 ,-0.78 ,0.01  ,-0.17 ,-0.03 ,0.13  ,-0.20 ,0.03  ,0.18
63 T 5.0 1.38 66.75   ,-20.72 ,-0.81 ,0.08  ,-0.09 ,0.02  ,0.07  ,-0.21 ,0.12  ,0.13
64 T 5.0 1.38 90.00   ,-20.18 ,-0.80 ,0.10  ,-0.06 ,0.03  ,0.06  ,-0.21 ,0.14  ,0.12
65 T 5.0 3.08 0.00    ,3.39   ,-0.09 ,-0.17 ,-0.24 ,-0.19 ,0.15  ,-0.03 ,-0.26 ,0.22
66 T 5.0 3.08 18.93   ,2.91   ,-0.18 ,-0.15 ,-0.25 ,-0.18 ,0.15  ,-0.06 ,-0.24 ,0.23
67 T 5.0 3.08 37.85   ,-1.44  ,-0.44 ,-0.08 ,-0.22 ,-0.13 ,0.13  ,-0.13 ,-0.14 ,0.23
68 T 5.0 3.08 56.78   ,-7.67  ,-0.63 ,0.02  ,-0.13 ,-0.04 ,0.08  ,-0.17 ,0.00  ,0.17
69 T 5.0 3.08 75.71   ,-9.02  ,-0.65 ,0.07  ,-0.07 ,0.01  ,0.04  ,-0.18 ,0.08  ,0.13
70 T 5.0 3.08 90.00   ,-9.03  ,-0.65 ,0.08  ,-0.05 ,0.01  ,0.03  ,-0.18 ,0.09  ,0.12
71 T 6.0 0.00 0.00    ,-9.43  ,-0.11 ,-0.24 ,-0.33 ,-0.29 ,0.23  ,0.05  ,-0.31 ,0.32
72 T 6.0 0.27 0.00    ,-11.93 ,-0.12 ,-0.27 ,-0.35 ,-0.32 ,0.24  ,0.05  ,-0.35 ,0.32
73 T 6.0 0.27 57.96   ,-12.71 ,-0.29 ,-0.26 ,-0.39 ,-0.26 ,0.27  ,-0.01 ,-0.25 ,0.32
74 T 6.0 0.27 90.00   ,-12.41 ,-0.33 ,-0.25 ,-0.38 ,-0.23 ,0.27  ,-0.02 ,-0.22 ,0.32
75 T 6.0 0.58 0.00    ,-11.75 ,-0.13 ,-0.29 ,-0.36 ,-0.35 ,0.23  ,0.03  ,-0.39 ,0.29
76 T 6.0 0.58 30.00   ,-18.68 ,-0.68 ,-0.23 ,-0.39 ,-0.00 ,0.25  ,-0.19 ,0.02  ,0.11
77 T 6.0 0.58 60.00   ,-20.76 ,-0.73 ,-0.16 ,-0.35 ,0.02  ,0.22  ,-0.21 ,0.10  ,0.16
78 T 6.0 0.58 90.00   ,-19.05 ,-0.72 ,-0.13 ,-0.32 ,0.02  ,0.20  ,-0.21 ,0.12  ,0.19
79 T 6.0 1.00 0.00    ,-8.91  ,-0.12 ,-0.28 ,-0.34 ,-0.32 ,0.19  ,0.00  ,-0.38 ,0.25
80 T 6.0 1.00 21.21   ,-13.95 ,-0.56 ,-0.27 ,-0.40 ,-0.10 ,0.21  ,-0.18 ,-0.13 ,0.14
81 T 6.0 1.00 42.43   ,-20.46 ,-0.76 ,-0.14 ,-0.31 ,0.09  ,0.15  ,-0.28 ,0.13  ,0.06
82 T 6.0 1.00 63.64   ,-22.70 ,-0.79 ,-0.06 ,-0.25 ,0.12  ,0.11  ,-0.30 ,0.21  ,0.09
83 T 6.0 1.00 84.85   ,-20.87 ,-0.77 ,-0.03 ,-0.22 ,0.11  ,0.09  ,-0.29 ,0.23  ,0.12
84 T 6.0 1.00 90.00   ,-20.73 ,-0.77 ,-0.03 ,-0.22 ,0.11  ,0.09  ,-0.29 ,0.23  ,0.12
85 T 6.0 1.73 0.00    ,-3.98  ,-0.10 ,-0.23 ,-0.29 ,-0.26 ,0.15  ,-0.02 ,-0.34 ,0.22
86 T 6.0 1.73 17.32   ,-4.61  ,-0.19 ,-0.23 ,-0.31 ,-0.24 ,0.15  ,-0.06 ,-0.31 ,0.22
87 T 6.0 1.73 34.64   ,-7.48  ,-0.42 ,-0.21 ,-0.33 ,-0.14 ,0.14  ,-0.16 ,-0.19 ,0.20
88 T 6.0 1.73 51.96   ,-12.38 ,-0.61 ,-0.12 ,-0.27 ,-0.01 ,0.09  ,-0.25 ,0.01  ,0.16
89 T 6.0 1.73 69.28   ,-13.66 ,-0.64 ,-0.04 ,-0.20 ,0.07  ,0.04  ,-0.27 ,0.12  ,0.13
90 T 6.0 1.73 86.60   ,-12.93 ,-0.63 ,-0.01 ,-0.16 ,0.09  ,0.03  ,-0.27 ,0.16  ,0.12
91 T 6.0 1.73 90.00   ,-12.90 ,-0.63 ,-0.01 ,-0.16 ,0.09  ,0.03  ,-0.27 ,0.16  ,0.12
92 T 6.0 3.73 0.00    ,4.24   ,-0.08 ,-0.18 ,-0.23 ,-0.20 ,0.11  ,-0.03 ,-0.28 ,0.18
93 T 6.0 3.73 15.53   ,4.03   ,-0.11 ,-0.18 ,-0.24 ,-0.19 ,0.11  ,-0.04 ,-0.27 ,0.18
94 T 6.0 3.73 31.06   ,3.04   ,-0.21 ,-0.17 ,-0.25 ,-0.16 ,0.10  ,-0.09 ,-0.23 ,0.19
95 T 6.0 3.73 46.59   ,0.71   ,-0.36 ,-0.13 ,-0.24 ,-0.09 ,0.07  ,-0.16 ,-0.13 ,0.18
96 T 6.0 3.73 62.12   ,-0.91  ,-0.44 ,-0.06 ,-0.18 ,-0.01 ,0.03  ,-0.20 ,-0.00 ,0.15
97 T 6.0 3.73 77.65   ,-0.88  ,-0.45 ,-0.02 ,-0.14 ,0.04  ,0.00  ,-0.20 ,0.06  ,0.12
98 T 6.0 3.73 90.00   ,-0.75  ,-0.45 ,-0.01 ,-0.12 ,0.05  ,-0.00 ,-0.20 ,0.08  ,0.11
99 T 7.0 0.00 0.00    ,-9.48  ,-0.11 ,-0.28 ,-0.33 ,-0.35 ,0.22  ,0.12  ,-0.31 ,0.30
100 T 7.0 0.23 0.00   ,-12.54 ,-0.12 ,-0.33 ,-0.36 ,-0.40 ,0.22  ,0.12  ,-0.35 ,0.30
101 T 7.0 0.23 57.78  ,-13.09 ,-0.20 ,-0.33 ,-0.40 ,-0.33 ,0.25  ,0.10  ,-0.28 ,0.30
102 T 7.0 0.23 90.00  ,-12.53 ,-0.22 ,-0.32 ,-0.40 ,-0.31 ,0.25  ,0.09  ,-0.25 ,0.30
103 T 7.0 0.48 0.00   ,-12.07 ,-0.12 ,-0.37 ,-0.36 ,-0.44 ,0.20  ,0.09  ,-0.40 ,0.24
104 T 7.0 0.48 29.63  ,-15.95 ,-0.40 ,-0.45 ,-0.48 ,-0.20 ,0.27  ,-0.00 ,-0.19 ,0.12
105 T 7.0 0.48 59.27  ,-17.25 ,-0.51 ,-0.37 ,-0.48 ,-0.06 ,0.26  ,-0.07 ,-0.00 ,0.15
106 T 7.0 0.48 90.00  ,-14.78 ,-0.50 ,-0.31 ,-0.44 ,-0.04 ,0.23  ,-0.08 ,0.05  ,0.19
107 T 7.0 0.80 0.00   ,-10.09 ,-0.11 ,-0.36 ,-0.33 ,-0.42 ,0.15  ,0.05  ,-0.41 ,0.18
108 T 7.0 0.80 20.62  ,-13.79 ,-0.50 ,-0.36 ,-0.36 ,0.18  ,0.16  ,-0.16 ,0.06  ,-0.19
109 T 7.0 0.80 41.24  ,-18.21 ,-0.59 ,-0.32 ,-0.38 ,0.23  ,0.15  ,-0.22 ,0.17  ,-0.13
110 T 7.0 0.80 61.86  ,-20.79 ,-0.66 ,-0.27 ,-0.40 ,0.22  ,0.13  ,-0.26 ,0.24  ,-0.00
111 T 7.0 0.80 82.49  ,-17.81 ,-0.63 ,-0.20 ,-0.37 ,0.18  ,0.11  ,-0.26 ,0.26  ,0.09
112 T 7.0 0.80 90.00  ,-17.32 ,-0.62 ,-0.20 ,-0.36 ,0.18  ,0.10  ,-0.26 ,0.26  ,0.09
113 T 7.0 1.25 0.00   ,-8.42  ,-0.11 ,-0.32 ,-0.30 ,-0.37 ,0.12  ,0.01  ,-0.40 ,0.16
114 T 7.0 1.25 16.44  ,-9.83  ,-0.21 ,-0.36 ,-0.36 ,-0.30 ,0.13  ,-0.05 ,-0.36 ,0.12
115 T 7.0 1.25 32.89  ,-12.31 ,-0.42 ,-0.37 ,-0.41 ,-0.08 ,0.11  ,-0.18 ,-0.18 ,0.04
116 T 7.0 1.25 49.33  ,-15.93 ,-0.57 ,-0.29 ,-0.39 ,0.11  ,0.07  ,-0.28 ,0.05  ,0.02
117 T 7.0 1.25 65.78  ,-17.37 ,-0.60 ,-0.20 ,-0.34 ,0.18  ,0.02  ,-0.32 ,0.19  ,0.06
118 T 7.0 1.25 82.22  ,-15.18 ,-0.57 ,-0.14 ,-0.29 ,0.19  ,-0.00 ,-0.32 ,0.23  ,0.09
119 T 7.0 1.25 90.00  ,-14.71 ,-0.57 ,-0.13 ,-0.28 ,0.19  ,-0.01 ,-0.31 ,0.23  ,0.10
120 T 7.0 2.08 0.00   ,-3.54  ,-0.09 ,-0.25 ,-0.26 ,-0.28 ,0.07  ,-0.02 ,-0.35 ,0.15
121 T 7.0 2.08 14.27  ,-4.00  ,-0.11 ,-0.25 ,-0.27 ,-0.26 ,0.07  ,-0.04 ,-0.34 ,0.14
122 T 7.0 2.08 28.54  ,-4.97  ,-0.19 ,-0.27 ,-0.30 ,-0.21 ,0.06  ,-0.09 ,-0.30 ,0.14
123 T 7.0 2.08 42.81  ,-6.25  ,-0.31 ,-0.25 ,-0.32 ,-0.11 ,0.02  ,-0.18 ,-0.19 ,0.14
124 T 7.0 2.08 57.08  ,-7.63  ,-0.39 ,-0.19 ,-0.29 ,0.01  ,-0.02 ,-0.25 ,-0.04 ,0.12
125 T 7.0 2.08 71.35  ,-7.38  ,-0.40 ,-0.13 ,-0.24 ,0.09  ,-0.05 ,-0.27 ,0.07  ,0.11
126 T 7.0 2.08 85.62  ,-6.48  ,-0.39 ,-0.09 ,-0.20 ,0.11  ,-0.06 ,-0.26 ,0.11  ,0.11
127 T 7.0 2.08 90.00  ,-6.41  ,-0.39 ,-0.09 ,-0.20 ,0.11  ,-0.06 ,-0.26 ,0.11  ,0.11
128 T 7.0 4.38 0.00   ,5.21   ,-0.07 ,-0.17 ,-0.19 ,-0.19 ,0.04  ,-0.03 ,-0.27 ,0.12
129 T 7.0 4.38 13.19  ,5.06   ,-0.08 ,-0.18 ,-0.20 ,-0.19 ,0.04  ,-0.04 ,-0.27 ,0.12
130 T 7.0 4.38 26.38  ,4.57   ,-0.11 ,-0.18 ,-0.21 ,-0.17 ,0.03  ,-0.07 ,-0.25 ,0.13
131 T 7.0 4.38 39.56  ,3.71   ,-0.17 ,-0.18 ,-0.23 ,-0.13 ,0.00  ,-0.12 ,-0.21 ,0.14
132 T 7.0 4.38 52.75  ,3.00   ,-0.23 ,-0.15 ,-0.22 ,-0.06 ,-0.03 ,-0.17 ,-0.12 ,0.13
133 T 7.0 4.38 65.94  ,3.25   ,-0.25 ,-0.11 ,-0.18 ,0.01  ,-0.06 ,-0.19 ,-0.03 ,0.11
134 T 7.0 4.38 79.13  ,3.80   ,-0.25 ,-0.07 ,-0.15 ,0.05  ,-0.07 ,-0.19 ,0.02  ,0.10
135 T 7.0 4.38 90.00  ,3.98   ,-0.25 ,-0.07 ,-0.14 ,0.06  ,-0.07 ,-0.19 ,0.04  ,0.09
136 T 8.0 0.00 0.00   ,-8.20  ,-0.09 ,-0.30 ,-0.29 ,-0.38 ,0.17  ,0.20  ,-0.24 ,0.25
137 T 8.0 0.20 0.00   ,-11.69 ,-0.10 ,-0.36 ,-0.31 ,-0.45 ,0.17  ,0.20  ,-0.28 ,0.23
138 T 8.0 0.20 57.67  ,-12.32 ,-0.14 ,-0.37 ,-0.34 ,-0.39 ,0.19  ,0.21  ,-0.23 ,0.25
139 T 8.0 0.20 90.00  ,-11.67 ,-0.15 ,-0.36 ,-0.35 ,-0.36 ,0.19  ,0.21  ,-0.20 ,0.25
140 T 8.0 0.41 0.00   ,-11.26 ,-0.10 ,-0.41 ,-0.28 ,-0.51 ,0.13  ,0.15  ,-0.33 ,0.14
141 T 8.0 0.41 29.40  ,-14.59 ,-0.23 ,-0.53 ,-0.39 ,-0.36 ,0.20  ,0.17  ,-0.24 ,0.07
142 T 8.0 0.41 58.80  ,-15.71 ,-0.31 ,-0.49 ,-0.45 ,-0.18 ,0.21  ,0.15  ,-0.06 ,0.12
143 T 8.0 0.41 90.00  ,-12.67 ,-0.31 ,-0.41 ,-0.43 ,-0.13 ,0.19  ,0.12  ,0.01  ,0.18
144 T 8.0 0.67 0.00   ,-9.89  ,-0.10 ,-0.40 ,-0.24 ,-0.49 ,0.08  ,0.08  ,-0.35 ,0.05
145 T 8.0 0.67 20.25  ,-12.83 ,-0.33 ,-0.49 ,-0.27 ,0.24  ,0.15  ,-0.00 ,0.02  ,-0.36
146 T 8.0 0.67 40.50  ,-16.24 ,-0.40 ,-0.50 ,-0.35 ,0.26  ,0.14  ,-0.03 ,0.10  ,-0.28
147 T 8.0 0.67 60.75  ,-17.85 ,-0.46 ,-0.46 ,-0.43 ,0.23  ,0.12  ,-0.06 ,0.20  ,-0.10
148 T 8.0 0.67 81.00  ,-14.23 ,-0.43 ,-0.36 ,-0.41 ,0.18  ,0.08  ,-0.07 ,0.24  ,0.05
149 T 8.0 0.67 90.00  ,-13.36 ,-0.42 ,-0.34 ,-0.40 ,0.17  ,0.07  ,-0.07 ,0.24  ,0.07
150 T 8.0 1.00 0.00   ,-9.44  ,-0.09 ,-0.38 ,-0.23 ,-0.46 ,0.04  ,0.03  ,-0.37 ,0.03
151 T 8.0 1.00 15.91  ,-11.61 ,-0.22 ,-0.52 ,-0.31 ,-0.25 ,0.07  ,-0.02 ,-0.32 ,-0.14
152 T 8.0 1.00 31.82  ,-13.66 ,-0.36 ,-0.52 ,-0.34 ,0.12  ,0.06  ,-0.11 ,-0.10 ,-0.28
153 T 8.0 1.00 47.73  ,-16.17 ,-0.44 ,-0.46 ,-0.38 ,0.28  ,0.01  ,-0.18 ,0.08  ,-0.22
154 T 8.0 1.00 63.64  ,-17.31 ,-0.48 ,-0.38 ,-0.40 ,0.31  ,-0.04 ,-0.23 ,0.22  ,-0.07
155 T 8.0 1.00 79.55  ,-14.30 ,-0.44 ,-0.28 ,-0.36 ,0.28  ,-0.07 ,-0.23 ,0.26  ,0.04
156 T 8.0 1.00 90.00  ,-13.00 ,-0.43 ,-0.26 ,-0.35 ,0.27  ,-0.07 ,-0.23 ,0.27  ,0.06
157 T 8.0 1.50 0.00   ,-7.94  ,-0.08 ,-0.33 ,-0.23 ,-0.38 ,0.01  ,-0.01 ,-0.39 ,0.04
158 T 8.0 1.50 13.53  ,-9.02  ,-0.11 ,-0.36 ,-0.25 ,-0.36 ,0.00  ,-0.03 ,-0.39 ,0.03
159 T 8.0 1.50 27.06  ,-10.57 ,-0.19 ,-0.41 ,-0.30 ,-0.25 ,-0.02 ,-0.09 ,-0.35 ,-0.01
160 T 8.0 1.50 40.59  ,-11.12 ,-0.29 ,-0.41 ,-0.35 ,-0.06 ,-0.07 ,-0.18 ,-0.22 ,-0.03
161 T 8.0 1.50 54.12  ,-12.33 ,-0.36 ,-0.35 ,-0.36 ,0.10  ,-0.12 ,-0.26 ,-0.05 ,0.00
162 T 8.0 1.50 67.65  ,-12.69 ,-0.37 ,-0.26 ,-0.32 ,0.19  ,-0.16 ,-0.29 ,0.08  ,0.06
163 T 8.0 1.50 81.18  ,-10.65 ,-0.34 ,-0.20 ,-0.28 ,0.20  ,-0.17 ,-0.28 ,0.14  ,0.10
164 T 8.0 1.50 90.00  ,-9.96  ,-0.33 ,-0.18 ,-0.27 ,0.20  ,-0.17 ,-0.28 ,0.14  ,0.10
165 T 8.0 2.41 0.00   ,-2.65  ,-0.07 ,-0.23 ,-0.19 ,-0.26 ,-0.02 ,-0.04 ,-0.33 ,0.06
166 T 8.0 2.41 12.18  ,-3.07  ,-0.07 ,-0.24 ,-0.20 ,-0.26 ,-0.03 ,-0.05 ,-0.33 ,0.06
167 T 8.0 2.41 24.35  ,-3.95  ,-0.10 ,-0.25 ,-0.22 ,-0.23 ,-0.05 ,-0.08 ,-0.32 ,0.06
168 T 8.0 2.41 36.53  ,-4.60  ,-0.15 ,-0.26 ,-0.24 ,-0.17 ,-0.09 ,-0.13 ,-0.28 ,0.07
169 T 8.0 2.41 48.71  ,-4.98  ,-0.19 ,-0.25 ,-0.25 ,-0.07 ,-0.13 ,-0.19 ,-0.20 ,0.09
170 T 8.0 2.41 60.88  ,-5.12  ,-0.22 ,-0.20 ,-0.23 ,0.03  ,-0.17 ,-0.22 ,-0.09 ,0.10
171 T 8.0 2.41 73.06  ,-4.37  ,-0.21 ,-0.15 ,-0.20 ,0.08  ,-0.18 ,-0.23 ,-0.01 ,0.11
172 T 8.0 2.41 85.24  ,-3.51  ,-0.21 ,-0.12 ,-0.18 ,0.10  ,-0.18 ,-0.22 ,0.02  ,0.11
173 T 8.0 2.41 90.00  ,-3.41  ,-0.21 ,-0.12 ,-0.17 ,0.11  ,-0.18 ,-0.22 ,0.03  ,0.11
174 T 8.0 5.03 0.00   ,6.26   ,-0.05 ,-0.15 ,-0.13 ,-0.17 ,-0.04 ,-0.05 ,-0.24 ,0.06
175 T 8.0 5.03 11.47  ,6.14   ,-0.05 ,-0.15 ,-0.14 ,-0.16 ,-0.04 ,-0.05 ,-0.24 ,0.06
176 T 8.0 5.03 22.94  ,5.79   ,-0.06 ,-0.16 ,-0.15 ,-0.15 ,-0.06 ,-0.07 ,-0.24 ,0.07
177 T 8.0 5.03 34.41  ,5.21   ,-0.08 ,-0.17 ,-0.16 ,-0.13 ,-0.08 ,-0.09 ,-0.22 ,0.08
178 T 8.0 5.03 45.88  ,4.63   ,-0.11 ,-0.16 ,-0.17 ,-0.09 ,-0.12 ,-0.13 ,-0.19 ,0.09
179 T 8.0 5.03 57.35  ,4.62   ,-0.13 ,-0.14 ,-0.16 ,-0.03 ,-0.14 ,-0.16 ,-0.12 ,0.10
180 T 8.0 5.03 68.82  ,5.20   ,-0.13 ,-0.11 ,-0.14 ,0.02  ,-0.15 ,-0.16 ,-0.06 ,0.09
181 T 8.0 5.03 80.29  ,5.72   ,-0.13 ,-0.09 ,-0.12 ,0.05  ,-0.15 ,-0.16 ,-0.03 ,0.09
182 T 8.0 5.03 90.00  ,5.87   ,-0.12 ,-0.08 ,-0.11 ,0.05  ,-0.15 ,-0.16 ,-0.02 ,0.09
183 T 9.0 0.00 0.00   ,-6.55  ,-0.07 ,-0.29 ,-0.20 ,-0.39 ,0.10  ,0.26  ,-0.11 ,0.19
184 T 9.0 0.18 0.00   ,-10.32 ,-0.08 ,-0.36 ,-0.21 ,-0.47 ,0.10  ,0.27  ,-0.14 ,0.16
185 T 9.0 0.18 57.59  ,-11.03 ,-0.09 ,-0.36 ,-0.24 ,-0.41 ,0.12  ,0.30  ,-0.10 ,0.19
186 T 9.0 0.18 90.00  ,-10.33 ,-0.10 ,-0.35 ,-0.25 ,-0.38 ,0.12  ,0.30  ,-0.08 ,0.20
187 T 9.0 0.36 0.00   ,-10.33 ,-0.08 ,-0.43 ,-0.16 ,-0.54 ,0.05  ,0.18  ,-0.18 ,0.03
188 T 9.0 0.36 29.24  ,-13.47 ,-0.14 ,-0.53 ,-0.22 ,-0.46 ,0.10  ,0.26  ,-0.14 ,0.01
189 T 9.0 0.36 58.48  ,-14.81 ,-0.19 ,-0.52 ,-0.32 ,-0.29 ,0.13  ,0.33  ,-0.01 ,0.09
190 T 9.0 0.36 90.00  ,-11.44 ,-0.18 ,-0.43 ,-0.32 ,-0.21 ,0.12  ,0.31  ,0.05  ,0.16
191 T 9.0 0.58 0.00   ,-9.72  ,-0.07 ,-0.42 ,-0.10 ,-0.53 ,0.00  ,0.08  ,-0.20 ,-0.07
192 T 9.0 0.58 20.00  ,-12.45 ,-0.21 ,-0.64 ,-0.13 ,-0.03 ,0.12  ,0.17  ,-0.11 ,-0.37
193 T 9.0 0.58 40.00  ,-14.52 ,-0.26 ,-0.63 ,-0.21 ,0.16  ,0.12  ,0.19  ,0.02  ,-0.33
194 T 9.0 0.58 60.00  ,-15.43 ,-0.29 ,-0.57 ,-0.33 ,0.16  ,0.07  ,0.21  ,0.16  ,-0.12
195 T 9.0 0.58 80.00  ,-12.00 ,-0.26 ,-0.43 ,-0.34 ,0.11  ,0.02  ,0.18  ,0.22  ,0.06
196 T 9.0 0.58 90.00  ,-10.87 ,-0.25 ,-0.40 ,-0.33 ,0.11  ,0.02  ,0.17  ,0.23  ,0.08
197 T 9.0 0.84 0.00   ,-9.59  ,-0.07 ,-0.41 ,-0.08 ,-0.51 ,-0.04 ,0.01  ,-0.24 ,-0.12
198 T 9.0 0.84 15.56  ,-12.22 ,-0.20 ,-0.61 ,-0.09 ,0.08  ,0.06  ,0.05  ,-0.18 ,-0.46
199 T 9.0 0.84 31.11  ,-14.69 ,-0.24 ,-0.57 ,-0.13 ,0.32  ,0.05  ,0.04  ,-0.07 ,-0.46
200 T 9.0 0.84 46.67  ,-15.99 ,-0.29 ,-0.56 ,-0.22 ,0.39  ,-0.01 ,0.02  ,0.05  ,-0.37
201 T 9.0 0.84 62.23  ,-15.76 ,-0.33 ,-0.51 ,-0.32 ,0.39  ,-0.09 ,-0.00 ,0.20  ,-0.17
202 T 9.0 0.84 77.79  ,-12.83 ,-0.29 ,-0.38 ,-0.32 ,0.32  ,-0.14 ,-0.02 ,0.26  ,0.02
203 T 9.0 0.84 90.00  ,-10.76 ,-0.27 ,-0.33 ,-0.31 ,0.28  ,-0.14 ,-0.02 ,0.27  ,0.07
204 T 9.0 1.19 0.00   ,-9.11  ,-0.07 ,-0.38 ,-0.11 ,-0.47 ,-0.08 ,-0.03 ,-0.30 ,-0.11
205 T 9.0 1.19 13.05  ,-10.64 ,-0.10 ,-0.45 ,-0.12 ,-0.41 ,-0.08 ,-0.04 ,-0.33 ,-0.17
206 T 9.0 1.19 26.11  ,-12.04 ,-0.17 ,-0.55 ,-0.17 ,-0.19 ,-0.10 ,-0.06 ,-0.31 ,-0.27
207 T 9.0 1.19 39.16  ,-12.42 ,-0.24 ,-0.55 ,-0.23 ,0.08  ,-0.14 ,-0.10 ,-0.20 ,-0.29
208 T 9.0 1.19 52.22  ,-12.99 ,-0.28 ,-0.50 ,-0.28 ,0.25  ,-0.22 ,-0.15 ,-0.06 ,-0.19
209 T 9.0 1.19 65.27  ,-13.66 ,-0.29 ,-0.40 ,-0.31 ,0.32  ,-0.28 ,-0.18 ,0.09  ,-0.03
210 T 9.0 1.19 78.32  ,-11.60 ,-0.26 ,-0.29 ,-0.28 ,0.30  ,-0.29 ,-0.18 ,0.16  ,0.09
211 T 9.0 1.19 90.00  ,-9.87  ,-0.24 ,-0.26 ,-0.26 ,0.28  ,-0.29 ,-0.17 ,0.17  ,0.11
212 T 9.0 1.73 0.00   ,-6.88  ,-0.06 ,-0.31 ,-0.13 ,-0.37 ,-0.11 ,-0.06 ,-0.34 ,-0.06
213 T 9.0 1.73 11.55  ,-7.87  ,-0.07 ,-0.33 ,-0.14 ,-0.35 ,-0.12 ,-0.07 ,-0.35 ,-0.06
214 T 9.0 1.73 23.09  ,-9.65  ,-0.10 ,-0.36 ,-0.17 ,-0.30 ,-0.15 ,-0.10 ,-0.36 ,-0.08
215 T 9.0 1.73 34.64  ,-10.20 ,-0.14 ,-0.39 ,-0.20 ,-0.19 ,-0.21 ,-0.14 ,-0.34 ,-0.08
216 T 9.0 1.73 46.19  ,-9.92  ,-0.18 ,-0.38 ,-0.23 ,-0.04 ,-0.28 ,-0.19 ,-0.26 ,-0.04
217 T 9.0 1.73 57.74  ,-10.44 ,-0.20 ,-0.32 ,-0.25 ,0.09  ,-0.34 ,-0.23 ,-0.14 ,0.04
218 T 9.0 1.73 69.28  ,-10.47 ,-0.19 ,-0.25 ,-0.23 ,0.16  ,-0.35 ,-0.24 ,-0.04 ,0.11
219 T 9.0 1.73 80.83  ,-8.74  ,-0.17 ,-0.19 ,-0.20 ,0.18  ,-0.34 ,-0.23 ,0.02  ,0.14
220 T 9.0 1.73 90.00  ,-7.96  ,-0.17 ,-0.18 ,-0.20 ,0.18  ,-0.33 ,-0.22 ,0.03  ,0.14
221 T 9.0 2.75 0.00   ,-1.52  ,-0.04 ,-0.20 ,-0.11 ,-0.22 ,-0.12 ,-0.07 ,-0.28 ,-0.01
222 T 9.0 2.75 10.64  ,-1.90  ,-0.05 ,-0.20 ,-0.11 ,-0.22 ,-0.13 ,-0.08 ,-0.28 ,-0.00
223 T 9.0 2.75 21.28  ,-2.78  ,-0.06 ,-0.21 ,-0.12 ,-0.20 ,-0.15 ,-0.09 ,-0.29 ,0.00
224 T 9.0 2.75 31.93  ,-3.54  ,-0.07 ,-0.22 ,-0.14 ,-0.17 ,-0.19 ,-0.12 ,-0.29 ,0.02
225 T 9.0 2.75 42.57  ,-3.85  ,-0.09 ,-0.22 ,-0.16 ,-0.11 ,-0.24 ,-0.16 ,-0.26 ,0.04
226 T 9.0 2.75 53.21  ,-4.04  ,-0.11 ,-0.20 ,-0.16 ,-0.03 ,-0.28 ,-0.19 ,-0.20 ,0.08
227 T 9.0 2.75 63.85  ,-3.98  ,-0.11 ,-0.17 ,-0.15 ,0.03  ,-0.29 ,-0.19 ,-0.13 ,0.11
228 T 9.0 2.75 74.49  ,-3.27  ,-0.10 ,-0.13 ,-0.13 ,0.07  ,-0.29 ,-0.19 ,-0.08 ,0.12
229 T 9.0 2.75 85.13  ,-2.54  ,-0.10 ,-0.11 ,-0.12 ,0.09  ,-0.28 ,-0.18 ,-0.05 ,0.12
230 T 9.0 2.75 90.00  ,-2.45  ,-0.10 ,-0.11 ,-0.12 ,0.09  ,-0.28 ,-0.18 ,-0.05 ,0.12
231 T 9.0 5.67 0.00   ,7.08   ,-0.03 ,-0.12 ,-0.08 ,-0.13 ,-0.10 ,-0.06 ,-0.20 ,0.01
232 T 9.0 5.67 10.15  ,6.98   ,-0.03 ,-0.12 ,-0.08 ,-0.13 ,-0.11 ,-0.06 ,-0.20 ,0.01
233 T 9.0 5.67 20.31  ,6.71   ,-0.03 ,-0.13 ,-0.08 ,-0.12 ,-0.12 ,-0.07 ,-0.20 ,0.02
234 T 9.0 5.67 30.46  ,6.26   ,-0.04 ,-0.13 ,-0.09 ,-0.11 ,-0.15 ,-0.09 ,-0.21 ,0.03
235 T 9.0 5.67 40.62  ,5.70   ,-0.05 ,-0.13 ,-0.10 ,-0.09 ,-0.18 ,-0.11 ,-0.20 ,0.05
236 T 9.0 5.67 50.77  ,5.34   ,-0.06 ,-0.13 ,-0.10 ,-0.05 ,-0.21 ,-0.13 ,-0.17 ,0.07
237 T 9.0 5.67 60.93  ,5.52   ,-0.06 ,-0.11 ,-0.10 ,-0.01 ,-0.22 ,-0.14 ,-0.13 ,0.09
238 T 9.0 5.67 71.08  ,6.02   ,-0.06 ,-0.09 ,-0.09 ,0.02  ,-0.22 ,-0.14 ,-0.09 ,0.09
239 T 9.0 5.67 81.23  ,6.40   ,-0.06 ,-0.08 ,-0.08 ,0.04  ,-0.21 ,-0.13 ,-0.07 ,0.09
240 T 9.0 5.67 90.00  ,6.52   ,-0.06 ,-0.07 ,-0.08 ,0.04  ,-0.20 ,-0.13 ,-0.06 ,0.09
241 T 10.0 0.00 0.00  ,-5.14  ,-0.04 ,-0.26 ,-0.11 ,-0.36 ,0.04  ,0.29  ,0.04  ,0.14
242 T 10.0 0.16 0.00  ,-8.93  ,-0.05 ,-0.33 ,-0.09 ,-0.46 ,0.03  ,0.30  ,0.04  ,0.11
243 T 10.0 0.16 57.53 ,-9.78  ,-0.06 ,-0.32 ,-0.12 ,-0.40 ,0.05  ,0.35  ,0.06  ,0.15
244 T 10.0 0.16 90.00 ,-9.09  ,-0.06 ,-0.31 ,-0.13 ,-0.37 ,0.05  ,0.36  ,0.07  ,0.16
245 T 10.0 0.32 0.00  ,-9.39  ,-0.06 ,-0.41 ,-0.02 ,-0.55 ,-0.01 ,0.18  ,0.02  ,-0.03
246 T 10.0 0.32 29.12 ,-12.49 ,-0.09 ,-0.49 ,-0.05 ,-0.50 ,0.02  ,0.29  ,0.04  ,-0.02
247 T 10.0 0.32 58.25 ,-14.02 ,-0.11 ,-0.49 ,-0.15 ,-0.35 ,0.05  ,0.44  ,0.13  ,0.09
248 T 10.0 0.32 90.00 ,-10.49 ,-0.10 ,-0.39 ,-0.18 ,-0.26 ,0.04  ,0.44  ,0.17  ,0.16
249 T 10.0 0.51 0.00  ,-9.66  ,-0.05 ,-0.41 ,0.05  ,-0.54 ,-0.06 ,0.03  ,-0.01 ,-0.15
250 T 10.0 0.51 19.82 ,-11.90 ,-0.11 ,-0.61 ,0.08  ,-0.30 ,0.04  ,0.17  ,-0.03 ,-0.28
251 T 10.0 0.51 39.65 ,-13.00 ,-0.16 ,-0.66 ,0.00  ,-0.02 ,0.08  ,0.33  ,0.04  ,-0.26
252 T 10.0 0.51 59.47 ,-13.69 ,-0.17 ,-0.59 ,-0.14 ,0.04  ,0.02  ,0.42  ,0.19  ,-0.07
253 T 10.0 0.51 79.30 ,-10.89 ,-0.15 ,-0.43 ,-0.20 ,0.03  ,-0.03 ,0.39  ,0.26  ,0.10
254 T 10.0 0.51 90.00 ,-9.60  ,-0.14 ,-0.39 ,-0.20 ,0.02  ,-0.04 ,0.38  ,0.26  ,0.12
255 T 10.0 0.73 0.00  ,-9.71  ,-0.05 ,-0.40 ,0.08  ,-0.52 ,-0.09 ,-0.05 ,-0.05 ,-0.20
256 T 10.0 0.73 15.31 ,-12.40 ,-0.12 ,-0.53 ,0.16  ,0.35  ,0.14  ,0.13  ,-0.15 ,-0.42
257 T 10.0 0.73 30.62 ,-15.25 ,-0.15 ,-0.58 ,0.11  ,0.39  ,0.11  ,0.17  ,-0.11 ,-0.43
258 T 10.0 0.73 45.94 ,-15.38 ,-0.18 ,-0.61 ,-0.00 ,0.41  ,0.02  ,0.22  ,0.00  ,-0.36
259 T 10.0 0.73 61.25 ,-14.02 ,-0.20 ,-0.56 ,-0.14 ,0.38  ,-0.11 ,0.25  ,0.17  ,-0.14
260 T 10.0 0.73 76.56 ,-11.84 ,-0.18 ,-0.41 ,-0.21 ,0.28  ,-0.19 ,0.23  ,0.27  ,0.07
261 T 10.0 0.73 90.00 ,-9.34  ,-0.16 ,-0.34 ,-0.20 ,0.24  ,-0.19 ,0.21  ,0.27  ,0.12
262 T 10.0 1.00 0.00  ,-9.53  ,-0.05 ,-0.39 ,0.06  ,-0.50 ,-0.13 ,-0.09 ,-0.12 ,-0.22
263 T 10.0 1.00 12.73 ,-11.31 ,-0.09 ,-0.53 ,0.09  ,-0.36 ,-0.11 ,-0.07 ,-0.19 ,-0.33
264 T 10.0 1.00 25.46 ,-12.53 ,-0.14 ,-0.63 ,0.09  ,0.02  ,-0.07 ,-0.01 ,-0.24 ,-0.44
265 T 10.0 1.00 38.18 ,-13.58 ,-0.17 ,-0.61 ,0.02  ,0.26  ,-0.11 ,0.03  ,-0.18 ,-0.41
266 T 10.0 1.00 50.91 ,-13.10 ,-0.19 ,-0.56 ,-0.08 ,0.38  ,-0.22 ,0.03  ,-0.07 ,-0.27
267 T 10.0 1.00 63.64 ,-12.80 ,-0.20 ,-0.47 ,-0.17 ,0.41  ,-0.34 ,0.03  ,0.08  ,-0.06
268 T 10.0 1.00 76.37 ,-11.60 ,-0.17 ,-0.34 ,-0.20 ,0.35  ,-0.37 ,0.02  ,0.17  ,0.11
269 T 10.0 1.00 90.00 ,-9.03  ,-0.15 ,-0.28 ,-0.19 ,0.30  ,-0.35 ,0.01  ,0.18  ,0.16
270 T 10.0 1.38 0.00  ,-8.21  ,-0.05 ,-0.35 ,0.01  ,-0.44 ,-0.18 ,-0.12 ,-0.22 ,-0.19
271 T 10.0 1.38 11.12 ,-9.59  ,-0.06 ,-0.39 ,0.01  ,-0.42 ,-0.19 ,-0.12 ,-0.25 ,-0.21
272 T 10.0 1.38 22.25 ,-11.52 ,-0.09 ,-0.46 ,-0.00 ,-0.33 ,-0.23 ,-0.13 ,-0.30 ,-0.26
273 T 10.0 1.38 33.37 ,-11.44 ,-0.12 ,-0.50 ,-0.04 ,-0.14 ,-0.29 ,-0.13 ,-0.32 ,-0.27
274 T 10.0 1.38 44.50 ,-10.76 ,-0.14 ,-0.48 ,-0.09 ,0.05  ,-0.37 ,-0.14 ,-0.26 ,-0.19
275 T 10.0 1.38 55.62 ,-10.76 ,-0.16 ,-0.42 ,-0.15 ,0.19  ,-0.46 ,-0.15 ,-0.17 ,-0.05
276 T 10.0 1.38 66.75 ,-11.69 ,-0.15 ,-0.34 ,-0.18 ,0.26  ,-0.51 ,-0.16 ,-0.06 ,0.10
277 T 10.0 1.38 77.87 ,-10.45 ,-0.13 ,-0.25 ,-0.18 ,0.26  ,-0.49 ,-0.15 ,0.02  ,0.18
278 T 10.0 1.38 90.00 ,-8.57  ,-0.12 ,-0.21 ,-0.17 ,0.24  ,-0.46 ,-0.13 ,0.04  ,0.20
279 T 10.0 1.96 0.00  ,-5.42  ,-0.04 ,-0.26 ,-0.03 ,-0.31 ,-0.20 ,-0.12 ,-0.27 ,-0.11
280 T 10.0 1.96 10.10 ,-6.33  ,-0.04 ,-0.27 ,-0.04 ,-0.31 ,-0.22 ,-0.13 ,-0.28 ,-0.11
281 T 10.0 1.96 20.20 ,-8.23  ,-0.05 ,-0.29 ,-0.05 ,-0.28 ,-0.26 ,-0.14 ,-0.31 ,-0.11
282 T 10.0 1.96 30.30 ,-9.37  ,-0.07 ,-0.31 ,-0.07 ,-0.22 ,-0.32 ,-0.17 ,-0.33 ,-0.10
283 T 10.0 1.96 40.40 ,-9.17  ,-0.08 ,-0.32 ,-0.10 ,-0.13 ,-0.39 ,-0.19 ,-0.32 ,-0.05
284 T 10.0 1.96 50.50 ,-8.97  ,-0.10 ,-0.29 ,-0.12 ,-0.02 ,-0.46 ,-0.21 ,-0.27 ,0.02
285 T 10.0 1.96 60.61 ,-9.67  ,-0.10 ,-0.25 ,-0.14 ,0.07  ,-0.50 ,-0.22 ,-0.20 ,0.11
286 T 10.0 1.96 70.71 ,-9.69  ,-0.09 ,-0.20 ,-0.13 ,0.13  ,-0.49 ,-0.21 ,-0.13 ,0.17
287 T 10.0 1.96 80.81 ,-8.20  ,-0.08 ,-0.16 ,-0.12 ,0.14  ,-0.46 ,-0.19 ,-0.08 ,0.19
288 T 10.0 1.96 90.00 ,-7.39  ,-0.08 ,-0.15 ,-0.12 ,0.14  ,-0.44 ,-0.18 ,-0.07 ,0.20
289 T 10.0 3.08 0.00  ,-0.62  ,-0.03 ,-0.15 ,-0.04 ,-0.17 ,-0.18 ,-0.10 ,-0.23 ,-0.04
290 T 10.0 3.08 9.46  ,-0.97  ,-0.03 ,-0.15 ,-0.05 ,-0.17 ,-0.19 ,-0.10 ,-0.23 ,-0.04
291 T 10.0 3.08 18.93 ,-1.80  ,-0.03 ,-0.16 ,-0.05 ,-0.16 ,-0.21 ,-0.11 ,-0.24 ,-0.03
292 T 10.0 3.08 28.39 ,-2.64  ,-0.04 ,-0.17 ,-0.06 ,-0.14 ,-0.25 ,-0.13 ,-0.25 ,-0.01
293 T 10.0 3.08 37.85 ,-3.11  ,-0.04 ,-0.17 ,-0.07 ,-0.11 ,-0.30 ,-0.15 ,-0.25 ,0.02
294 T 10.0 3.08 47.32 ,-3.33  ,-0.05 ,-0.17 ,-0.08 ,-0.06 ,-0.34 ,-0.17 ,-0.24 ,0.06
295 T 10.0 3.08 56.78 ,-3.59  ,-0.05 ,-0.15 ,-0.09 ,-0.01 ,-0.37 ,-0.18 ,-0.20 ,0.10
296 T 10.0 3.08 66.24 ,-3.53  ,-0.05 ,-0.12 ,-0.08 ,0.03  ,-0.37 ,-0.17 ,-0.16 ,0.13
297 T 10.0 3.08 75.71 ,-2.91  ,-0.05 ,-0.10 ,-0.08 ,0.06  ,-0.35 ,-0.16 ,-0.12 ,0.14
298 T 10.0 3.08 85.17 ,-2.30  ,-0.05 ,-0.09 ,-0.07 ,0.07  ,-0.33 ,-0.15 ,-0.10 ,0.15
299 T 10.0 3.08 90.00 ,-2.21  ,-0.04 ,-0.09 ,-0.07 ,0.07  ,-0.33 ,-0.15 ,-0.10 ,0.15
300 T 10.0 6.31 0.00  ,7.50   ,-0.02 ,-0.09 ,-0.03 ,-0.09 ,-0.14 ,-0.08 ,-0.16 ,-0.01
301 T 10.0 6.31 9.11  ,7.42   ,-0.02 ,-0.09 ,-0.03 ,-0.09 ,-0.14 ,-0.08 ,-0.16 ,-0.01
302 T 10.0 6.31 18.22 ,7.21   ,-0.02 ,-0.09 ,-0.04 ,-0.09 ,-0.16 ,-0.08 ,-0.17 ,-0.00
303 T 10.0 6.31 27.34 ,6.85   ,-0.02 ,-0.09 ,-0.04 ,-0.08 ,-0.18 ,-0.09 ,-0.17 ,0.01
304 T 10.0 6.31 36.45 ,6.38   ,-0.02 ,-0.10 ,-0.05 ,-0.07 ,-0.21 ,-0.11 ,-0.18 ,0.03
305 T 10.0 6.31 45.56 ,5.89   ,-0.03 ,-0.10 ,-0.05 ,-0.05 ,-0.24 ,-0.12 ,-0.18 ,0.05
306 T 10.0 6.31 54.67 ,5.70   ,-0.03 ,-0.09 ,-0.05 ,-0.02 ,-0.26 ,-0.13 ,-0.16 ,0.08
307 T 10.0 6.31 63.79 ,5.92   ,-0.03 ,-0.08 ,-0.05 ,0.00  ,-0.26 ,-0.13 ,-0.13 ,0.09
308 T 10.0 6.31 72.90 ,6.31   ,-0.03 ,-0.07 ,-0.05 ,0.02  ,-0.25 ,-0.12 ,-0.10 ,0.10
309 T 10.0 6.31 82.01 ,6.60   ,-0.03 ,-0.06 ,-0.05 ,0.03  ,-0.24 ,-0.11 ,-0.09 ,0.10
310 T 10.0 6.31 90.00 ,6.69   ,-0.03 ,-0.06 ,-0.05 ,0.03  ,-0.23 ,-0.11 ,-0.08 ,0.10
311 T 11.0 0.00 0.00  ,-4.15  ,-0.03 ,-0.21 ,-0.03 ,-0.31 ,0.00  ,0.29  ,0.17  ,0.12
312 T 11.0 0.14 0.00  ,-7.77  ,-0.03 ,-0.27 ,0.00  ,-0.40 ,-0.01 ,0.29  ,0.20  ,0.09
313 T 11.0 0.14 57.49 ,-8.83  ,-0.04 ,-0.26 ,-0.02 ,-0.36 ,-0.00 ,0.35  ,0.21  ,0.13
314 T 11.0 0.14 90.00 ,-8.18  ,-0.04 ,-0.25 ,-0.04 ,-0.33 ,-0.00 ,0.36  ,0.21  ,0.14
315 T 11.0 0.29 0.00  ,-8.34  ,-0.04 ,-0.36 ,0.10  ,-0.51 ,-0.05 ,0.14  ,0.21  ,-0.05
316 T 11.0 0.29 29.04 ,-11.50 ,-0.05 ,-0.42 ,0.09  ,-0.49 ,-0.03 ,0.27  ,0.24  ,-0.01
317 T 11.0 0.29 58.08 ,-13.29 ,-0.07 ,-0.42 ,-0.00 ,-0.37 ,-0.01 ,0.47  ,0.30  ,0.11
318 T 11.0 0.29 90.00 ,-9.79  ,-0.06 ,-0.33 ,-0.05 ,-0.26 ,-0.02 ,0.48  ,0.29  ,0.18
319 T 11.0 0.46 0.00  ,-9.48  ,-0.04 ,-0.38 ,0.18  ,-0.52 ,-0.08 ,-0.04 ,0.18  ,-0.16
320 T 11.0 0.46 19.70 ,-11.68 ,-0.06 ,-0.52 ,0.24  ,-0.41 ,-0.01 ,0.08  ,0.16  ,-0.19
321 T 11.0 0.46 39.39 ,-12.14 ,-0.09 ,-0.60 ,0.20  ,-0.18 ,0.04  ,0.33  ,0.18  ,-0.13
322 T 11.0 0.46 59.09 ,-12.53 ,-0.10 ,-0.53 ,0.04  ,-0.08 ,-0.02 ,0.51  ,0.29  ,0.04
323 T 11.0 0.46 78.78 ,-10.34 ,-0.08 ,-0.37 ,-0.06 ,-0.05 ,-0.07 ,0.50  ,0.33  ,0.17
324 T 11.0 0.46 90.00 ,-8.94  ,-0.08 ,-0.34 ,-0.07 ,-0.04 ,-0.08 ,0.48  ,0.33  ,0.18
325 T 11.0 0.64 0.00  ,-9.82  ,-0.03 ,-0.37 ,0.22  ,-0.50 ,-0.10 ,-0.15 ,0.15  ,-0.21
326 T 11.0 0.64 15.13 ,-12.40 ,-0.08 ,-0.57 ,0.38  ,0.20  ,0.19  ,0.10  ,-0.13 ,-0.26
327 T 11.0 0.64 30.27 ,-14.66 ,-0.10 ,-0.59 ,0.33  ,0.30  ,0.17  ,0.20  ,-0.11 ,-0.26
328 T 11.0 0.64 45.40 ,-14.03 ,-0.11 ,-0.60 ,0.22  ,0.33  ,0.06  ,0.32  ,0.01  ,-0.20
329 T 11.0 0.64 60.53 ,-12.37 ,-0.12 ,-0.53 ,0.05  ,0.29  ,-0.10 ,0.42  ,0.19  ,-0.02
330 T 11.0 0.64 75.67 ,-11.31 ,-0.10 ,-0.38 ,-0.07 ,0.21  ,-0.19 ,0.41  ,0.30  ,0.16
331 T 11.0 0.64 90.00 ,-8.63  ,-0.09 ,-0.31 ,-0.09 ,0.17  ,-0.20 ,0.37  ,0.30  ,0.19
332 T 11.0 0.87 0.00  ,-9.77  ,-0.03 ,-0.37 ,0.22  ,-0.49 ,-0.13 ,-0.20 ,0.09  ,-0.24
333 T 11.0 0.87 12.49 ,-11.83 ,-0.07 ,-0.59 ,0.37  ,-0.13 ,0.01  ,-0.10 ,-0.11 ,-0.34
334 T 11.0 0.87 24.99 ,-13.87 ,-0.09 ,-0.59 ,0.35  ,0.25  ,0.09  ,0.04  ,-0.22 ,-0.32
335 T 11.0 0.87 37.48 ,-14.89 ,-0.11 ,-0.59 ,0.27  ,0.38  ,0.02  ,0.12  ,-0.20 ,-0.29
336 T 11.0 0.87 49.98 ,-13.11 ,-0.12 ,-0.56 ,0.15  ,0.43  ,-0.13 ,0.18  ,-0.09 ,-0.19
337 T 11.0 0.87 62.47 ,-11.70 ,-0.12 ,-0.47 ,0.01  ,0.42  ,-0.30 ,0.23  ,0.08  ,0.01
338 T 11.0 0.87 74.96 ,-11.46 ,-0.10 ,-0.34 ,-0.08 ,0.34  ,-0.38 ,0.22  ,0.19  ,0.18
339 T 11.0 0.87 87.46 ,-8.62  ,-0.09 ,-0.26 ,-0.10 ,0.27  ,-0.36 ,0.19  ,0.20  ,0.23
340 T 11.0 0.87 90.00 ,-8.48  ,-0.09 ,-0.26 ,-0.10 ,0.27  ,-0.36 ,0.19  ,0.20  ,0.23
341 T 11.0 1.15 0.00  ,-8.99  ,-0.03 ,-0.35 ,0.18  ,-0.47 ,-0.19 ,-0.21 ,-0.02 ,-0.25
342 T 11.0 1.15 10.83 ,-10.58 ,-0.04 ,-0.41 ,0.20  ,-0.43 ,-0.19 ,-0.21 ,-0.06 ,-0.28
343 T 11.0 1.15 21.65 ,-11.97 ,-0.07 ,-0.52 ,0.24  ,-0.26 ,-0.19 ,-0.18 ,-0.18 ,-0.34
344 T 11.0 1.15 32.48 ,-11.67 ,-0.09 ,-0.55 ,0.22  ,-0.01 ,-0.22 ,-0.11 ,-0.25 ,-0.32
345 T 11.0 1.15 43.30 ,-11.13 ,-0.10 ,-0.52 ,0.14  ,0.19  ,-0.31 ,-0.06 ,-0.24 ,-0.23
346 T 11.0 1.15 54.13 ,-10.35 ,-0.11 ,-0.45 ,0.03  ,0.30  ,-0.43 ,-0.02 ,-0.16 ,-0.07
347 T 11.0 1.15 64.96 ,-10.86 ,-0.10 ,-0.37 ,-0.05 ,0.33  ,-0.54 ,-0.00 ,-0.05 ,0.12
348 T 11.0 1.15 75.78 ,-10.99 ,-0.09 ,-0.27 ,-0.10 ,0.30  ,-0.55 ,0.01  ,0.04  ,0.24
349 T 11.0 1.15 86.61 ,-8.55  ,-0.08 ,-0.21 ,-0.10 ,0.26  ,-0.50 ,0.01  ,0.06  ,0.27
350 T 11.0 1.15 90.00 ,-8.31  ,-0.07 ,-0.21 ,-0.10 ,0.26  ,-0.50 ,0.01  ,0.07  ,0.27
351 T 11.0 1.56 0.00  ,-6.70  ,-0.03 ,-0.29 ,0.10  ,-0.38 ,-0.24 ,-0.20 ,-0.14 ,-0.21
352 T 11.0 1.56 9.73  ,-7.99  ,-0.04 ,-0.31 ,0.10  ,-0.37 ,-0.26 ,-0.21 ,-0.17 ,-0.22
353 T 11.0 1.56 19.45 ,-10.30 ,-0.05 ,-0.36 ,0.10  ,-0.33 ,-0.30 ,-0.22 ,-0.22 ,-0.23
354 T 11.0 1.56 29.18 ,-10.92 ,-0.06 ,-0.39 ,0.09  ,-0.23 ,-0.37 ,-0.22 ,-0.28 ,-0.22
355 T 11.0 1.56 38.90 ,-10.12 ,-0.07 ,-0.39 ,0.05  ,-0.09 ,-0.45 ,-0.21 ,-0.31 ,-0.15
356 T 11.0 1.56 48.63 ,-9.46  ,-0.08 ,-0.36 ,0.00  ,0.04  ,-0.53 ,-0.19 ,-0.29 ,-0.04
357 T 11.0 1.56 58.35 ,-9.78  ,-0.08 ,-0.31 ,-0.05 ,0.14  ,-0.61 ,-0.18 ,-0.23 ,0.10
358 T 11.0 1.56 68.08 ,-10.98 ,-0.07 ,-0.25 ,-0.08 ,0.20  ,-0.64 ,-0.16 ,-0.16 ,0.22
359 T 11.0 1.56 77.81 ,-10.14 ,-0.06 ,-0.19 ,-0.09 ,0.20  ,-0.60 ,-0.14 ,-0.09 ,0.27
360 T 11.0 1.56 87.53 ,-8.30  ,-0.06 ,-0.16 ,-0.09 ,0.19  ,-0.55 ,-0.12 ,-0.06 ,0.28
361 T 11.0 1.56 90.00 ,-8.19  ,-0.06 ,-0.16 ,-0.09 ,0.19  ,-0.55 ,-0.12 ,-0.06 ,0.28
362 T 11.0 2.19 0.00  ,-4.13  ,-0.02 ,-0.19 ,0.03  ,-0.24 ,-0.25 ,-0.16 ,-0.21 ,-0.12
363 T 11.0 2.19 9.00  ,-4.96  ,-0.02 ,-0.20 ,0.02  ,-0.24 ,-0.26 ,-0.17 ,-0.22 ,-0.12
364 T 11.0 2.19 18.00 ,-6.84  ,-0.03 ,-0.21 ,0.02  ,-0.22 ,-0.30 ,-0.18 ,-0.24 ,-0.11
365 T 11.0 2.19 27.00 ,-8.37  ,-0.03 ,-0.23 ,0.01  ,-0.20 ,-0.36 ,-0.20 ,-0.28 ,-0.09
366 T 11.0 2.19 36.00 ,-8.67  ,-0.04 ,-0.23 ,-0.00 ,-0.14 ,-0.43 ,-0.21 ,-0.30 ,-0.05
367 T 11.0 2.19 45.00 ,-8.35  ,-0.04 ,-0.23 ,-0.02 ,-0.07 ,-0.49 ,-0.22 ,-0.30 ,0.02
368 T 11.0 2.19 54.00 ,-8.58  ,-0.05 ,-0.20 ,-0.04 ,0.00  ,-0.54 ,-0.22 ,-0.27 ,0.10
369 T 11.0 2.19 63.00 ,-9.47  ,-0.05 ,-0.17 ,-0.06 ,0.06  ,-0.56 ,-0.21 ,-0.23 ,0.17
370 T 11.0 2.19 72.00 ,-9.43  ,-0.04 ,-0.14 ,-0.07 ,0.09  ,-0.54 ,-0.19 ,-0.18 ,0.22
371 T 11.0 2.19 81.00 ,-8.07  ,-0.04 ,-0.12 ,-0.07 ,0.10  ,-0.50 ,-0.17 ,-0.14 ,0.23
372 T 11.0 2.19 90.00 ,-7.26  ,-0.04 ,-0.11 ,-0.06 ,0.11  ,-0.48 ,-0.16 ,-0.13 ,0.23
373 T 11.0 3.41 0.00  ,-0.16  ,-0.01 ,-0.10 ,-0.00 ,-0.12 ,-0.20 ,-0.12 ,-0.18 ,-0.04
374 T 11.0 3.41 9.00  ,-0.49  ,-0.01 ,-0.10 ,-0.00 ,-0.12 ,-0.21 ,-0.12 ,-0.18 ,-0.04
375 T 11.0 3.41 18.00 ,-1.31  ,-0.02 ,-0.11 ,-0.01 ,-0.12 ,-0.23 ,-0.13 ,-0.19 ,-0.03
376 T 11.0 3.41 27.00 ,-2.19  ,-0.02 ,-0.11 ,-0.01 ,-0.10 ,-0.27 ,-0.14 ,-0.21 ,-0.01
377 T 11.0 3.41 36.00 ,-2.74  ,-0.02 ,-0.12 ,-0.02 ,-0.09 ,-0.31 ,-0.16 ,-0.22 ,0.01
378 T 11.0 3.41 45.00 ,-2.98  ,-0.02 ,-0.12 ,-0.03 ,-0.06 ,-0.36 ,-0.17 ,-0.22 ,0.05
379 T 11.0 3.41 54.00 ,-3.29  ,-0.02 ,-0.11 ,-0.04 ,-0.02 ,-0.39 ,-0.17 ,-0.21 ,0.10
380 T 11.0 3.41 63.00 ,-3.50  ,-0.02 ,-0.09 ,-0.04 ,0.01  ,-0.39 ,-0.16 ,-0.18 ,0.13
381 T 11.0 3.41 72.00 ,-3.15  ,-0.02 ,-0.08 ,-0.04 ,0.04  ,-0.37 ,-0.15 ,-0.15 ,0.15
382 T 11.0 3.41 81.00 ,-2.50  ,-0.02 ,-0.07 ,-0.04 ,0.05  ,-0.35 ,-0.14 ,-0.13 ,0.16
383 T 11.0 3.41 90.00 ,-2.19  ,-0.02 ,-0.06 ,-0.04 ,0.05  ,-0.34 ,-0.13 ,-0.12 ,0.16
384 T 11.0 6.96 0.00  ,7.62   ,-0.01 ,-0.06 ,-0.01 ,-0.06 ,-0.15 ,-0.08 ,-0.13 ,-0.01
385 T 11.0 6.96 9.00  ,7.55   ,-0.01 ,-0.06 ,-0.01 ,-0.06 ,-0.15 ,-0.08 ,-0.13 ,-0.01
386 T 11.0 6.96 18.00 ,7.35   ,-0.01 ,-0.06 ,-0.01 ,-0.06 ,-0.16 ,-0.09 ,-0.13 ,-0.00
387 T 11.0 6.96 27.00 ,7.01   ,-0.01 ,-0.06 ,-0.01 ,-0.06 ,-0.19 ,-0.10 ,-0.14 ,0.01
388 T 11.0 6.96 36.00 ,6.56   ,-0.01 ,-0.07 ,-0.02 ,-0.05 ,-0.22 ,-0.11 ,-0.15 ,0.03
389 T 11.0 6.96 45.00 ,6.08   ,-0.01 ,-0.07 ,-0.02 ,-0.04 ,-0.25 ,-0.12 ,-0.15 ,0.05
390 T 11.0 6.96 54.00 ,5.83   ,-0.01 ,-0.06 ,-0.02 ,-0.02 ,-0.27 ,-0.12 ,-0.15 ,0.08
391 T 11.0 6.96 63.00 ,5.98   ,-0.01 ,-0.06 ,-0.02 ,0.00  ,-0.26 ,-0.11 ,-0.13 ,0.09
392 T 11.0 6.96 72.00 ,6.32   ,-0.01 ,-0.05 ,-0.02 ,0.01  ,-0.25 ,-0.10 ,-0.11 ,0.10
393 T 11.0 6.96 81.00 ,6.60   ,-0.01 ,-0.04 ,-0.02 ,0.02  ,-0.24 ,-0.10 ,-0.10 ,0.10
394 T 11.0 6.96 90.00 ,6.70   ,-0.01 ,-0.04 ,-0.02 ,0.02  ,-0.23 ,-0.09 ,-0.09 ,0.11
395 T 12.0 0.00 0.00  ,-3.55  ,-0.02 ,-0.15 ,0.02  ,-0.25 ,-0.02 ,0.26  ,0.24  ,0.11
396 T 12.0 0.13 0.00  ,-6.91  ,-0.02 ,-0.21 ,0.06  ,-0.33 ,-0.03 ,0.25  ,0.29  ,0.08
397 T 12.0 0.13 57.46 ,-8.21  ,-0.02 ,-0.20 ,0.04  ,-0.29 ,-0.03 ,0.31  ,0.30  ,0.12
398 T 12.0 0.13 90.00 ,-7.62  ,-0.02 ,-0.19 ,0.02  ,-0.27 ,-0.03 ,0.32  ,0.29  ,0.13
399 T 12.0 0.27 0.00  ,-7.18  ,-0.03 ,-0.29 ,0.17  ,-0.44 ,-0.06 ,0.10  ,0.34  ,-0.02
400 T 12.0 0.27 28.98 ,-10.51 ,-0.03 ,-0.33 ,0.17  ,-0.43 ,-0.05 ,0.21  ,0.38  ,0.03
401 T 12.0 0.27 57.96 ,-12.69 ,-0.04 ,-0.32 ,0.09  ,-0.34 ,-0.04 ,0.43  ,0.41  ,0.14
402 T 12.0 0.27 86.93 ,-9.39  ,-0.03 ,-0.25 ,0.03  ,-0.24 ,-0.04 ,0.45  ,0.37  ,0.19
403 T 12.0 0.27 90.00 ,-9.33  ,-0.03 ,-0.25 ,0.03  ,-0.24 ,-0.04 ,0.45  ,0.37  ,0.19
404 T 12.0 0.41 0.00  ,-9.05  ,-0.02 ,-0.32 ,0.26  ,-0.47 ,-0.07 ,-0.11 ,0.33  ,-0.11
405 T 12.0 0.41 19.60 ,-11.39 ,-0.04 ,-0.41 ,0.33  ,-0.42 ,-0.02 ,-0.02 ,0.33  ,-0.09
406 T 12.0 0.41 39.20 ,-11.66 ,-0.05 ,-0.49 ,0.31  ,-0.26 ,0.02  ,0.24  ,0.33  ,-0.00
407 T 12.0 0.41 58.80 ,-11.75 ,-0.06 ,-0.43 ,0.16  ,-0.15 ,-0.04 ,0.49  ,0.40  ,0.14
408 T 12.0 0.41 78.39 ,-10.07 ,-0.04 ,-0.29 ,0.03  ,-0.09 ,-0.08 ,0.51  ,0.40  ,0.22
409 T 12.0 0.41 90.00 ,-8.58  ,-0.04 ,-0.26 ,0.01  ,-0.08 ,-0.09 ,0.49  ,0.38  ,0.22
410 T 12.0 0.58 0.00  ,-9.87  ,-0.02 ,-0.32 ,0.31  ,-0.46 ,-0.08 ,-0.24 ,0.30  ,-0.16
411 T 12.0 0.58 15.00 ,-11.92 ,-0.05 ,-0.53 ,0.52  ,-0.13 ,0.14  ,-0.09 ,0.10  ,-0.09
412 T 12.0 0.58 30.00 ,-13.26 ,-0.06 ,-0.55 ,0.49  ,0.13  ,0.20  ,0.11  ,0.00  ,-0.04
413 T 12.0 0.58 45.00 ,-12.38 ,-0.07 ,-0.54 ,0.37  ,0.18  ,0.10  ,0.30  ,0.09  ,0.01
414 T 12.0 0.58 60.00 ,-11.04 ,-0.07 ,-0.45 ,0.19  ,0.17  ,-0.07 ,0.46  ,0.25  ,0.13
415 T 12.0 0.58 75.00 ,-11.05 ,-0.06 ,-0.32 ,0.04  ,0.12  ,-0.17 ,0.48  ,0.34  ,0.24
416 T 12.0 0.58 90.00 ,-8.31  ,-0.05 ,-0.25 ,-0.00 ,0.09  ,-0.18 ,0.43  ,0.33  ,0.25
417 T 12.0 0.77 0.00  ,-9.92  ,-0.02 ,-0.32 ,0.31  ,-0.44 ,-0.10 ,-0.30 ,0.25  ,-0.19
418 T 12.0 0.77 12.32 ,-12.35 ,-0.05 ,-0.48 ,0.52  ,0.23  ,0.25  ,-0.05 ,-0.20 ,-0.03
419 T 12.0 0.77 24.64 ,-15.14 ,-0.06 ,-0.49 ,0.50  ,0.34  ,0.25  ,0.04  ,-0.24 ,-0.03
420 T 12.0 0.77 36.96 ,-15.38 ,-0.07 ,-0.52 ,0.45  ,0.39  ,0.16  ,0.13  ,-0.20 ,-0.04
421 T 12.0 0.77 49.28 ,-12.59 ,-0.07 ,-0.50 ,0.32  ,0.40  ,-0.01 ,0.24  ,-0.08 ,0.01
422 T 12.0 0.77 61.60 ,-10.65 ,-0.07 ,-0.42 ,0.15  ,0.35  ,-0.21 ,0.34  ,0.10  ,0.14
423 T 12.0 0.77 73.92 ,-11.24 ,-0.06 ,-0.30 ,0.02  ,0.27  ,-0.32 ,0.35  ,0.22  ,0.27
424 T 12.0 0.77 86.24 ,-8.53  ,-0.05 ,-0.22 ,-0.02 ,0.21  ,-0.31 ,0.31  ,0.23  ,0.28
425 T 12.0 0.77 90.00 ,-8.20  ,-0.05 ,-0.22 ,-0.03 ,0.20  ,-0.31 ,0.30  ,0.23  ,0.28
426 T 12.0 1.00 0.00  ,-9.55  ,-0.02 ,-0.31 ,0.29  ,-0.44 ,-0.14 ,-0.32 ,0.18  ,-0.21
427 T 12.0 1.00 10.61 ,-11.24 ,-0.03 ,-0.40 ,0.38  ,-0.36 ,-0.11 ,-0.32 ,0.10  ,-0.22
428 T 12.0 1.00 21.21 ,-12.11 ,-0.05 ,-0.52 ,0.48  ,-0.09 ,-0.02 ,-0.23 ,-0.10 ,-0.20
429 T 12.0 1.00 31.82 ,-12.58 ,-0.06 ,-0.53 ,0.44  ,0.15  ,-0.03 ,-0.10 ,-0.22 ,-0.16
430 T 12.0 1.00 42.43 ,-11.85 ,-0.07 ,-0.49 ,0.34  ,0.29  ,-0.13 ,0.01  ,-0.23 ,-0.09
431 T 12.0 1.00 53.03 ,-10.26 ,-0.07 ,-0.43 ,0.20  ,0.34  ,-0.29 ,0.09  ,-0.15 ,0.03
432 T 12.0 1.00 63.64 ,-9.95  ,-0.06 ,-0.34 ,0.08  ,0.34  ,-0.44 ,0.14  ,-0.03 ,0.19
433 T 12.0 1.00 74.25 ,-11.06 ,-0.06 ,-0.26 ,-0.01 ,0.30  ,-0.50 ,0.15  ,0.07  ,0.30
434 T 12.0 1.00 84.85 ,-8.77  ,-0.04 ,-0.19 ,-0.04 ,0.24  ,-0.46 ,0.14  ,0.10  ,0.32
435 T 12.0 1.00 90.00 ,-8.13  ,-0.04 ,-0.18 ,-0.04 ,0.23  ,-0.45 ,0.14  ,0.10  ,0.31
436 T 12.0 1.30 0.00  ,-7.74  ,-0.02 ,-0.29 ,0.23  ,-0.39 ,-0.21 ,-0.29 ,0.05  ,-0.22
437 T 12.0 1.30 9.45  ,-9.27  ,-0.03 ,-0.31 ,0.25  ,-0.38 ,-0.22 ,-0.30 ,0.02  ,-0.23
438 T 12.0 1.30 18.91 ,-11.37 ,-0.04 ,-0.38 ,0.29  ,-0.32 ,-0.25 ,-0.31 ,-0.06 ,-0.25
439 T 12.0 1.30 28.36 ,-11.13 ,-0.05 ,-0.42 ,0.30  ,-0.18 ,-0.29 ,-0.27 ,-0.17 ,-0.22
440 T 12.0 1.30 37.81 ,-10.15 ,-0.05 ,-0.41 ,0.24  ,-0.01 ,-0.35 ,-0.20 ,-0.25 ,-0.15
441 T 12.0 1.30 47.27 ,-9.36  ,-0.05 ,-0.37 ,0.16  ,0.12  ,-0.44 ,-0.14 ,-0.25 ,-0.03
442 T 12.0 1.30 56.72 ,-9.03  ,-0.05 ,-0.31 ,0.08  ,0.20  ,-0.55 ,-0.09 ,-0.21 ,0.12
443 T 12.0 1.30 66.17 ,-10.07 ,-0.05 ,-0.25 ,0.01  ,0.24  ,-0.63 ,-0.05 ,-0.13 ,0.26
444 T 12.0 1.30 75.63 ,-10.79 ,-0.04 ,-0.19 ,-0.03 ,0.23  ,-0.61 ,-0.03 ,-0.07 ,0.33
445 T 12.0 1.30 85.08 ,-8.63  ,-0.04 ,-0.15 ,-0.05 ,0.20  ,-0.55 ,-0.02 ,-0.03 ,0.33
446 T 12.0 1.30 90.00 ,-8.10  ,-0.04 ,-0.14 ,-0.05 ,0.20  ,-0.54 ,-0.02 ,-0.03 ,0.33
447 T 12.0 1.73 0.00  ,-5.10  ,-0.02 ,-0.21 ,0.13  ,-0.28 ,-0.26 ,-0.24 ,-0.09 ,-0.17
448 T 12.0 1.73 9.00  ,-6.39  ,-0.02 ,-0.22 ,0.13  ,-0.28 ,-0.27 ,-0.25 ,-0.11 ,-0.18
449 T 12.0 1.73 18.00 ,-8.92  ,-0.02 ,-0.25 ,0.14  ,-0.27 ,-0.32 ,-0.26 ,-0.16 ,-0.18
450 T 12.0 1.73 27.00 ,-10.08 ,-0.03 ,-0.28 ,0.14  ,-0.22 ,-0.39 ,-0.27 ,-0.22 ,-0.16
451 T 12.0 1.73 36.00 ,-9.60  ,-0.03 ,-0.28 ,0.11  ,-0.13 ,-0.46 ,-0.26 ,-0.27 ,-0.10
452 T 12.0 1.73 45.00 ,-8.95  ,-0.04 ,-0.26 ,0.07  ,-0.03 ,-0.54 ,-0.24 ,-0.29 ,0.00
453 T 12.0 1.73 54.00 ,-8.88  ,-0.04 ,-0.23 ,0.03  ,0.05  ,-0.61 ,-0.21 ,-0.27 ,0.12
454 T 12.0 1.73 63.00 ,-9.90  ,-0.04 ,-0.19 ,-0.01 ,0.11  ,-0.65 ,-0.18 ,-0.23 ,0.23
455 T 12.0 1.73 72.00 ,-10.86 ,-0.03 ,-0.15 ,-0.03 ,0.14  ,-0.64 ,-0.15 ,-0.18 ,0.30
456 T 12.0 1.73 81.00 ,-9.38  ,-0.03 ,-0.12 ,-0.04 ,0.14  ,-0.58 ,-0.13 ,-0.14 ,0.31
457 T 12.0 1.73 90.00 ,-8.09  ,-0.03 ,-0.11 ,-0.04 ,0.14  ,-0.55 ,-0.12 ,-0.12 ,0.30
458 T 12.0 2.41 0.00  ,-3.35  ,-0.01 ,-0.13 ,0.05  ,-0.16 ,-0.25 ,-0.17 ,-0.16 ,-0.09
459 T 12.0 2.41 9.00  ,-4.25  ,-0.01 ,-0.13 ,0.05  ,-0.16 ,-0.26 ,-0.18 ,-0.17 ,-0.09
460 T 12.0 2.41 18.00 ,-6.27  ,-0.01 ,-0.14 ,0.05  ,-0.16 ,-0.30 ,-0.19 ,-0.19 ,-0.08
461 T 12.0 2.41 27.00 ,-7.92  ,-0.02 ,-0.15 ,0.04  ,-0.14 ,-0.35 ,-0.21 ,-0.22 ,-0.06
462 T 12.0 2.41 36.00 ,-8.28  ,-0.02 ,-0.15 ,0.03  ,-0.10 ,-0.42 ,-0.22 ,-0.25 ,-0.01
463 T 12.0 2.41 45.00 ,-8.02  ,-0.02 ,-0.15 ,0.02  ,-0.05 ,-0.48 ,-0.22 ,-0.26 ,0.05
464 T 12.0 2.41 54.00 ,-8.32  ,-0.02 ,-0.14 ,-0.00 ,-0.00 ,-0.52 ,-0.21 ,-0.25 ,0.13
465 T 12.0 2.41 63.00 ,-9.33  ,-0.02 ,-0.12 ,-0.02 ,0.04  ,-0.54 ,-0.19 ,-0.23 ,0.20
466 T 12.0 2.41 72.00 ,-9.43  ,-0.02 ,-0.10 ,-0.03 ,0.06  ,-0.51 ,-0.17 ,-0.19 ,0.23
467 T 12.0 2.41 81.00 ,-8.09  ,-0.02 ,-0.08 ,-0.03 ,0.07  ,-0.47 ,-0.15 ,-0.16 ,0.24
468 T 12.0 2.41 90.00 ,-7.26  ,-0.02 ,-0.07 ,-0.03 ,0.07  ,-0.45 ,-0.14 ,-0.15 ,0.24
469 T 12.0 3.73 0.00  ,-0.00  ,-0.01 ,-0.07 ,0.01  ,-0.08 ,-0.19 ,-0.11 ,-0.14 ,-0.03
470 T 12.0 3.73 9.00  ,-0.35  ,-0.01 ,-0.07 ,0.01  ,-0.08 ,-0.20 ,-0.12 ,-0.14 ,-0.03
471 T 12.0 3.73 18.00 ,-1.20  ,-0.01 ,-0.07 ,0.01  ,-0.08 ,-0.22 ,-0.12 ,-0.15 ,-0.02
472 T 12.0 3.73 27.00 ,-2.10  ,-0.01 ,-0.07 ,0.01  ,-0.07 ,-0.25 ,-0.13 ,-0.16 ,-0.00
473 T 12.0 3.73 36.00 ,-2.65  ,-0.01 ,-0.08 ,0.00  ,-0.06 ,-0.29 ,-0.14 ,-0.18 ,0.02
474 T 12.0 3.73 45.00 ,-2.88  ,-0.01 ,-0.08 ,-0.00 ,-0.04 ,-0.33 ,-0.15 ,-0.19 ,0.06
475 T 12.0 3.73 54.00 ,-3.21  ,-0.01 ,-0.07 ,-0.01 ,-0.01 ,-0.36 ,-0.15 ,-0.18 ,0.10
476 T 12.0 3.73 63.00 ,-3.49  ,-0.01 ,-0.06 ,-0.01 ,0.01  ,-0.35 ,-0.14 ,-0.16 ,0.13
477 T 12.0 3.73 72.00 ,-3.19  ,-0.01 ,-0.05 ,-0.02 ,0.02  ,-0.33 ,-0.12 ,-0.14 ,0.15
478 T 12.0 3.73 81.00 ,-2.55  ,-0.01 ,-0.05 ,-0.02 ,0.03  ,-0.31 ,-0.11 ,-0.12 ,0.15
479 T 12.0 3.73 90.00 ,-2.23  ,-0.01 ,-0.04 ,-0.02 ,0.03  ,-0.30 ,-0.11 ,-0.12 ,0.15
480 T 12.0 7.60 0.00  ,7.60   ,-0.00 ,-0.04 ,0.00  ,-0.04 ,-0.13 ,-0.07 ,-0.10 ,-0.01
481 T 12.0 7.60 9.00  ,7.53   ,-0.00 ,-0.04 ,0.00  ,-0.04 ,-0.14 ,-0.08 ,-0.10 ,-0.01
482 T 12.0 7.60 18.00 ,7.34   ,-0.00 ,-0.04 ,0.00  ,-0.04 ,-0.15 ,-0.08 ,-0.10 ,0.00
483 T 12.0 7.60 27.00 ,7.02   ,-0.00 ,-0.04 ,0.00  ,-0.04 ,-0.17 ,-0.09 ,-0.11 ,0.01
484 T 12.0 7.60 36.00 ,6.59   ,-0.01 ,-0.04 ,-0.00 ,-0.03 ,-0.19 ,-0.09 ,-0.12 ,0.03
485 T 12.0 7.60 45.00 ,6.12   ,-0.01 ,-0.04 ,-0.00 ,-0.02 ,-0.22 ,-0.10 ,-0.13 ,0.05
486 T 12.0 7.60 54.00 ,5.87   ,-0.01 ,-0.04 ,-0.01 ,-0.01 ,-0.24 ,-0.10 ,-0.12 ,0.07
487 T 12.0 7.60 63.00 ,5.99   ,-0.01 ,-0.04 ,-0.01 ,0.00  ,-0.23 ,-0.10 ,-0.11 ,0.09
488 T 12.0 7.60 72.00 ,6.30   ,-0.01 ,-0.03 ,-0.01 ,0.01  ,-0.22 ,-0.09 ,-0.10 ,0.10
489 T 12.0 7.60 81.00 ,6.57   ,-0.01 ,-0.03 ,-0.01 ,0.02  ,-0.21 ,-0.08 ,-0.09 ,0.10
490 T 12.0 7.60 90.00 ,6.67   ,-0.01 ,-0.03 ,-0.01 ,0.02  ,-0.20 ,-0.08 ,-0.09 ,0.10
